1.7594 	WARNING 	We strongly recommend you activate the PTB sound engine in PsychoPy prefs as the preferred audio engine. Its timing is vastly superior. Your prefs are currently set to use ['sounddevice', 'PTB', 'pyo', 'pygame'] (in that order).
8.4968 	EXP 	Created window1 = Window(allowGUI=True, allowStencil=False, autoLog=True, backendConf=UNKNOWN, bitsMode=UNKNOWN, blendMode='avg', bpc=(8, 8, 8), color=array([0, 0, 0]), colorSpace='rgb', depthBits=8, fullscr=<method-wrapper '__getattribute__' of attributeSetter object at 0x7fd9f76a2fa0>, gamma=None, gammaErrorPolicy='raise', lms=UNKNOWN, monitor=<psychopy.monitors.calibTools.Monitor object at 0x7fd9c8eea700>, multiSample=False, name='window1', numSamples=2, pos=[384.0, 240.0], screen=0, size=array([3072, 1920]), stencilBits=0, stereo=False, units='height', useFBO=True, useRetina=True, viewOri=0.0, viewPos=None, viewScale=None, waitBlanking=True, winType='pyglet')
8.4970 	EXP 	window1: mouseVisible = True
8.4979 	EXP 	window1: mouseVisible = False
8.4979 	EXP 	window1: Attempting to measure frame rate of screen (0) ...
8.4979 	EXP 	window1: recordFrameIntervals = False
8.6630 	EXP 	window1: recordFrameIntervals = True
8.8969 	EXP 	Screen (0) actual frame rate measured at 60.11Hz
8.8969 	EXP 	window1: recordFrameIntervals = False
11.1854 	EXP 	Created intro_text2 = TextStim(__class__=<class 'psychopy.visual.text.TextStim'>, alignHoriz=method-wrapper(...), alignText='center', alignVert=method-wrapper(...), anchorHoriz='center', anchorVert='center', antialias=True, autoDraw=False, autoLog=True, bold=False, color=array([1, 1, 1]), colorSpace='rgb', contrast=1.0, depth=0.0, flipHoriz=False, flipVert=False, font='Arial', fontFiles=[], height=0.04, italic=False, languageStyle='LTR', name='intro_text2', opacity=1.0, ori=0, pos=array([0., 0.]), rgb=UNKNOWN, text=str(...), units='height', win=Window(...), wrapWidth=1)
11.1919 	EXP 	Created info_sheet_image = ImageStim(__class__=<class 'psychopy.visual.image.ImageStim'>, anchor=('center', 'center'), autoLog=True, color=array([1, 1, 1]), colorSpace='rgb', contrast=1.0, depth=-2.0, flipHoriz=False, flipVert=False, image='sin', interpolate=True, mask=None, maskParams=None, name='info_sheet_image', opacity=1.0, ori=0.0, pos=array([0. , 0.1]), size=array([1.05, 0.7 ]), texRes=512, units='height', win=Window(...))
11.1930 	EXP 	Created counter = TextStim(__class__=<class 'psychopy.visual.text.TextStim'>, alignHoriz=method-wrapper(...), alignText='center', alignVert=method-wrapper(...), anchorHoriz='center', anchorVert='center', antialias=True, autoDraw=False, autoLog=True, bold=False, color=array([1, 1, 1]), colorSpace='rgb', contrast=1.0, depth=-4.0, flipHoriz=False, flipVert=False, font='Arial', fontFiles=[], height=0.03, italic=False, languageStyle='LTR', name='counter', opacity=1.0, ori=0, pos=array([ 0.  , -0.29]), rgb=UNKNOWN, text='', units='height', win=Window(...), wrapWidth=1)
11.2098 	EXP 	Created move_text = TextStim(__class__=<class 'psychopy.visual.text.TextStim'>, alignHoriz=method-wrapper(...), alignText='center', alignVert=method-wrapper(...), anchorHoriz='center', anchorVert='center', antialias=True, autoDraw=False, autoLog=True, bold=False, color=array([1, 1, 1]), colorSpace='rgb', contrast=1.0, depth=-5.0, flipHoriz=False, flipVert=False, font='Arial', fontFiles=[], height=0.035, italic=False, languageStyle='LTR', name='move_text', opacity=1.0, ori=0, pos=array([ 0.  , -0.35]), rgb=UNKNOWN, text=str(...), units='height', win=Window(...), wrapWidth=1)
11.2369 	EXP 	Created info_sheet_next = TextStim(__class__=<class 'psychopy.visual.text.TextStim'>, alignHoriz=method-wrapper(...), alignText='center', alignVert=method-wrapper(...), anchorHoriz='center', anchorVert='center', antialias=True, autoDraw=False, autoLog=True, bold=False, color=array([1, 1, 1]), colorSpace='rgb', contrast=1.0, depth=-6.0, flipHoriz=False, flipVert=False, font='Arial', fontFiles=[], height=0.025, italic=False, languageStyle='LTR', name='info_sheet_next', opacity=1.0, ori=0, pos=array([ 0.  , -0.43]), rgb=UNKNOWN, text=str(...), units='height', win=Window(...), wrapWidth=1.1)
11.2466 	EXP 	Created study_title = TextStim(__class__=<class 'psychopy.visual.text.TextStim'>, alignHoriz=method-wrapper(...), alignText='center', alignVert=method-wrapper(...), anchorHoriz='center', anchorVert='center', antialias=True, autoDraw=False, autoLog=True, bold=False, color=array([1, 1, 1]), colorSpace='rgb', contrast=1.0, depth=0.0, flipHoriz=False, flipVert=False, font='Arial', fontFiles=[], height=0.029999999999999995, italic=False, languageStyle='LTR', name='study_title', opacity=1.0, ori=0, pos=array([0. , 0.4]), rgb=UNKNOWN, text='Decision-Making With Maps', units='height', win=Window(...), wrapWidth=1)
11.2473 	EXP 	Created item_text = TextStim(__class__=<class 'psychopy.visual.text.TextStim'>, alignHoriz=method-wrapper(...), alignText='center', alignVert=method-wrapper(...), anchorHoriz='center', anchorVert='center', antialias=True, autoDraw=False, autoLog=True, bold=False, color=array([1, 1, 1]), colorSpace='rgb', contrast=1.0, depth=-1.0, flipHoriz=False, flipVert=False, font='Arial', fontFiles=[], height=0.04, italic=False, languageStyle='LTR', name='item_text', opacity=1.0, ori=0, pos=array([0. , 0.1]), rgb=UNKNOWN, text='', units='height', win=Window(...), wrapWidth=1)
11.2703 	EXP 	Created keypress_instructions = TextStim(__class__=<class 'psychopy.visual.text.TextStim'>, alignHoriz=method-wrapper(...), alignText='center', alignVert=method-wrapper(...), anchorHoriz='center', anchorVert='center', antialias=True, autoDraw=False, autoLog=True, bold=False, color=array([1, 1, 1]), colorSpace='rgb', contrast=1.0, depth=-2.0, flipHoriz=False, flipVert=False, font='Arial', fontFiles=[], height=0.025, italic=False, languageStyle='LTR', name='keypress_instructions', opacity=1.0, ori=0, pos=array([ 0. , -0.3]), rgb=UNKNOWN, text=str(...), units='height', win=Window(...), wrapWidth=1)
11.2862 	EXP 	Created age = TextStim(__class__=<class 'psychopy.visual.text.TextStim'>, alignHoriz=method-wrapper(...), alignText='center', alignVert=method-wrapper(...), anchorHoriz='center', anchorVert='center', antialias=True, autoDraw=False, autoLog=True, bold=False, color=array([1, 1, 1]), colorSpace='rgb', contrast=1.0, depth=-1.0, flipHoriz=False, flipVert=False, font='Arial', fontFiles=[], height=0.029999999999999995, italic=False, languageStyle='LTR', name='age', opacity=1.0, ori=0.0, pos=array([0.  , 0.28]), rgb=UNKNOWN, text='Please enter your age (in years):', units='height', win=Window(...), wrapWidth=1)
11.2919 	EXP 	Created gender = TextStim(__class__=<class 'psychopy.visual.text.TextStim'>, alignHoriz=method-wrapper(...), alignText='center', alignVert=method-wrapper(...), anchorHoriz='center', anchorVert='center', antialias=True, autoDraw=False, autoLog=True, bold=False, color=array([1, 1, 1]), colorSpace='rgb', contrast=1.0, depth=-2.0, flipHoriz=False, flipVert=False, font='Arial', fontFiles=[], height=0.029999999999999995, italic=False, languageStyle='LTR', name='gender', opacity=1.0, ori=0.0, pos=array([0. , 0.1]), rgb=UNKNOWN, text='How would you describe your gender?', units='height', win=Window(...), wrapWidth=1)
11.3066 	EXP 	window1: mouseVisible = True
11.4116 	EXP 	Created genderResp1 = Slider(__class__=<class 'psychopy.visual.slider.Slider'>, autoDraw=False, autoLog=True, borderColor=None, color=None, colorSpace='rgb', depth=-3, fillColor=None, flip=True, font='Arial', granularity=1.0, labelColor=None, labelHeight=0.035, labelWrapWidth=None, labels=tuple(...), lineColor=None, markerColor=None, name='genderResp1', opacity=None, ori=0.0, pos=array([-0.19, -0.05]), readOnly=False, self=UNKNOWN, size=array([0.015, 0.15 ]), startValue=None, style='radio', styleTweaks=[], ticks=array([1, 2, 3, 4, 5]), units='height', win=Window(...))
11.4198 	EXP 	Created continue_box_2 = Rect(__class__=<class 'psychopy.visual.rect.Rect'>, anchor=('center', 'center'), autoDraw=False, autoLog=True, closeShape=True, color=method-wrapper(...), colorSpace='rgb', contrast=None, depth=-5.0, fillColor=array([-1, -1, -1]), fillColorSpace='rgb', fillRGB=array([-1, -1, -1]), interpolate=True, lineColor=array([1, 1, 1]), lineColorSpace='rgb', lineRGB=array([1, 1, 1]), lineWidth=1.0, name='continue_box_2', opacity=1.0, ori=0.0, pos=array([ 0. , -0.4]), size=array([0.17, 0.06]), units='height', vertices=ndarray(...), win=Window(...))
11.4252 	EXP 	Created continue_text_2 = TextStim(__class__=<class 'psychopy.visual.text.TextStim'>, alignHoriz=method-wrapper(...), alignText='center', alignVert=method-wrapper(...), anchorHoriz='center', anchorVert='center', antialias=True, autoDraw=False, autoLog=True, bold=False, color=array([1, 1, 1]), colorSpace='rgb', contrast=1.0, depth=-6.0, flipHoriz=False, flipVert=False, font='Arial', fontFiles=[], height=0.04, italic=False, languageStyle='LTR', name='continue_text_2', opacity=1.0, ori=0.0, pos=array([ 0. , -0.4]), rgb=UNKNOWN, text='Continue', units='height', win=Window(...), wrapWidth=1)
11.4253 	EXP 	window1: mouseVisible = True
11.4323 	EXP 	Created edu_text = TextStim(__class__=<class 'psychopy.visual.text.TextStim'>, alignHoriz=method-wrapper(...), alignText='center', alignVert=method-wrapper(...), anchorHoriz='center', anchorVert='center', antialias=True, autoDraw=False, autoLog=True, bold=False, color=array([-1, -1, -1]), colorSpace='rgb', contrast=1.0, depth=-1.0, flipHoriz=False, flipVert=False, font='Arial', fontFiles=[], height=0.029999999999999995, italic=False, languageStyle='LTR', name='edu_text', opacity=1.0, ori=0.0, pos=array([0. , 0.3]), rgb=UNKNOWN, text=str(...), units='height', win=Window(...), wrapWidth=1)
11.4345 	EXP 	window1: mouseVisible = True
11.5918 	EXP 	Created edu_slider = Slider(__class__=<class 'psychopy.visual.slider.Slider'>, autoDraw=False, autoLog=True, borderColor=None, color=None, colorSpace='rgb', depth=-2, fillColor=None, flip=False, font='Arial', granularity=1.0, labelColor=None, labelHeight=0.029999999999999995, labelWrapWidth=None, labels=list(...), lineColor=None, markerColor=None, name='edu_slider', opacity=None, ori=-0.0, pos=array([ 0.  , -0.05]), readOnly=False, self=UNKNOWN, size=array([0.03, 0.5 ]), startValue=None, style='radio', styleTweaks=[], ticks=array([1, 2, 3, 4, 5, 6, 7, 8]), units='height', win=Window(...))
11.6003 	EXP 	Created literacy_top = TextStim(__class__=<class 'psychopy.visual.text.TextStim'>, alignHoriz=method-wrapper(...), alignText='center', alignVert=method-wrapper(...), anchorHoriz='center', anchorVert='center', antialias=True, autoDraw=False, autoLog=True, bold=False, color=array([1, 1, 1]), colorSpace='rgb', contrast=1.0, depth=0.0, flipHoriz=False, flipVert=False, font='Arial', fontFiles=[], height=0.029999999999999995, italic=False, languageStyle='LTR', name='literacy_top', opacity=1.0, ori=0.0, pos=array([0. , 0.4]), rgb=UNKNOWN, text=str(...), units='height', win=Window(...), wrapWidth=1.3)
11.6134 	EXP 	Created questions_text = TextStim(__class__=<class 'psychopy.visual.text.TextStim'>, alignHoriz=method-wrapper(...), alignText='center', alignVert=method-wrapper(...), anchorHoriz='center', anchorVert='center', antialias=True, autoDraw=False, autoLog=True, bold=False, color=array([1, 1, 1]), colorSpace='rgb', contrast=1.0, depth=-1.0, flipHoriz=False, flipVert=False, font='Arial', fontFiles=[], height=0.029999999999999995, italic=False, languageStyle='LTR', name='questions_text', opacity=1.0, ori=0.0, pos=array([-0.4 , -0.05]), rgb=UNKNOWN, text=str(...), units='height', win=Window(...), wrapWidth=0.75)
11.6159 	EXP 	window1: mouseVisible = True
11.6652 	EXP 	Created q1_slider = Slider(__class__=<class 'psychopy.visual.slider.Slider'>, autoDraw=False, autoLog=True, borderColor=None, color=None, colorSpace='rgb', depth=-2, fillColor=None, flip=False, font='Arial', granularity=1.0, labelColor=None, labelHeight=0.022, labelWrapWidth=None, labels=['Not at \n all good', 'Extremely \n good'], lineColor=None, markerColor=None, name='q1_slider', opacity=None, ori=0.0, pos=array([0.39, 0.27]), readOnly=False, self=UNKNOWN, size=array([0.55, 0.03]), startValue=None, style='rating', styleTweaks=[], ticks=array([1, 2, 3, 4, 5, 6]), units='height', win=Window(...))
11.6675 	EXP 	window1: mouseVisible = True
11.6979 	EXP 	Created q2_slider = Slider(__class__=<class 'psychopy.visual.slider.Slider'>, autoDraw=False, autoLog=True, borderColor=None, color=None, colorSpace='rgb', depth=-3, fillColor=None, flip=False, font='Arial', granularity=1.0, labelColor=None, labelHeight=0.022, labelWrapWidth=None, labels=['Not at \n all good', 'Extremely \n good'], lineColor=None, markerColor=None, name='q2_slider', opacity=None, ori=0.0, pos=array([0.39, 0.13]), readOnly=False, self=UNKNOWN, size=array([0.55, 0.03]), startValue=None, style='rating', styleTweaks=[], ticks=array([1, 2, 3, 4, 5, 6]), units='height', win=Window(...))
11.7001 	EXP 	window1: mouseVisible = True
11.7297 	EXP 	Created q3_slider = Slider(__class__=<class 'psychopy.visual.slider.Slider'>, autoDraw=False, autoLog=True, borderColor=None, color=None, colorSpace='rgb', depth=-4, fillColor=None, flip=False, font='Arial', granularity=1.0, labelColor=None, labelHeight=0.022, labelWrapWidth=None, labels=['Not at \n all good', 'Extremely \n good'], lineColor=None, markerColor=None, name='q3_slider', opacity=None, ori=0.0, pos=array([ 0.39, -0.02]), readOnly=False, self=UNKNOWN, size=array([0.55, 0.03]), startValue=None, style='rating', styleTweaks=[], ticks=array([1, 2, 3, 4, 5, 6]), units='height', win=Window(...))
11.7319 	EXP 	window1: mouseVisible = True
11.7622 	EXP 	Created q4_slider = Slider(__class__=<class 'psychopy.visual.slider.Slider'>, autoDraw=False, autoLog=True, borderColor=None, color=None, colorSpace='rgb', depth=-5, fillColor=None, flip=False, font='Arial', granularity=1.0, labelColor=None, labelHeight=0.022, labelWrapWidth=None, labels=['Not at \n all good', 'Extremely \n good'], lineColor=None, markerColor=None, name='q4_slider', opacity=None, ori=0.0, pos=array([ 0.39, -0.16]), readOnly=False, self=UNKNOWN, size=array([0.55, 0.03]), startValue=None, style='rating', styleTweaks=[], ticks=array([1, 2, 3, 4, 5, 6]), units='height', win=Window(...))
11.7644 	EXP 	window1: mouseVisible = True
11.7938 	EXP 	Created q5_slider = Slider(__class__=<class 'psychopy.visual.slider.Slider'>, autoDraw=False, autoLog=True, borderColor=None, color=None, colorSpace='rgb', depth=-6, fillColor=None, flip=False, font='Arial', granularity=1.0, labelColor=None, labelHeight=0.022, labelWrapWidth=None, labels=['Not at \n all good', 'Extremely \n good'], lineColor=None, markerColor=None, name='q5_slider', opacity=None, ori=0.0, pos=array([ 0.39, -0.33]), readOnly=False, self=UNKNOWN, size=array([0.55, 0.03]), startValue=None, style='rating', styleTweaks=[], ticks=array([1, 2, 3, 4, 5, 6]), units='height', win=Window(...))
11.7945 	EXP 	Created slide_number = TextStim(__class__=<class 'psychopy.visual.text.TextStim'>, alignHoriz=method-wrapper(...), alignText='center', alignVert=method-wrapper(...), anchorHoriz='center', anchorVert='center', antialias=True, autoDraw=False, autoLog=True, bold=False, color=array([1, 1, 1]), colorSpace='rgb', contrast=1.0, depth=0.0, flipHoriz=False, flipVert=False, font='Arial', fontFiles=[], height=0.025, italic=False, languageStyle='LTR', name='slide_number', opacity=1.0, ori=0.0, pos=array([0. , 0.4]), rgb=UNKNOWN, text='', units='height', win=Window(...), wrapWidth=1)
11.7951 	EXP 	Created instruction_text = TextStim(__class__=<class 'psychopy.visual.text.TextStim'>, alignHoriz=method-wrapper(...), alignText='center', alignVert=method-wrapper(...), anchorHoriz='center', anchorVert='center', antialias=True, autoDraw=False, autoLog=True, bold=False, color=array([1, 1, 1]), colorSpace='rgb', contrast=1.0, depth=-1.0, flipHoriz=False, flipVert=False, font='Arial', fontFiles=[], height=0.04, italic=False, languageStyle='LTR', name='instruction_text', opacity=1.0, ori=0.0, pos=array([0.  , 0.29]), rgb=UNKNOWN, text='', units='height', win=Window(...), wrapWidth=1)
11.7986 	EXP 	Created spacebar_3 = TextStim(__class__=<class 'psychopy.visual.text.TextStim'>, alignHoriz=method-wrapper(...), alignText='center', alignVert=method-wrapper(...), anchorHoriz='center', anchorVert='center', antialias=True, autoDraw=False, autoLog=True, bold=False, color=array([1, 1, 1]), colorSpace='rgb', contrast=1.0, depth=-2.0, flipHoriz=False, flipVert=False, font='Arial', fontFiles=[], height=0.025, italic=False, languageStyle='LTR', name='spacebar_3', opacity=1.0, ori=0.0, pos=array([ 0.  , -0.44]), rgb=UNKNOWN, text=str(...), units='height', win=Window(...), wrapWidth=1)
11.8542 	EXP 	Created instruction_image = ImageStim(__class__=<class 'psychopy.visual.image.ImageStim'>, anchor=('center', 'center'), autoLog=True, color=array([1, 1, 1]), colorSpace='rgb', contrast=1.0, depth=-3.0, flipHoriz=False, flipVert=False, image='images/pointed_maps_images/9cs.jpeg', interpolate=True, mask=None, maskParams=None, name='instruction_image', opacity=1.0, ori=0.0, pos=array([ 0.   , -0.075]), size=array([0.36, 0.36]), texRes=128.0, units='height', win=Window(...))
11.8593 	EXP 	Created EXsentence1 = TextStim(__class__=<class 'psychopy.visual.text.TextStim'>, alignHoriz=method-wrapper(...), alignText='center', alignVert=method-wrapper(...), anchorHoriz='center', anchorVert='center', antialias=True, autoDraw=False, autoLog=True, bold=False, color=array([0.65490196, 0.65490196, 0.65490196]), colorSpace='rgb', contrast=1.0, depth=-4.0, flipHoriz=False, flipVert=False, font='Arial', fontFiles=[], height=0.029999999999999995, italic=False, languageStyle='LTR', name='EXsentence1', opacity=1.0, ori=0.0, pos=array([0.  , 0.14]), rgb=UNKNOWN, text=str(...), units='height', win=Window(...), wrapWidth=1.4)
11.8639 	EXP 	Created question_text_2 = TextStim(__class__=<class 'psychopy.visual.text.TextStim'>, alignHoriz=method-wrapper(...), alignText='center', alignVert=method-wrapper(...), anchorHoriz='center', anchorVert='center', antialias=True, autoDraw=False, autoLog=True, bold=False, color=array([0.65490196, 0.65490196, 0.65490196]), colorSpace='rgb', contrast=1.0, depth=-6.0, flipHoriz=False, flipVert=False, font='Arial', fontFiles=[], height=0.029999999999999995, italic=False, languageStyle='LTR', name='question_text_2', opacity=1.0, ori=0.0, pos=array([ 0.  , -0.29]), rgb=UNKNOWN, text=str(...), units='height', win=Window(...), wrapWidth=1)
11.8900 	EXP 	Created slider_image = ImageStim(__class__=<class 'psychopy.visual.image.ImageStim'>, anchor=('center', 'center'), autoLog=True, color=array([1, 1, 1]), colorSpace='rgb', contrast=1.0, depth=-7.0, flipHoriz=False, flipVert=False, image='images/slider_image.png', interpolate=True, mask=None, maskParams=None, name='slider_image', opacity=1.0, ori=0.0, pos=array([ 0.  , -0.37]), size=array([0.6 , 0.09]), texRes=128.0, units='height', win=Window(...))
11.8915 	EXP 	Created triangle = ShapeStim(__class__=<class 'psychopy.visual.shape.ShapeStim'>, anchor=('center', 'center'), autoDraw=False, autoLog=True, closeShape=True, color=method-wrapper(...), colorSpace='rgb', contrast=None, depth=-8.0, fillColor=array([1, 1, 1]), fillColorSpace='rgb', fillRGB=array([1, 1, 1]), interpolate=True, lineColor=array([1, 1, 1]), lineColorSpace='rgb', lineRGB=array([1, 1, 1]), lineWidth=1.0, name='triangle', opacity=1.0, ori=180.0, pos=array([0., 0.]), size=array([0.06, 0.03]), units='height', vertices=ndarray(...), win=Window(...), windingRule=None)
11.8960 	EXP 	Created arrow = TextStim(__class__=<class 'psychopy.visual.text.TextStim'>, alignHoriz=method-wrapper(...), alignText='center', alignVert=method-wrapper(...), anchorHoriz='center', anchorVert='center', antialias=True, autoDraw=False, autoLog=True, bold=False, color=array([1, 1, 1]), colorSpace='rgb', contrast=1.0, depth=-9.0, flipHoriz=False, flipVert=False, font='Arial', fontFiles=[], height=0.1, italic=False, languageStyle='LTR', name='arrow', opacity=1.0, ori=0.0, pos=array([0., 0.]), rgb=UNKNOWN, text='→', units='height', win=Window(...), wrapWidth=1)
11.8967 	EXP 	Created sentence_text = TextStim(__class__=<class 'psychopy.visual.text.TextStim'>, alignHoriz=method-wrapper(...), alignText='center', alignVert=method-wrapper(...), anchorHoriz='center', anchorVert='center', antialias=True, autoDraw=False, autoLog=True, bold=False, color=array([1, 1, 1]), colorSpace='rgb', contrast=1.0, depth=-1.0, flipHoriz=False, flipVert=False, font='Arial', fontFiles=[], height=0.03, italic=False, languageStyle='LTR', name='sentence_text', opacity=1.0, ori=0.0, pos=array([0.  , 0.39]), rgb=UNKNOWN, text='', units='height', win=Window(...), wrapWidth=1.2)
11.9013 	EXP 	Created image = ImageStim(__class__=<class 'psychopy.visual.image.ImageStim'>, anchor=('center', 'center'), autoLog=True, color=array([1, 1, 1]), colorSpace='rgb', contrast=1.0, depth=-2.0, flipHoriz=False, flipVert=False, image='sin', interpolate=True, mask=None, maskParams=None, name='image', opacity=1.0, ori=0.0, pos=array([0.  , 0.06]), size=array([0.6 , 0.43]), texRes=128.0, units='height', win=Window(...))
11.9020 	EXP 	Created question_text = TextStim(__class__=<class 'psychopy.visual.text.TextStim'>, alignHoriz=method-wrapper(...), alignText='center', alignVert=method-wrapper(...), anchorHoriz='center', anchorVert='center', antialias=True, autoDraw=False, autoLog=True, bold=False, color=array([1, 1, 1]), colorSpace='rgb', contrast=1.0, depth=-3.0, flipHoriz=False, flipVert=False, font='Arial', fontFiles=[], height=0.03, italic=False, languageStyle='LTR', name='question_text', opacity=1.0, ori=0.0, pos=array([ 0.  , -0.24]), rgb=UNKNOWN, text='', units='height', win=Window(...), wrapWidth=1)
11.9043 	EXP 	window1: mouseVisible = True
11.9378 	EXP 	Created slider = Slider(__class__=<class 'psychopy.visual.slider.Slider'>, autoDraw=False, autoLog=True, borderColor=None, color=None, colorSpace='rgb', depth=-4, fillColor=None, flip=False, font='Arial', granularity=None, labelColor=None, labelHeight=0.029999999999999995, labelWrapWidth=None, labels=('Not very severe', 'Very severe'), lineColor=None, markerColor=None, name='slider', opacity=None, ori=0.0, pos=array([ 0.  , -0.35]), readOnly=False, self=UNKNOWN, size=array([0.5 , 0.04]), startValue=None, style='rating', styleTweaks=['triangleMarker'], ticks=array([1, 2]), units='height', win=Window(...))
11.9385 	EXP 	Created trial_counter_text = TextStim(__class__=<class 'psychopy.visual.text.TextStim'>, alignHoriz=method-wrapper(...), alignText='center', alignVert=method-wrapper(...), anchorHoriz='center', anchorVert='center', antialias=True, autoDraw=False, autoLog=True, bold=False, color=array([1, 1, 1]), colorSpace='rgb', contrast=1.0, depth=-7.0, flipHoriz=False, flipVert=False, font='Arial', fontFiles=[], height=0.025, italic=False, languageStyle='LTR', name='trial_counter_text', opacity=1.0, ori=0, pos=array([0.5 , 0.43]), rgb=UNKNOWN, text='', units='height', win=Window(...), wrapWidth=1)
11.9544 	EXP 	Created spacebar_text = TextStim(__class__=<class 'psychopy.visual.text.TextStim'>, alignHoriz=method-wrapper(...), alignText='center', alignVert=method-wrapper(...), anchorHoriz='center', anchorVert='center', antialias=True, autoDraw=False, autoLog=True, bold=False, color=array([1, 1, 1]), colorSpace='rgb', contrast=1.0, depth=-8.0, flipHoriz=False, flipVert=False, font='Arial', fontFiles=[], height=0.02, italic=False, languageStyle='LTR', name='spacebar_text', opacity=1.0, ori=0.0, pos=array([ 0.  , -0.46]), rgb=UNKNOWN, text=str(...), units='height', win=Window(...), wrapWidth=1)
11.9617 	EXP 	Created section_text = TextStim(__class__=<class 'psychopy.visual.text.TextStim'>, alignHoriz=method-wrapper(...), alignText='center', alignVert=method-wrapper(...), anchorHoriz='center', anchorVert='center', antialias=True, autoDraw=False, autoLog=True, bold=False, color=array([1, 1, 1]), colorSpace='rgb', contrast=1.0, depth=-1.0, flipHoriz=False, flipVert=False, font='Arial', fontFiles=[], height=0.025, italic=False, languageStyle='LTR', name='section_text', opacity=1.0, ori=0.0, pos=array([0. , 0.4]), rgb=UNKNOWN, text='Additional Question', units='height', win=Window(...), wrapWidth=1)
11.9783 	EXP 	Created ad_question_text1 = TextStim(__class__=<class 'psychopy.visual.text.TextStim'>, alignHoriz=method-wrapper(...), alignText='center', alignVert=method-wrapper(...), anchorHoriz='center', anchorVert='center', antialias=True, autoDraw=False, autoLog=True, bold=False, color=array([1, 1, 1]), colorSpace='rgb', contrast=1.0, depth=-2.0, flipHoriz=False, flipVert=False, font='Open Sans', fontFiles=[], height=0.04, italic=False, languageStyle='LTR', name='ad_question_text1', opacity=1.0, ori=0.0, pos=array([0.  , 0.29]), rgb=UNKNOWN, text=str(...), units='height', win=Window(...), wrapWidth=1)
12.0039 	EXP 	Created scales_images = ImageStim(__class__=<class 'psychopy.visual.image.ImageStim'>, anchor=('center', 'center'), autoLog=True, color=array([1, 1, 1]), colorSpace='rgb', contrast=1.0, depth=-3.0, flipHoriz=False, flipVert=False, image='images/two_scales.JPEG', interpolate=True, mask=None, maskParams=None, name='scales_images', opacity=1.0, ori=0.0, pos=array([0., 0.]), size=array([0.4, 0.4]), texRes=128.0, units='height', win=Window(...))
12.0138 	EXP 	Created add_question_text2 = TextStim(__class__=<class 'psychopy.visual.text.TextStim'>, alignHoriz=method-wrapper(...), alignText='center', alignVert=method-wrapper(...), anchorHoriz='center', anchorVert='center', antialias=True, autoDraw=False, autoLog=True, bold=False, color=array([1, 1, 1]), colorSpace='rgb', contrast=1.0, depth=-4.0, flipHoriz=False, flipVert=False, font='Arial', fontFiles=[], height=0.04, italic=False, languageStyle='LTR', name='add_question_text2', opacity=1.0, ori=0.0, pos=array([ 0.  , -0.25]), rgb=UNKNOWN, text='Please choose from "A" or "B":', units='height', win=Window(...), wrapWidth=1)
12.0157 	EXP 	window1: mouseVisible = True
12.0627 	EXP 	Created scale_slider = Slider(__class__=<class 'psychopy.visual.slider.Slider'>, autoDraw=False, autoLog=True, borderColor=None, color=None, colorSpace='rgb', depth=-5, fillColor=None, flip=False, font='Arial', granularity=1.0, labelColor=None, labelHeight=0.04, labelWrapWidth=None, labels=['B', 'A'], lineColor=None, markerColor=None, name='scale_slider', opacity=None, ori=0.0, pos=array([ 0.  , -0.33]), readOnly=False, self=UNKNOWN, size=array([0.03, 0.05]), startValue=None, style='radio', styleTweaks=[], ticks=array([1, 2]), units='height', win=Window(...))
12.0718 	EXP 	Created next_slide_text = TextStim(__class__=<class 'psychopy.visual.text.TextStim'>, alignHoriz=method-wrapper(...), alignText='center', alignVert=method-wrapper(...), anchorHoriz='center', anchorVert='center', antialias=True, autoDraw=False, autoLog=True, bold=False, color=array([1., 1., 1.]), colorSpace='rgb', contrast=1.0, depth=-6.0, flipHoriz=False, flipVert=False, font='Arial', fontFiles=[], height=0.02, italic=False, languageStyle='LTR', name='next_slide_text', opacity=1.0, ori=0.0, pos=array([ 0.  , -0.44]), rgb=UNKNOWN, text="Press the 'spacebar' to continue.", units='height', win=Window(...), wrapWidth=1)
12.0924 	EXP 	Created debrief_text = TextStim(__class__=<class 'psychopy.visual.text.TextStim'>, alignHoriz=method-wrapper(...), alignText='center', alignVert=method-wrapper(...), anchorHoriz='center', anchorVert='center', antialias=True, autoDraw=False, autoLog=True, bold=False, color=array([1, 1, 1]), colorSpace='rgb', contrast=1.0, depth=0.0, flipHoriz=False, flipVert=False, font='Arial', fontFiles=[], height=0.04, italic=False, languageStyle='LTR', name='debrief_text', opacity=1.0, ori=0.0, pos=array([0., 0.]), rgb=UNKNOWN, text=str(...), units='height', win=Window(...), wrapWidth=1)
12.1007 	EXP 	Created spacebar_debrief = TextStim(__class__=<class 'psychopy.visual.text.TextStim'>, alignHoriz=method-wrapper(...), alignText='center', alignVert=method-wrapper(...), anchorHoriz='center', anchorVert='center', antialias=True, autoDraw=False, autoLog=True, bold=False, color=array([1, 1, 1]), colorSpace='rgb', contrast=1.0, depth=-2.0, flipHoriz=False, flipVert=False, font='Arial', fontFiles=[], height=0.025, italic=False, languageStyle='LTR', name='spacebar_debrief', opacity=1.0, ori=0, pos=array([ 0.  , -0.35]), rgb=UNKNOWN, text="Press the 'spacebar' to continue.", units='height', win=Window(...), wrapWidth=1)
12.1074 	EXP 	window1: mouseVisible = True
12.1088 	EXP 	Created continue_box = Rect(__class__=<class 'psychopy.visual.rect.Rect'>, anchor=('center', 'center'), autoDraw=False, autoLog=True, closeShape=True, color=method-wrapper(...), colorSpace='rgb', contrast=None, depth=-2.0, fillColor=array([-1, -1, -1]), fillColorSpace='rgb', fillRGB=array([-1, -1, -1]), interpolate=True, lineColor=array([1, 1, 1]), lineColorSpace='rgb', lineRGB=array([1, 1, 1]), lineWidth=1.0, name='continue_box', opacity=1.0, ori=0.0, pos=array([ 0. , -0.4]), size=array([0.17, 0.06]), units='height', vertices=ndarray(...), win=Window(...))
12.1137 	EXP 	Created continue_text = TextStim(__class__=<class 'psychopy.visual.text.TextStim'>, alignHoriz=method-wrapper(...), alignText='center', alignVert=method-wrapper(...), anchorHoriz='center', anchorVert='center', antialias=True, autoDraw=False, autoLog=True, bold=False, color=array([1, 1, 1]), colorSpace='rgb', contrast=1.0, depth=-3.0, flipHoriz=False, flipVert=False, font='Arial', fontFiles=[], height=0.04, italic=False, languageStyle='LTR', name='continue_text', opacity=1.0, ori=0.0, pos=array([ 0. , -0.4]), rgb=UNKNOWN, text='Continue', units='height', win=Window(...), wrapWidth=1)
12.1316 	EXP 	Created comment_instructions = TextStim(__class__=<class 'psychopy.visual.text.TextStim'>, alignHoriz=method-wrapper(...), alignText='center', alignVert=method-wrapper(...), anchorHoriz='center', anchorVert='center', antialias=True, autoDraw=False, autoLog=True, bold=False, color=array([1, 1, 1]), colorSpace='rgb', contrast=1.0, depth=-5.0, flipHoriz=False, flipVert=False, font='Arial', fontFiles=[], height=0.05, italic=False, languageStyle='LTR', name='comment_instructions', opacity=1.0, ori=0.0, pos=array([0.  , 0.35]), rgb=UNKNOWN, text=str(...), units='height', win=Window(...), wrapWidth=1)
12.1436 	EXP 	Created final_text = TextStim(__class__=<class 'psychopy.visual.text.TextStim'>, alignHoriz=method-wrapper(...), alignText='center', alignVert=method-wrapper(...), anchorHoriz='center', anchorVert='center', antialias=True, autoDraw=False, autoLog=True, bold=False, color=array([1, 1, 1]), colorSpace='rgb', contrast=1.0, depth=0.0, flipHoriz=False, flipVert=False, font='Arial', fontFiles=[], height=0.05, italic=False, languageStyle='LTR', name='final_text', opacity=1.0, ori=0, pos=array([0., 0.]), rgb=UNKNOWN, text=str(...), units='height', win=Window(...), wrapWidth=1)
12.1706 	EXP 	ageResp: autoLog = True
12.1706 	EXP 	genderResp1: autoLog = True
12.1706 	EXP 	genderResp1: markerPos = None
12.1706 	EXP 	genderResp1: styleTweaks = []
12.1706 	EXP 	genderResp1: styleTweaks = []
12.1706 	EXP 	genderResp1: styleTweaks = []
12.1706 	EXP 	genderResp1: styleTweaks = []
12.1706 	EXP 	genderResp1: contrast = 1.0
12.1706 	EXP 	genderResp1: autoLog = True
12.1706 	EXP 	genderResp2: autoLog = True
12.1706 	EXP 	edu_slider: autoLog = True
12.1706 	EXP 	edu_slider: markerPos = None
12.1706 	EXP 	edu_slider: styleTweaks = []
12.1706 	EXP 	edu_slider: styleTweaks = []
12.1706 	EXP 	edu_slider: styleTweaks = []
12.1706 	EXP 	edu_slider: styleTweaks = []
12.1706 	EXP 	edu_slider: contrast = 1.0
12.1706 	EXP 	edu_slider: autoLog = True
12.1706 	EXP 	q1_slider: autoLog = True
12.1706 	EXP 	q1_slider: markerPos = None
12.1706 	EXP 	q1_slider: styleTweaks = []
12.1706 	EXP 	q1_slider: styleTweaks = []
12.1706 	EXP 	q1_slider: styleTweaks = []
12.1706 	EXP 	q1_slider: styleTweaks = []
12.1706 	EXP 	q1_slider: contrast = 1.0
12.1706 	EXP 	q1_slider: autoLog = True
12.1706 	EXP 	q2_slider: autoLog = True
12.1706 	EXP 	q2_slider: markerPos = None
12.1706 	EXP 	q2_slider: styleTweaks = []
12.1706 	EXP 	q2_slider: styleTweaks = []
12.1706 	EXP 	q2_slider: styleTweaks = []
12.1706 	EXP 	q2_slider: styleTweaks = []
12.1706 	EXP 	q2_slider: contrast = 1.0
12.1706 	EXP 	q2_slider: autoLog = True
12.1706 	EXP 	q3_slider: autoLog = True
12.1706 	EXP 	q3_slider: markerPos = None
12.1706 	EXP 	q3_slider: styleTweaks = []
12.1706 	EXP 	q3_slider: styleTweaks = []
12.1706 	EXP 	q3_slider: styleTweaks = []
12.1706 	EXP 	q3_slider: styleTweaks = []
12.1706 	EXP 	q3_slider: contrast = 1.0
12.1706 	EXP 	q3_slider: autoLog = True
12.1706 	EXP 	q4_slider: autoLog = True
12.1706 	EXP 	q4_slider: markerPos = None
12.1706 	EXP 	q4_slider: styleTweaks = []
12.1706 	EXP 	q4_slider: styleTweaks = []
12.1706 	EXP 	q4_slider: styleTweaks = []
12.1706 	EXP 	q4_slider: styleTweaks = []
12.1706 	EXP 	q4_slider: contrast = 1.0
12.1706 	EXP 	q4_slider: autoLog = True
12.1706 	EXP 	q5_slider: autoLog = True
12.1706 	EXP 	q5_slider: markerPos = None
12.1706 	EXP 	q5_slider: styleTweaks = []
12.1706 	EXP 	q5_slider: styleTweaks = []
12.1706 	EXP 	q5_slider: styleTweaks = []
12.1706 	EXP 	q5_slider: styleTweaks = []
12.1706 	EXP 	q5_slider: contrast = 1.0
12.1706 	EXP 	q5_slider: autoLog = True
12.1706 	EXP 	slider: autoLog = True
12.1706 	EXP 	slider: markerPos = None
12.1706 	EXP 	slider: styleTweaks = []
12.1706 	EXP 	slider: styleTweaks = []
12.1706 	EXP 	slider: styleTweaks = ['triangleMarker']
12.1706 	EXP 	slider: styleTweaks = ['triangleMarker']
12.1706 	EXP 	slider: contrast = 1.0
12.1706 	EXP 	slider: autoLog = True
12.1706 	EXP 	scale_slider: autoLog = True
12.1706 	EXP 	scale_slider: markerPos = None
12.1706 	EXP 	scale_slider: styleTweaks = []
12.1706 	EXP 	scale_slider: styleTweaks = []
12.1706 	EXP 	scale_slider: styleTweaks = []
12.1706 	EXP 	scale_slider: styleTweaks = []
12.1706 	EXP 	scale_slider: contrast = 1.0
12.1706 	EXP 	scale_slider: autoLog = True
12.1706 	EXP 	textbox: autoLog = True
12.1706 	EXP 	intro_text2: autoDraw = True
13.5669 	DATA 	Keypress: space
15.8542 	EXP 	Created sequence: sequential, trialTypes=1, nReps=100, seed=None
15.8548 	EXP 	New trial (rep=0, index=0): None
15.9642 	DATA 	Keypress: space
15.9778 	EXP 	intro_text2: autoDraw = False
15.9778 	EXP 	info_sheet_image: image = 'info/info1.png'
15.9778 	EXP 	counter: height = 0.029999999999999995
15.9778 	EXP 	counter: height = 0.029999999999999995
15.9778 	EXP 	counter: height = 0.029999999999999995
15.9778 	EXP 	counter: text = 'Page 1 of 4'
15.9778 	EXP 	info_sheet_image: autoDraw = True
15.9778 	EXP 	counter: autoDraw = True
15.9778 	EXP 	move_text: autoDraw = True
15.9778 	EXP 	info_sheet_next: autoDraw = True
17.0648 	EXP 	New trial (rep=1, index=0): None
17.1724 	DATA 	Keypress: right
17.1788 	EXP 	info_sheet_image: autoDraw = False
17.1788 	EXP 	counter: autoDraw = False
17.1788 	EXP 	move_text: autoDraw = False
17.1788 	EXP 	info_sheet_next: autoDraw = False
17.1788 	EXP 	info_sheet_image: image = 'info/info2.png'
17.1788 	EXP 	counter: height = 0.029999999999999995
17.1788 	EXP 	counter: height = 0.029999999999999995
17.1788 	EXP 	counter: height = 0.029999999999999995
17.1788 	EXP 	counter: text = 'Page 2 of 4'
17.1788 	EXP 	info_sheet_image: autoDraw = True
17.1788 	EXP 	counter: autoDraw = True
17.1788 	EXP 	move_text: autoDraw = True
17.1788 	EXP 	info_sheet_next: autoDraw = True
17.2319 	EXP 	New trial (rep=2, index=0): None
17.3223 	DATA 	Keypress: right
17.3271 	EXP 	info_sheet_image: autoDraw = False
17.3271 	EXP 	counter: autoDraw = False
17.3271 	EXP 	move_text: autoDraw = False
17.3271 	EXP 	info_sheet_next: autoDraw = False
17.3271 	EXP 	info_sheet_image: image = 'info/info3.png'
17.3271 	EXP 	counter: height = 0.029999999999999995
17.3271 	EXP 	counter: height = 0.029999999999999995
17.3271 	EXP 	counter: height = 0.029999999999999995
17.3271 	EXP 	counter: text = 'Page 3 of 4'
17.3271 	EXP 	info_sheet_image: autoDraw = True
17.3271 	EXP 	counter: autoDraw = True
17.3271 	EXP 	move_text: autoDraw = True
17.3271 	EXP 	info_sheet_next: autoDraw = True
17.3649 	EXP 	New trial (rep=3, index=0): None
17.4534 	DATA 	Keypress: right
17.4596 	EXP 	info_sheet_image: autoDraw = False
17.4596 	EXP 	counter: autoDraw = False
17.4596 	EXP 	move_text: autoDraw = False
17.4596 	EXP 	info_sheet_next: autoDraw = False
17.4596 	EXP 	info_sheet_image: image = 'info/info4.png'
17.4596 	EXP 	counter: height = 0.029999999999999995
17.4596 	EXP 	counter: height = 0.029999999999999995
17.4596 	EXP 	counter: height = 0.029999999999999995
17.4596 	EXP 	counter: text = 'Page 4 of 4'
17.4596 	EXP 	info_sheet_image: autoDraw = True
17.4596 	EXP 	counter: autoDraw = True
17.4596 	EXP 	move_text: autoDraw = True
17.4596 	EXP 	info_sheet_next: autoDraw = True
17.5171 	EXP 	New trial (rep=4, index=0): None
17.6008 	DATA 	Keypress: right
17.6071 	EXP 	info_sheet_image: autoDraw = False
17.6071 	EXP 	counter: autoDraw = False
17.6071 	EXP 	move_text: autoDraw = False
17.6071 	EXP 	info_sheet_next: autoDraw = False
17.6071 	EXP 	info_sheet_image: image = 'info/info4.png'
17.6071 	EXP 	counter: text = 'Page 4 of 4'
17.6071 	EXP 	info_sheet_image: autoDraw = True
17.6071 	EXP 	counter: autoDraw = True
17.6071 	EXP 	move_text: autoDraw = True
17.6071 	EXP 	info_sheet_next: autoDraw = True
17.6313 	EXP 	New trial (rep=5, index=0): None
17.7184 	DATA 	Keypress: right
17.7246 	EXP 	info_sheet_image: autoDraw = False
17.7246 	EXP 	counter: autoDraw = False
17.7246 	EXP 	move_text: autoDraw = False
17.7246 	EXP 	info_sheet_next: autoDraw = False
17.7246 	EXP 	info_sheet_image: image = 'info/info4.png'
17.7246 	EXP 	counter: text = 'Page 4 of 4'
17.7246 	EXP 	info_sheet_image: autoDraw = True
17.7246 	EXP 	counter: autoDraw = True
17.7246 	EXP 	move_text: autoDraw = True
17.7246 	EXP 	info_sheet_next: autoDraw = True
18.1501 	DATA 	Keypress: return
18.1817 	EXP 	Imported consent.csv as conditions, 6 conditions, 1 params
18.1821 	EXP 	Created sequence: sequential, trialTypes=6, nReps=1, seed=None
18.1824 	EXP 	New trial (rep=0, index=0): OrderedDict([('consent_item', '1 of 6\nI confirm that I have read the attached information sheet (Version A5.0; Date 26/05/2022) for the above study and have had the opportunity to consider the information and ask questions and had these answered satisfactorily.')])
18.2162 	EXP 	info_sheet_image: autoDraw = False
18.2162 	EXP 	counter: autoDraw = False
18.2162 	EXP 	move_text: autoDraw = False
18.2162 	EXP 	info_sheet_next: autoDraw = False
18.2162 	EXP 	item_text: height = 0.04
18.2162 	EXP 	item_text: height = 0.04
18.2162 	EXP 	item_text: height = 0.04
18.2162 	EXP 	item_text: text = '1 of 6\nI confirm that I have read the attached information sheet (Version A5.0; Date 26/05/2022) for the above study and have had the opportunity to consider the information and ask questions and had these answered satisfactorily.'
18.2162 	EXP 	study_title: autoDraw = True
18.2162 	EXP 	item_text: autoDraw = True
18.2162 	EXP 	keypress_instructions: autoDraw = True
19.6371 	DATA 	Keypress: y
20.0661 	DATA 	Keypress: y
20.2984 	EXP 	New trial (rep=0, index=1): OrderedDict([('consent_item', '2 of 6\nI understand that my participation in the study is voluntary and that I am free to withdraw at any time without giving a reason and without detriment to myself (although I will not receive payment for this study). I understand that it will not be possible to remove my data from the project once it has been anonymised and forms part of the data set.  \n\nI agree to take part on this basis.')])
20.3280 	DATA 	Keypress: y
20.3320 	EXP 	study_title: autoDraw = False
20.3320 	EXP 	item_text: autoDraw = False
20.3320 	EXP 	keypress_instructions: autoDraw = False
20.3320 	EXP 	item_text: height = 0.04
20.3320 	EXP 	item_text: height = 0.04
20.3320 	EXP 	item_text: height = 0.04
20.3320 	EXP 	item_text: text = '2 of 6\nI understand that my participation in the study is voluntary and that I am free to withdraw at any time without giving a reason and without detriment to myself (although I will not receive payment for this study). I understand that it will not be possible to remove my data from the project once it has been anonymised and forms part of the data set.  \n\nI agree to take part on this basis.'
20.3320 	EXP 	study_title: autoDraw = True
20.3320 	EXP 	item_text: autoDraw = True
20.3320 	EXP 	keypress_instructions: autoDraw = True
20.4850 	DATA 	Keypress: y
20.6552 	DATA 	Keypress: y
20.8168 	DATA 	Keypress: y
20.9843 	DATA 	Keypress: y
21.1326 	DATA 	Keypress: y
21.3051 	DATA 	Keypress: y
25.0641 	EXP 	New trial (rep=0, index=2): OrderedDict([('consent_item', '3 of 6\nI agree that any data collected may be included in anonymous form in student theses/publications/conference presentations.')])
25.0752 	DATA 	Keypress: y
25.0836 	EXP 	study_title: autoDraw = False
25.0836 	EXP 	item_text: autoDraw = False
25.0836 	EXP 	keypress_instructions: autoDraw = False
25.0836 	EXP 	item_text: height = 0.04
25.0836 	EXP 	item_text: height = 0.04
25.0836 	EXP 	item_text: height = 0.04
25.0836 	EXP 	item_text: text = '3 of 6\nI agree that any data collected may be included in anonymous form in student theses/publications/conference presentations.'
25.0836 	EXP 	study_title: autoDraw = True
25.0836 	EXP 	item_text: autoDraw = True
25.0836 	EXP 	keypress_instructions: autoDraw = True
25.5326 	DATA 	Keypress: y
25.7498 	DATA 	Keypress: y
25.9365 	DATA 	Keypress: y
26.1166 	DATA 	Keypress: y
26.3168 	DATA 	Keypress: y
26.5170 	DATA 	Keypress: y
27.6644 	EXP 	New trial (rep=0, index=3): OrderedDict([('consent_item', '4 of 6\nI understand that a fully anonymised dataset will be deposited in public open data repositories.')])
27.6749 	DATA 	Keypress: y
27.6805 	EXP 	study_title: autoDraw = False
27.6805 	EXP 	item_text: autoDraw = False
27.6805 	EXP 	keypress_instructions: autoDraw = False
27.6805 	EXP 	item_text: height = 0.04
27.6805 	EXP 	item_text: height = 0.04
27.6805 	EXP 	item_text: height = 0.04
27.6805 	EXP 	item_text: text = '4 of 6\nI understand that a fully anonymised dataset will be deposited in public open data repositories.'
27.6805 	EXP 	study_title: autoDraw = True
27.6805 	EXP 	item_text: autoDraw = True
27.6805 	EXP 	keypress_instructions: autoDraw = True
27.8708 	DATA 	Keypress: y
28.0497 	DATA 	Keypress: y
28.2160 	DATA 	Keypress: y
28.3845 	DATA 	Keypress: y
28.7171 	DATA 	Keypress: y
28.9168 	DATA 	Keypress: y
29.0999 	DATA 	Keypress: y
29.2828 	DATA 	Keypress: y
30.3816 	EXP 	New trial (rep=0, index=4): OrderedDict([('consent_item', '5 of 6\nI understand that data collected during the study may be looked at by individuals from The University of Manchester or regulatory authorities, where it is relevant to my taking part in this research. I give permission for these individuals to have access to my data.')])
30.4005 	DATA 	Keypress: y
30.4045 	EXP 	study_title: autoDraw = False
30.4045 	EXP 	item_text: autoDraw = False
30.4045 	EXP 	keypress_instructions: autoDraw = False
30.4045 	EXP 	item_text: height = 0.04
30.4045 	EXP 	item_text: height = 0.04
30.4045 	EXP 	item_text: height = 0.04
30.4045 	EXP 	item_text: text = '5 of 6\nI understand that data collected during the study may be looked at by individuals from The University of Manchester or regulatory authorities, where it is relevant to my taking part in this research. I give permission for these individuals to have access to my data.'
30.4045 	EXP 	study_title: autoDraw = True
30.4045 	EXP 	item_text: autoDraw = True
30.4045 	EXP 	keypress_instructions: autoDraw = True
30.6332 	DATA 	Keypress: y
30.9660 	DATA 	Keypress: y
31.1500 	DATA 	Keypress: y
31.3008 	DATA 	Keypress: y
31.4999 	DATA 	Keypress: y
32.4478 	EXP 	New trial (rep=0, index=5): OrderedDict([('consent_item', '6 of 6\nI agree to take part in this study.')])
32.4554 	DATA 	Keypress: y
32.4628 	EXP 	study_title: autoDraw = False
32.4628 	EXP 	item_text: autoDraw = False
32.4628 	EXP 	keypress_instructions: autoDraw = False
32.4628 	EXP 	item_text: height = 0.04
32.4628 	EXP 	item_text: height = 0.04
32.4628 	EXP 	item_text: height = 0.04
32.4628 	EXP 	item_text: text = '6 of 6\nI agree to take part in this study.'
32.4628 	EXP 	study_title: autoDraw = True
32.4628 	EXP 	item_text: autoDraw = True
32.4628 	EXP 	keypress_instructions: autoDraw = True
34.5567 	DATA 	Keypress: y
34.6048 	EXP 	study_title: autoDraw = False
34.6048 	EXP 	item_text: autoDraw = False
34.6048 	EXP 	keypress_instructions: autoDraw = False
34.6048 	EXP 	genderResp1: markerPos = None
34.6048 	EXP 	genderResp1: markerPos = None
34.6048 	EXP 	ageResp: autoDraw = True
34.6048 	EXP 	age: autoDraw = True
34.6048 	EXP 	gender: autoDraw = True
34.6048 	EXP 	genderResp1: autoDraw = True
34.6048 	EXP 	genderResp2: autoDraw = True
34.6048 	EXP 	continue_box_2: autoDraw = True
34.6048 	EXP 	continue_text_2: autoDraw = True
35.3540 	DATA 	Keypress: backspace
36.2242 	DATA 	Keypress: quoteleft
36.3146 	DATA 	Keypress: escape
37.3250 	EXP 	window1: mouseVisible = True
