1.9309 	WARNING 	We strongly recommend you activate the PTB sound engine in PsychoPy prefs as the preferred audio engine. Its timing is vastly superior. Your prefs are currently set to use ['sounddevice', 'PTB', 'pyo', 'pygame'] (in that order).
43.5355 	EXP 	Created window1 = Window(allowGUI=True, allowStencil=False, autoLog=True, backendConf=UNKNOWN, bitsMode=UNKNOWN, blendMode='avg', bpc=(8, 8, 8), color=array([0, 0, 0]), colorSpace='rgb', depthBits=8, fullscr=<method-wrapper '__getattribute__' of attributeSetter object at 0x7fce0639efa0>, gamma=None, gammaErrorPolicy='raise', lms=UNKNOWN, monitor=<psychopy.monitors.calibTools.Monitor object at 0x7fcdd6768940>, multiSample=False, name='window1', numSamples=2, pos=[384.0, 240.0], screen=0, size=array([3072, 1920]), stencilBits=0, stereo=False, units='height', useFBO=True, useRetina=True, viewOri=0.0, viewPos=None, viewScale=None, waitBlanking=True, winType='pyglet')
43.5357 	EXP 	window1: mouseVisible = True
43.5364 	EXP 	window1: mouseVisible = False
43.5364 	EXP 	window1: Attempting to measure frame rate of screen (0) ...
43.5365 	EXP 	window1: recordFrameIntervals = False
43.7009 	EXP 	window1: recordFrameIntervals = True
43.8854 	EXP 	Screen (0) actual frame rate measured at 59.55Hz
43.8854 	EXP 	window1: recordFrameIntervals = False
45.8590 	EXP 	Created intro_text2 = TextStim(__class__=<class 'psychopy.visual.text.TextStim'>, alignHoriz=method-wrapper(...), alignText='center', alignVert=method-wrapper(...), anchorHoriz='center', anchorVert='center', antialias=True, autoDraw=False, autoLog=True, bold=False, color=array([1, 1, 1]), colorSpace='rgb', contrast=1.0, depth=0.0, flipHoriz=False, flipVert=False, font='Arial', fontFiles=[], height=0.04, italic=False, languageStyle='LTR', name='intro_text2', opacity=1.0, ori=0, pos=array([0., 0.]), rgb=UNKNOWN, text=str(...), units='height', win=Window(...), wrapWidth=1)
45.8659 	EXP 	Created info_sheet_image = ImageStim(__class__=<class 'psychopy.visual.image.ImageStim'>, anchor=('center', 'center'), autoLog=True, color=array([1, 1, 1]), colorSpace='rgb', contrast=1.0, depth=-2.0, flipHoriz=False, flipVert=False, image='sin', interpolate=True, mask=None, maskParams=None, name='info_sheet_image', opacity=1.0, ori=0.0, pos=array([0. , 0.1]), size=array([1.05, 0.7 ]), texRes=512, units='height', win=Window(...))
45.8670 	EXP 	Created counter = TextStim(__class__=<class 'psychopy.visual.text.TextStim'>, alignHoriz=method-wrapper(...), alignText='center', alignVert=method-wrapper(...), anchorHoriz='center', anchorVert='center', antialias=True, autoDraw=False, autoLog=True, bold=False, color=array([1, 1, 1]), colorSpace='rgb', contrast=1.0, depth=-4.0, flipHoriz=False, flipVert=False, font='Arial', fontFiles=[], height=0.03, italic=False, languageStyle='LTR', name='counter', opacity=1.0, ori=0, pos=array([ 0.  , -0.29]), rgb=UNKNOWN, text='', units='height', win=Window(...), wrapWidth=1)
45.8815 	EXP 	Created move_text = TextStim(__class__=<class 'psychopy.visual.text.TextStim'>, alignHoriz=method-wrapper(...), alignText='center', alignVert=method-wrapper(...), anchorHoriz='center', anchorVert='center', antialias=True, autoDraw=False, autoLog=True, bold=False, color=array([1, 1, 1]), colorSpace='rgb', contrast=1.0, depth=-5.0, flipHoriz=False, flipVert=False, font='Arial', fontFiles=[], height=0.035, italic=False, languageStyle='LTR', name='move_text', opacity=1.0, ori=0, pos=array([ 0.  , -0.35]), rgb=UNKNOWN, text=str(...), units='height', win=Window(...), wrapWidth=1)
45.9062 	EXP 	Created info_sheet_next = TextStim(__class__=<class 'psychopy.visual.text.TextStim'>, alignHoriz=method-wrapper(...), alignText='center', alignVert=method-wrapper(...), anchorHoriz='center', anchorVert='center', antialias=True, autoDraw=False, autoLog=True, bold=False, color=array([1, 1, 1]), colorSpace='rgb', contrast=1.0, depth=-6.0, flipHoriz=False, flipVert=False, font='Arial', fontFiles=[], height=0.025, italic=False, languageStyle='LTR', name='info_sheet_next', opacity=1.0, ori=0, pos=array([ 0.  , -0.43]), rgb=UNKNOWN, text=str(...), units='height', win=Window(...), wrapWidth=1.1)
45.9154 	EXP 	Created study_title = TextStim(__class__=<class 'psychopy.visual.text.TextStim'>, alignHoriz=method-wrapper(...), alignText='center', alignVert=method-wrapper(...), anchorHoriz='center', anchorVert='center', antialias=True, autoDraw=False, autoLog=True, bold=False, color=array([1, 1, 1]), colorSpace='rgb', contrast=1.0, depth=0.0, flipHoriz=False, flipVert=False, font='Arial', fontFiles=[], height=0.029999999999999995, italic=False, languageStyle='LTR', name='study_title', opacity=1.0, ori=0, pos=array([0. , 0.4]), rgb=UNKNOWN, text='Decision-Making With Maps', units='height', win=Window(...), wrapWidth=1)
45.9161 	EXP 	Created item_text = TextStim(__class__=<class 'psychopy.visual.text.TextStim'>, alignHoriz=method-wrapper(...), alignText='center', alignVert=method-wrapper(...), anchorHoriz='center', anchorVert='center', antialias=True, autoDraw=False, autoLog=True, bold=False, color=array([1, 1, 1]), colorSpace='rgb', contrast=1.0, depth=-1.0, flipHoriz=False, flipVert=False, font='Arial', fontFiles=[], height=0.04, italic=False, languageStyle='LTR', name='item_text', opacity=1.0, ori=0, pos=array([0. , 0.1]), rgb=UNKNOWN, text='', units='height', win=Window(...), wrapWidth=1)
45.9393 	EXP 	Created keypress_instructions = TextStim(__class__=<class 'psychopy.visual.text.TextStim'>, alignHoriz=method-wrapper(...), alignText='center', alignVert=method-wrapper(...), anchorHoriz='center', anchorVert='center', antialias=True, autoDraw=False, autoLog=True, bold=False, color=array([1, 1, 1]), colorSpace='rgb', contrast=1.0, depth=-2.0, flipHoriz=False, flipVert=False, font='Arial', fontFiles=[], height=0.025, italic=False, languageStyle='LTR', name='keypress_instructions', opacity=1.0, ori=0, pos=array([ 0. , -0.3]), rgb=UNKNOWN, text=str(...), units='height', win=Window(...), wrapWidth=1)
45.9547 	EXP 	Created age = TextStim(__class__=<class 'psychopy.visual.text.TextStim'>, alignHoriz=method-wrapper(...), alignText='center', alignVert=method-wrapper(...), anchorHoriz='center', anchorVert='center', antialias=True, autoDraw=False, autoLog=True, bold=False, color=array([1, 1, 1]), colorSpace='rgb', contrast=1.0, depth=-1.0, flipHoriz=False, flipVert=False, font='Arial', fontFiles=[], height=0.029999999999999995, italic=False, languageStyle='LTR', name='age', opacity=1.0, ori=0.0, pos=array([0.  , 0.28]), rgb=UNKNOWN, text='Please enter your age (in years):', units='height', win=Window(...), wrapWidth=1)
45.9597 	EXP 	Created gender = TextStim(__class__=<class 'psychopy.visual.text.TextStim'>, alignHoriz=method-wrapper(...), alignText='center', alignVert=method-wrapper(...), anchorHoriz='center', anchorVert='center', antialias=True, autoDraw=False, autoLog=True, bold=False, color=array([1, 1, 1]), colorSpace='rgb', contrast=1.0, depth=-2.0, flipHoriz=False, flipVert=False, font='Arial', fontFiles=[], height=0.029999999999999995, italic=False, languageStyle='LTR', name='gender', opacity=1.0, ori=0.0, pos=array([0. , 0.1]), rgb=UNKNOWN, text='How would you describe your gender?', units='height', win=Window(...), wrapWidth=1)
45.9773 	EXP 	window1: mouseVisible = True
46.0671 	EXP 	Created genderResp1 = Slider(__class__=<class 'psychopy.visual.slider.Slider'>, autoDraw=False, autoLog=True, borderColor=None, color=None, colorSpace='rgb', depth=-3, fillColor=None, flip=True, font='Arial', granularity=1.0, labelColor=None, labelHeight=0.035, labelWrapWidth=None, labels=tuple(...), lineColor=None, markerColor=None, name='genderResp1', opacity=None, ori=0.0, pos=array([-0.19, -0.05]), readOnly=False, self=UNKNOWN, size=array([0.015, 0.15 ]), startValue=None, style='radio', styleTweaks=[], ticks=array([1, 2, 3, 4, 5]), units='height', win=Window(...))
46.0743 	EXP 	Created continue_box_2 = Rect(__class__=<class 'psychopy.visual.rect.Rect'>, anchor=('center', 'center'), autoDraw=False, autoLog=True, closeShape=True, color=method-wrapper(...), colorSpace='rgb', contrast=None, depth=-5.0, fillColor=array([-1, -1, -1]), fillColorSpace='rgb', fillRGB=array([-1, -1, -1]), interpolate=True, lineColor=array([1, 1, 1]), lineColorSpace='rgb', lineRGB=array([1, 1, 1]), lineWidth=1.0, name='continue_box_2', opacity=1.0, ori=0.0, pos=array([ 0. , -0.4]), size=array([0.17, 0.06]), units='height', vertices=ndarray(...), win=Window(...))
46.0790 	EXP 	Created continue_text_2 = TextStim(__class__=<class 'psychopy.visual.text.TextStim'>, alignHoriz=method-wrapper(...), alignText='center', alignVert=method-wrapper(...), anchorHoriz='center', anchorVert='center', antialias=True, autoDraw=False, autoLog=True, bold=False, color=array([1, 1, 1]), colorSpace='rgb', contrast=1.0, depth=-6.0, flipHoriz=False, flipVert=False, font='Arial', fontFiles=[], height=0.04, italic=False, languageStyle='LTR', name='continue_text_2', opacity=1.0, ori=0.0, pos=array([ 0. , -0.4]), rgb=UNKNOWN, text='Continue', units='height', win=Window(...), wrapWidth=1)
46.0791 	EXP 	window1: mouseVisible = True
46.0849 	EXP 	Created edu_text = TextStim(__class__=<class 'psychopy.visual.text.TextStim'>, alignHoriz=method-wrapper(...), alignText='center', alignVert=method-wrapper(...), anchorHoriz='center', anchorVert='center', antialias=True, autoDraw=False, autoLog=True, bold=False, color=array([-1, -1, -1]), colorSpace='rgb', contrast=1.0, depth=-1.0, flipHoriz=False, flipVert=False, font='Arial', fontFiles=[], height=0.029999999999999995, italic=False, languageStyle='LTR', name='edu_text', opacity=1.0, ori=0.0, pos=array([0. , 0.3]), rgb=UNKNOWN, text=str(...), units='height', win=Window(...), wrapWidth=1)
46.0870 	EXP 	window1: mouseVisible = True
46.2267 	EXP 	Created edu_slider = Slider(__class__=<class 'psychopy.visual.slider.Slider'>, autoDraw=False, autoLog=True, borderColor=None, color=None, colorSpace='rgb', depth=-2, fillColor=None, flip=False, font='Arial', granularity=1.0, labelColor=None, labelHeight=0.029999999999999995, labelWrapWidth=None, labels=list(...), lineColor=None, markerColor=None, name='edu_slider', opacity=None, ori=-0.0, pos=array([ 0.  , -0.05]), readOnly=False, self=UNKNOWN, size=array([0.03, 0.5 ]), startValue=None, style='radio', styleTweaks=[], ticks=array([1, 2, 3, 4, 5, 6, 7, 8]), units='height', win=Window(...))
46.2343 	EXP 	Created literacy_top = TextStim(__class__=<class 'psychopy.visual.text.TextStim'>, alignHoriz=method-wrapper(...), alignText='center', alignVert=method-wrapper(...), anchorHoriz='center', anchorVert='center', antialias=True, autoDraw=False, autoLog=True, bold=False, color=array([1, 1, 1]), colorSpace='rgb', contrast=1.0, depth=0.0, flipHoriz=False, flipVert=False, font='Arial', fontFiles=[], height=0.029999999999999995, italic=False, languageStyle='LTR', name='literacy_top', opacity=1.0, ori=0.0, pos=array([-0.5,  0.4]), rgb=UNKNOWN, text=str(...), units='height', win=Window(...), wrapWidth=1.3)
46.2452 	EXP 	Created questions_text = TextStim(__class__=<class 'psychopy.visual.text.TextStim'>, alignHoriz=method-wrapper(...), alignText='center', alignVert=method-wrapper(...), anchorHoriz='center', anchorVert='center', antialias=True, autoDraw=False, autoLog=True, bold=False, color=array([1, 1, 1]), colorSpace='rgb', contrast=1.0, depth=-1.0, flipHoriz=False, flipVert=False, font='Arial', fontFiles=[], height=0.029999999999999995, italic=False, languageStyle='LTR', name='questions_text', opacity=1.0, ori=0.0, pos=array([-0.5 , -0.05]), rgb=UNKNOWN, text=str(...), units='height', win=Window(...), wrapWidth=0.75)
46.2472 	EXP 	window1: mouseVisible = True
46.2906 	EXP 	Created q1_slider = Slider(__class__=<class 'psychopy.visual.slider.Slider'>, autoDraw=False, autoLog=True, borderColor=None, color=None, colorSpace='rgb', depth=-2, fillColor=None, flip=False, font='Arial', granularity=1.0, labelColor=None, labelHeight=0.022, labelWrapWidth=None, labels=['Not at \n all good', 'Extremely \n good'], lineColor=None, markerColor=None, name='q1_slider', opacity=None, ori=0.0, pos=array([0.39, 0.27]), readOnly=False, self=UNKNOWN, size=array([0.55, 0.03]), startValue=None, style='rating', styleTweaks=[], ticks=array([1, 2, 3, 4, 5, 6]), units='height', win=Window(...))
46.2927 	EXP 	window1: mouseVisible = True
46.3187 	EXP 	Created q2_slider = Slider(__class__=<class 'psychopy.visual.slider.Slider'>, autoDraw=False, autoLog=True, borderColor=None, color=None, colorSpace='rgb', depth=-3, fillColor=None, flip=False, font='Arial', granularity=1.0, labelColor=None, labelHeight=0.022, labelWrapWidth=None, labels=['Not at \n all good', 'Extremely \n good'], lineColor=None, markerColor=None, name='q2_slider', opacity=None, ori=0.0, pos=array([0.39, 0.13]), readOnly=False, self=UNKNOWN, size=array([0.55, 0.03]), startValue=None, style='rating', styleTweaks=[], ticks=array([1, 2, 3, 4, 5, 6]), units='height', win=Window(...))
46.3207 	EXP 	window1: mouseVisible = True
46.3464 	EXP 	Created q3_slider = Slider(__class__=<class 'psychopy.visual.slider.Slider'>, autoDraw=False, autoLog=True, borderColor=None, color=None, colorSpace='rgb', depth=-4, fillColor=None, flip=False, font='Arial', granularity=1.0, labelColor=None, labelHeight=0.022, labelWrapWidth=None, labels=['Not at \n all good', 'Extremely \n good'], lineColor=None, markerColor=None, name='q3_slider', opacity=None, ori=0.0, pos=array([ 0.39, -0.02]), readOnly=False, self=UNKNOWN, size=array([0.55, 0.03]), startValue=None, style='rating', styleTweaks=[], ticks=array([1, 2, 3, 4, 5, 6]), units='height', win=Window(...))
46.3484 	EXP 	window1: mouseVisible = True
46.3744 	EXP 	Created q4_slider = Slider(__class__=<class 'psychopy.visual.slider.Slider'>, autoDraw=False, autoLog=True, borderColor=None, color=None, colorSpace='rgb', depth=-5, fillColor=None, flip=False, font='Arial', granularity=1.0, labelColor=None, labelHeight=0.022, labelWrapWidth=None, labels=['Not at \n all good', 'Extremely \n good'], lineColor=None, markerColor=None, name='q4_slider', opacity=None, ori=0.0, pos=array([ 0.39, -0.16]), readOnly=False, self=UNKNOWN, size=array([0.55, 0.03]), startValue=None, style='rating', styleTweaks=[], ticks=array([1, 2, 3, 4, 5, 6]), units='height', win=Window(...))
46.3763 	EXP 	window1: mouseVisible = True
46.4044 	EXP 	Created q5_slider = Slider(__class__=<class 'psychopy.visual.slider.Slider'>, autoDraw=False, autoLog=True, borderColor=None, color=None, colorSpace='rgb', depth=-6, fillColor=None, flip=False, font='Arial', granularity=1.0, labelColor=None, labelHeight=0.022, labelWrapWidth=None, labels=['Not at \n all good', 'Extremely \n good'], lineColor=None, markerColor=None, name='q5_slider', opacity=None, ori=0.0, pos=array([ 0.39, -0.33]), readOnly=False, self=UNKNOWN, size=array([0.55, 0.03]), startValue=None, style='rating', styleTweaks=[], ticks=array([1, 2, 3, 4, 5, 6]), units='height', win=Window(...))
46.4050 	EXP 	Created slide_number = TextStim(__class__=<class 'psychopy.visual.text.TextStim'>, alignHoriz=method-wrapper(...), alignText='center', alignVert=method-wrapper(...), anchorHoriz='center', anchorVert='center', antialias=True, autoDraw=False, autoLog=True, bold=False, color=array([1, 1, 1]), colorSpace='rgb', contrast=1.0, depth=0.0, flipHoriz=False, flipVert=False, font='Arial', fontFiles=[], height=0.025, italic=False, languageStyle='LTR', name='slide_number', opacity=1.0, ori=0.0, pos=array([0. , 0.4]), rgb=UNKNOWN, text='', units='height', win=Window(...), wrapWidth=1)
46.4056 	EXP 	Created instruction_text = TextStim(__class__=<class 'psychopy.visual.text.TextStim'>, alignHoriz=method-wrapper(...), alignText='center', alignVert=method-wrapper(...), anchorHoriz='center', anchorVert='center', antialias=True, autoDraw=False, autoLog=True, bold=False, color=array([1, 1, 1]), colorSpace='rgb', contrast=1.0, depth=-1.0, flipHoriz=False, flipVert=False, font='Arial', fontFiles=[], height=0.04, italic=False, languageStyle='LTR', name='instruction_text', opacity=1.0, ori=0.0, pos=array([0.  , 0.29]), rgb=UNKNOWN, text='', units='height', win=Window(...), wrapWidth=1)
46.4085 	EXP 	Created spacebar_3 = TextStim(__class__=<class 'psychopy.visual.text.TextStim'>, alignHoriz=method-wrapper(...), alignText='center', alignVert=method-wrapper(...), anchorHoriz='center', anchorVert='center', antialias=True, autoDraw=False, autoLog=True, bold=False, color=array([1, 1, 1]), colorSpace='rgb', contrast=1.0, depth=-2.0, flipHoriz=False, flipVert=False, font='Arial', fontFiles=[], height=0.025, italic=False, languageStyle='LTR', name='spacebar_3', opacity=1.0, ori=0.0, pos=array([ 0.  , -0.44]), rgb=UNKNOWN, text=str(...), units='height', win=Window(...), wrapWidth=1)
46.4530 	EXP 	Created instruction_image = ImageStim(__class__=<class 'psychopy.visual.image.ImageStim'>, anchor=('center', 'center'), autoLog=True, color=array([1, 1, 1]), colorSpace='rgb', contrast=1.0, depth=-3.0, flipHoriz=False, flipVert=False, image='images/all_images/9cs.jpeg', interpolate=True, mask=None, maskParams=None, name='instruction_image', opacity=1.0, ori=0.0, pos=array([ 0.   , -0.075]), size=array([0.36, 0.36]), texRes=128.0, units='height', win=Window(...))
46.4587 	EXP 	Created EXsentence1 = TextStim(__class__=<class 'psychopy.visual.text.TextStim'>, alignHoriz=method-wrapper(...), alignText='center', alignVert=method-wrapper(...), anchorHoriz='center', anchorVert='center', antialias=True, autoDraw=False, autoLog=True, bold=False, color=array([0.65490196, 0.65490196, 0.65490196]), colorSpace='rgb', contrast=1.0, depth=-4.0, flipHoriz=False, flipVert=False, font='Arial', fontFiles=[], height=0.029999999999999995, italic=False, languageStyle='LTR', name='EXsentence1', opacity=1.0, ori=0.0, pos=array([0.  , 0.14]), rgb=UNKNOWN, text=str(...), units='height', win=Window(...), wrapWidth=1.4)
46.4631 	EXP 	Created question_text_2 = TextStim(__class__=<class 'psychopy.visual.text.TextStim'>, alignHoriz=method-wrapper(...), alignText='center', alignVert=method-wrapper(...), anchorHoriz='center', anchorVert='center', antialias=True, autoDraw=False, autoLog=True, bold=False, color=array([0.65490196, 0.65490196, 0.65490196]), colorSpace='rgb', contrast=1.0, depth=-6.0, flipHoriz=False, flipVert=False, font='Arial', fontFiles=[], height=0.029999999999999995, italic=False, languageStyle='LTR', name='question_text_2', opacity=1.0, ori=0.0, pos=array([ 0.  , -0.29]), rgb=UNKNOWN, text=str(...), units='height', win=Window(...), wrapWidth=1)
46.4865 	EXP 	Created slider_image = ImageStim(__class__=<class 'psychopy.visual.image.ImageStim'>, anchor=('center', 'center'), autoLog=True, color=array([1, 1, 1]), colorSpace='rgb', contrast=1.0, depth=-7.0, flipHoriz=False, flipVert=False, image='slider_image.png', interpolate=True, mask=None, maskParams=None, name='slider_image', opacity=1.0, ori=0.0, pos=array([ 0.  , -0.37]), size=array([0.6 , 0.09]), texRes=128.0, units='height', win=Window(...))
46.4877 	EXP 	Created triangle = ShapeStim(__class__=<class 'psychopy.visual.shape.ShapeStim'>, anchor=('center', 'center'), autoDraw=False, autoLog=True, closeShape=True, color=method-wrapper(...), colorSpace='rgb', contrast=None, depth=-8.0, fillColor=array([1, 1, 1]), fillColorSpace='rgb', fillRGB=array([1, 1, 1]), interpolate=True, lineColor=array([1, 1, 1]), lineColorSpace='rgb', lineRGB=array([1, 1, 1]), lineWidth=1.0, name='triangle', opacity=1.0, ori=180.0, pos=array([0., 0.]), size=array([0.06, 0.03]), units='height', vertices=ndarray(...), win=Window(...), windingRule=None)
46.4913 	EXP 	Created arrow = TextStim(__class__=<class 'psychopy.visual.text.TextStim'>, alignHoriz=method-wrapper(...), alignText='center', alignVert=method-wrapper(...), anchorHoriz='center', anchorVert='center', antialias=True, autoDraw=False, autoLog=True, bold=False, color=array([1, 1, 1]), colorSpace='rgb', contrast=1.0, depth=-9.0, flipHoriz=False, flipVert=False, font='Arial', fontFiles=[], height=0.1, italic=False, languageStyle='LTR', name='arrow', opacity=1.0, ori=0.0, pos=array([0., 0.]), rgb=UNKNOWN, text='→', units='height', win=Window(...), wrapWidth=1)
46.4919 	EXP 	Created sentence_text = TextStim(__class__=<class 'psychopy.visual.text.TextStim'>, alignHoriz=method-wrapper(...), alignText='center', alignVert=method-wrapper(...), anchorHoriz='center', anchorVert='center', antialias=True, autoDraw=False, autoLog=True, bold=False, color=array([1, 1, 1]), colorSpace='rgb', contrast=1.0, depth=-1.0, flipHoriz=False, flipVert=False, font='Arial', fontFiles=[], height=0.03, italic=False, languageStyle='LTR', name='sentence_text', opacity=1.0, ori=0.0, pos=array([0.  , 0.39]), rgb=UNKNOWN, text='', units='height', win=Window(...), wrapWidth=1.2)
46.4960 	EXP 	Created image = ImageStim(__class__=<class 'psychopy.visual.image.ImageStim'>, anchor=('center', 'center'), autoLog=True, color=array([1, 1, 1]), colorSpace='rgb', contrast=1.0, depth=-2.0, flipHoriz=False, flipVert=False, image='sin', interpolate=True, mask=None, maskParams=None, name='image', opacity=1.0, ori=0.0, pos=array([0.  , 0.06]), size=array([0.6 , 0.43]), texRes=128.0, units='height', win=Window(...))
46.4966 	EXP 	Created question_text = TextStim(__class__=<class 'psychopy.visual.text.TextStim'>, alignHoriz=method-wrapper(...), alignText='center', alignVert=method-wrapper(...), anchorHoriz='center', anchorVert='center', antialias=True, autoDraw=False, autoLog=True, bold=False, color=array([1, 1, 1]), colorSpace='rgb', contrast=1.0, depth=-3.0, flipHoriz=False, flipVert=False, font='Arial', fontFiles=[], height=0.03, italic=False, languageStyle='LTR', name='question_text', opacity=1.0, ori=0.0, pos=array([ 0.  , -0.29]), rgb=UNKNOWN, text='', units='height', win=Window(...), wrapWidth=1)
46.4985 	EXP 	window1: mouseVisible = True
46.5259 	EXP 	Created slider = Slider(__class__=<class 'psychopy.visual.slider.Slider'>, autoDraw=False, autoLog=True, borderColor=None, color=None, colorSpace='rgb', depth=-4, fillColor=None, flip=False, font='Arial', granularity=None, labelColor=None, labelHeight=0.029999999999999995, labelWrapWidth=None, labels=('Not very severe', 'Very severe'), lineColor=None, markerColor=None, name='slider', opacity=None, ori=0.0, pos=array([ 0.  , -0.35]), readOnly=False, self=UNKNOWN, size=array([0.5 , 0.04]), startValue=None, style='rating', styleTweaks=['triangleMarker'], ticks=array([1, 2]), units='height', win=Window(...))
46.5266 	EXP 	Created trial_counter_text = TextStim(__class__=<class 'psychopy.visual.text.TextStim'>, alignHoriz=method-wrapper(...), alignText='center', alignVert=method-wrapper(...), anchorHoriz='center', anchorVert='center', antialias=True, autoDraw=False, autoLog=True, bold=False, color=array([1, 1, 1]), colorSpace='rgb', contrast=1.0, depth=-7.0, flipHoriz=False, flipVert=False, font='Arial', fontFiles=[], height=0.025, italic=False, languageStyle='LTR', name='trial_counter_text', opacity=1.0, ori=0, pos=array([0.5 , 0.43]), rgb=UNKNOWN, text='', units='height', win=Window(...), wrapWidth=1)
46.5394 	EXP 	Created spacebar_text = TextStim(__class__=<class 'psychopy.visual.text.TextStim'>, alignHoriz=method-wrapper(...), alignText='center', alignVert=method-wrapper(...), anchorHoriz='center', anchorVert='center', antialias=True, autoDraw=False, autoLog=True, bold=False, color=array([1, 1, 1]), colorSpace='rgb', contrast=1.0, depth=-8.0, flipHoriz=False, flipVert=False, font='Arial', fontFiles=[], height=0.02, italic=False, languageStyle='LTR', name='spacebar_text', opacity=1.0, ori=0.0, pos=array([ 0.  , -0.44]), rgb=UNKNOWN, text=str(...), units='height', win=Window(...), wrapWidth=1)
46.5459 	EXP 	Created section_text = TextStim(__class__=<class 'psychopy.visual.text.TextStim'>, alignHoriz=method-wrapper(...), alignText='center', alignVert=method-wrapper(...), anchorHoriz='center', anchorVert='center', antialias=True, autoDraw=False, autoLog=True, bold=False, color=array([1, 1, 1]), colorSpace='rgb', contrast=1.0, depth=-1.0, flipHoriz=False, flipVert=False, font='Arial', fontFiles=[], height=0.025, italic=False, languageStyle='LTR', name='section_text', opacity=1.0, ori=0.0, pos=array([0. , 0.4]), rgb=UNKNOWN, text='Additional Question', units='height', win=Window(...), wrapWidth=1)
46.5601 	EXP 	Created ad_question_text = TextStim(__class__=<class 'psychopy.visual.text.TextStim'>, alignHoriz=method-wrapper(...), alignText='center', alignVert=method-wrapper(...), anchorHoriz='center', anchorVert='center', antialias=True, autoDraw=False, autoLog=True, bold=False, color=array([1, 1, 1]), colorSpace='rgb', contrast=1.0, depth=-2.0, flipHoriz=False, flipVert=False, font='Open Sans', fontFiles=[], height=0.04, italic=False, languageStyle='LTR', name='ad_question_text', opacity=1.0, ori=0.0, pos=array([0.  , 0.29]), rgb=UNKNOWN, text=str(...), units='height', win=Window(...), wrapWidth=1)
46.5866 	EXP 	Created scales_images = ImageStim(__class__=<class 'psychopy.visual.image.ImageStim'>, anchor=('center', 'center'), autoLog=True, color=array([1, 1, 1]), colorSpace='rgb', contrast=1.0, depth=-3.0, flipHoriz=False, flipVert=False, image='images/two_scales.JPEG', interpolate=True, mask=None, maskParams=None, name='scales_images', opacity=1.0, ori=0.0, pos=array([0., 0.]), size=array([0.4, 0.4]), texRes=128.0, units='height', win=Window(...))
46.5958 	EXP 	Created text_4 = TextStim(__class__=<class 'psychopy.visual.text.TextStim'>, alignHoriz=method-wrapper(...), alignText='center', alignVert=method-wrapper(...), anchorHoriz='center', anchorVert='center', antialias=True, autoDraw=False, autoLog=True, bold=False, color=array([1, 1, 1]), colorSpace='rgb', contrast=1.0, depth=-4.0, flipHoriz=False, flipVert=False, font='Arial', fontFiles=[], height=0.04, italic=False, languageStyle='LTR', name='text_4', opacity=1.0, ori=0.0, pos=array([ 0.  , -0.25]), rgb=UNKNOWN, text='Please choose from "A" or "B":', units='height', win=Window(...), wrapWidth=1)
46.5976 	EXP 	window1: mouseVisible = True
46.6364 	EXP 	Created scale_slider = Slider(__class__=<class 'psychopy.visual.slider.Slider'>, autoDraw=False, autoLog=True, borderColor=None, color=None, colorSpace='rgb', depth=-5, fillColor=None, flip=False, font='Arial', granularity=1.0, labelColor=None, labelHeight=0.04, labelWrapWidth=None, labels=['B', 'A'], lineColor=None, markerColor=None, name='scale_slider', opacity=None, ori=0.0, pos=array([ 0.  , -0.33]), readOnly=False, self=UNKNOWN, size=array([0.03, 0.05]), startValue=None, style='radio', styleTweaks=[], ticks=array([1, 2]), units='height', win=Window(...))
46.6479 	EXP 	Created next_slide_text = TextStim(__class__=<class 'psychopy.visual.text.TextStim'>, alignHoriz=method-wrapper(...), alignText='center', alignVert=method-wrapper(...), anchorHoriz='center', anchorVert='center', antialias=True, autoDraw=False, autoLog=True, bold=False, color=array([1., 1., 1.]), colorSpace='rgb', contrast=1.0, depth=-6.0, flipHoriz=False, flipVert=False, font='Arial', fontFiles=[], height=0.02, italic=False, languageStyle='LTR', name='next_slide_text', opacity=1.0, ori=0.0, pos=array([ 0.  , -0.44]), rgb=UNKNOWN, text='Press the spacebar to begin the experiment.', units='height', win=Window(...), wrapWidth=1)
46.6714 	EXP 	Created debrief_text = TextStim(__class__=<class 'psychopy.visual.text.TextStim'>, alignHoriz=method-wrapper(...), alignText='center', alignVert=method-wrapper(...), anchorHoriz='center', anchorVert='center', antialias=True, autoDraw=False, autoLog=True, bold=False, color=array([1, 1, 1]), colorSpace='rgb', contrast=1.0, depth=0.0, flipHoriz=False, flipVert=False, font='Arial', fontFiles=[], height=0.04, italic=False, languageStyle='LTR', name='debrief_text', opacity=1.0, ori=0.0, pos=array([-0.5,  0. ]), rgb=UNKNOWN, text=str(...), units='height', win=Window(...), wrapWidth=1)
46.6802 	EXP 	Created spacebar_debrief = TextStim(__class__=<class 'psychopy.visual.text.TextStim'>, alignHoriz=method-wrapper(...), alignText='center', alignVert=method-wrapper(...), anchorHoriz='center', anchorVert='center', antialias=True, autoDraw=False, autoLog=True, bold=False, color=array([1, 1, 1]), colorSpace='rgb', contrast=1.0, depth=-2.0, flipHoriz=False, flipVert=False, font='Arial', fontFiles=[], height=0.025, italic=False, languageStyle='LTR', name='spacebar_debrief', opacity=1.0, ori=0, pos=array([ 0.  , -0.35]), rgb=UNKNOWN, text='Press the spacebar to continue.', units='height', win=Window(...), wrapWidth=1)
46.6869 	EXP 	window1: mouseVisible = True
46.6882 	EXP 	Created continue_box = Rect(__class__=<class 'psychopy.visual.rect.Rect'>, anchor=('center', 'center'), autoDraw=False, autoLog=True, closeShape=True, color=method-wrapper(...), colorSpace='rgb', contrast=None, depth=-2.0, fillColor=array([-1, -1, -1]), fillColorSpace='rgb', fillRGB=array([-1, -1, -1]), interpolate=True, lineColor=array([1, 1, 1]), lineColorSpace='rgb', lineRGB=array([1, 1, 1]), lineWidth=1.0, name='continue_box', opacity=1.0, ori=0.0, pos=array([ 0. , -0.4]), size=array([0.17, 0.06]), units='height', vertices=ndarray(...), win=Window(...))
46.6925 	EXP 	Created continue_text = TextStim(__class__=<class 'psychopy.visual.text.TextStim'>, alignHoriz=method-wrapper(...), alignText='center', alignVert=method-wrapper(...), anchorHoriz='center', anchorVert='center', antialias=True, autoDraw=False, autoLog=True, bold=False, color=array([1, 1, 1]), colorSpace='rgb', contrast=1.0, depth=-3.0, flipHoriz=False, flipVert=False, font='Arial', fontFiles=[], height=0.04, italic=False, languageStyle='LTR', name='continue_text', opacity=1.0, ori=0.0, pos=array([ 0. , -0.4]), rgb=UNKNOWN, text='Continue', units='height', win=Window(...), wrapWidth=1)
46.7095 	EXP 	Created comment_instructions = TextStim(__class__=<class 'psychopy.visual.text.TextStim'>, alignHoriz=method-wrapper(...), alignText='center', alignVert=method-wrapper(...), anchorHoriz='center', anchorVert='center', antialias=True, autoDraw=False, autoLog=True, bold=False, color=array([1, 1, 1]), colorSpace='rgb', contrast=1.0, depth=-5.0, flipHoriz=False, flipVert=False, font='Arial', fontFiles=[], height=0.05, italic=False, languageStyle='LTR', name='comment_instructions', opacity=1.0, ori=0.0, pos=array([0.  , 0.35]), rgb=UNKNOWN, text=str(...), units='height', win=Window(...), wrapWidth=1)
46.7209 	EXP 	Created final_text = TextStim(__class__=<class 'psychopy.visual.text.TextStim'>, alignHoriz=method-wrapper(...), alignText='center', alignVert=method-wrapper(...), anchorHoriz='center', anchorVert='center', antialias=True, autoDraw=False, autoLog=True, bold=False, color=array([1, 1, 1]), colorSpace='rgb', contrast=1.0, depth=0.0, flipHoriz=False, flipVert=False, font='Arial', fontFiles=[], height=0.05, italic=False, languageStyle='LTR', name='final_text', opacity=1.0, ori=0, pos=array([0., 0.]), rgb=UNKNOWN, text=str(...), units='height', win=Window(...), wrapWidth=1)
46.7467 	EXP 	ageResp: autoLog = True
46.7467 	EXP 	genderResp1: autoLog = True
46.7467 	EXP 	genderResp1: markerPos = None
46.7467 	EXP 	genderResp1: styleTweaks = []
46.7467 	EXP 	genderResp1: styleTweaks = []
46.7467 	EXP 	genderResp1: styleTweaks = []
46.7467 	EXP 	genderResp1: styleTweaks = []
46.7467 	EXP 	genderResp1: contrast = 1.0
46.7467 	EXP 	genderResp1: autoLog = True
46.7467 	EXP 	genderResp2: autoLog = True
46.7467 	EXP 	edu_slider: autoLog = True
46.7467 	EXP 	edu_slider: markerPos = None
46.7467 	EXP 	edu_slider: styleTweaks = []
46.7467 	EXP 	edu_slider: styleTweaks = []
46.7467 	EXP 	edu_slider: styleTweaks = []
46.7467 	EXP 	edu_slider: styleTweaks = []
46.7467 	EXP 	edu_slider: contrast = 1.0
46.7467 	EXP 	edu_slider: autoLog = True
46.7467 	EXP 	q1_slider: autoLog = True
46.7467 	EXP 	q1_slider: markerPos = None
46.7467 	EXP 	q1_slider: styleTweaks = []
46.7467 	EXP 	q1_slider: styleTweaks = []
46.7467 	EXP 	q1_slider: styleTweaks = []
46.7467 	EXP 	q1_slider: styleTweaks = []
46.7467 	EXP 	q1_slider: contrast = 1.0
46.7467 	EXP 	q1_slider: autoLog = True
46.7467 	EXP 	q2_slider: autoLog = True
46.7467 	EXP 	q2_slider: markerPos = None
46.7467 	EXP 	q2_slider: styleTweaks = []
46.7467 	EXP 	q2_slider: styleTweaks = []
46.7467 	EXP 	q2_slider: styleTweaks = []
46.7467 	EXP 	q2_slider: styleTweaks = []
46.7467 	EXP 	q2_slider: contrast = 1.0
46.7467 	EXP 	q2_slider: autoLog = True
46.7467 	EXP 	q3_slider: autoLog = True
46.7467 	EXP 	q3_slider: markerPos = None
46.7467 	EXP 	q3_slider: styleTweaks = []
46.7467 	EXP 	q3_slider: styleTweaks = []
46.7467 	EXP 	q3_slider: styleTweaks = []
46.7467 	EXP 	q3_slider: styleTweaks = []
46.7467 	EXP 	q3_slider: contrast = 1.0
46.7467 	EXP 	q3_slider: autoLog = True
46.7467 	EXP 	q4_slider: autoLog = True
46.7467 	EXP 	q4_slider: markerPos = None
46.7467 	EXP 	q4_slider: styleTweaks = []
46.7467 	EXP 	q4_slider: styleTweaks = []
46.7467 	EXP 	q4_slider: styleTweaks = []
46.7467 	EXP 	q4_slider: styleTweaks = []
46.7467 	EXP 	q4_slider: contrast = 1.0
46.7467 	EXP 	q4_slider: autoLog = True
46.7467 	EXP 	q5_slider: autoLog = True
46.7467 	EXP 	q5_slider: markerPos = None
46.7467 	EXP 	q5_slider: styleTweaks = []
46.7467 	EXP 	q5_slider: styleTweaks = []
46.7467 	EXP 	q5_slider: styleTweaks = []
46.7467 	EXP 	q5_slider: styleTweaks = []
46.7467 	EXP 	q5_slider: contrast = 1.0
46.7467 	EXP 	q5_slider: autoLog = True
46.7467 	EXP 	slider: autoLog = True
46.7467 	EXP 	slider: markerPos = None
46.7467 	EXP 	slider: styleTweaks = []
46.7467 	EXP 	slider: styleTweaks = []
46.7467 	EXP 	slider: styleTweaks = ['triangleMarker']
46.7467 	EXP 	slider: styleTweaks = ['triangleMarker']
46.7467 	EXP 	slider: contrast = 1.0
46.7467 	EXP 	slider: autoLog = True
46.7467 	EXP 	scale_slider: autoLog = True
46.7467 	EXP 	scale_slider: markerPos = None
46.7467 	EXP 	scale_slider: styleTweaks = []
46.7467 	EXP 	scale_slider: styleTweaks = []
46.7467 	EXP 	scale_slider: styleTweaks = []
46.7467 	EXP 	scale_slider: styleTweaks = []
46.7467 	EXP 	scale_slider: contrast = 1.0
46.7467 	EXP 	scale_slider: autoLog = True
46.7467 	EXP 	textbox: autoLog = True
46.7467 	EXP 	intro_text2: autoDraw = True
47.6725 	DATA 	Keypress: space
48.3394 	DATA 	Keypress: space
49.1861 	DATA 	Keypress: space
50.2188 	DATA 	Mouse: Left button down, pos=(620,559)
50.3362 	DATA 	Mouse:  Left button up, pos=(620,559)
50.5179 	EXP 	Created sequence: sequential, trialTypes=1, nReps=100, seed=None
50.5186 	EXP 	New trial (rep=0, index=0): None
50.6146 	DATA 	Keypress: space
50.6405 	EXP 	intro_text2: autoDraw = False
50.6405 	EXP 	info_sheet_image: image = 'info/info1.png'
50.6405 	EXP 	counter: height = 0.029999999999999995
50.6405 	EXP 	counter: height = 0.029999999999999995
50.6405 	EXP 	counter: height = 0.029999999999999995
50.6405 	EXP 	counter: text = 'Page 1 of 4'
50.6405 	EXP 	info_sheet_image: autoDraw = True
50.6405 	EXP 	counter: autoDraw = True
50.6405 	EXP 	move_text: autoDraw = True
50.6405 	EXP 	info_sheet_next: autoDraw = True
51.5350 	EXP 	New trial (rep=1, index=0): None
51.6326 	DATA 	Keypress: right
51.6590 	EXP 	info_sheet_image: autoDraw = False
51.6590 	EXP 	counter: autoDraw = False
51.6590 	EXP 	move_text: autoDraw = False
51.6590 	EXP 	info_sheet_next: autoDraw = False
51.6590 	EXP 	info_sheet_image: image = 'info/info2.png'
51.6590 	EXP 	counter: height = 0.029999999999999995
51.6590 	EXP 	counter: height = 0.029999999999999995
51.6590 	EXP 	counter: height = 0.029999999999999995
51.6590 	EXP 	counter: text = 'Page 2 of 4'
51.6590 	EXP 	info_sheet_image: autoDraw = True
51.6590 	EXP 	counter: autoDraw = True
51.6590 	EXP 	move_text: autoDraw = True
51.6590 	EXP 	info_sheet_next: autoDraw = True
51.7009 	EXP 	New trial (rep=2, index=0): None
51.7841 	DATA 	Keypress: right
51.8088 	EXP 	info_sheet_image: autoDraw = False
51.8088 	EXP 	counter: autoDraw = False
51.8088 	EXP 	move_text: autoDraw = False
51.8088 	EXP 	info_sheet_next: autoDraw = False
51.8088 	EXP 	info_sheet_image: image = 'info/info3.png'
51.8088 	EXP 	counter: height = 0.029999999999999995
51.8088 	EXP 	counter: height = 0.029999999999999995
51.8088 	EXP 	counter: height = 0.029999999999999995
51.8088 	EXP 	counter: text = 'Page 3 of 4'
51.8088 	EXP 	info_sheet_image: autoDraw = True
51.8088 	EXP 	counter: autoDraw = True
51.8088 	EXP 	move_text: autoDraw = True
51.8088 	EXP 	info_sheet_next: autoDraw = True
51.8509 	EXP 	New trial (rep=3, index=0): None
51.9289 	DATA 	Keypress: right
51.9561 	EXP 	info_sheet_image: autoDraw = False
51.9561 	EXP 	counter: autoDraw = False
51.9561 	EXP 	move_text: autoDraw = False
51.9561 	EXP 	info_sheet_next: autoDraw = False
51.9561 	EXP 	info_sheet_image: image = 'info/info4.png'
51.9561 	EXP 	counter: height = 0.029999999999999995
51.9561 	EXP 	counter: height = 0.029999999999999995
51.9561 	EXP 	counter: height = 0.029999999999999995
51.9561 	EXP 	counter: text = 'Page 4 of 4'
51.9561 	EXP 	info_sheet_image: autoDraw = True
51.9561 	EXP 	counter: autoDraw = True
51.9561 	EXP 	move_text: autoDraw = True
51.9561 	EXP 	info_sheet_next: autoDraw = True
52.0193 	EXP 	New trial (rep=4, index=0): None
52.1011 	DATA 	Keypress: right
52.1284 	EXP 	info_sheet_image: autoDraw = False
52.1284 	EXP 	counter: autoDraw = False
52.1284 	EXP 	move_text: autoDraw = False
52.1284 	EXP 	info_sheet_next: autoDraw = False
52.1284 	EXP 	info_sheet_image: image = 'info/info4.png'
52.1284 	EXP 	counter: text = 'Page 4 of 4'
52.1284 	EXP 	info_sheet_image: autoDraw = True
52.1284 	EXP 	counter: autoDraw = True
52.1284 	EXP 	move_text: autoDraw = True
52.1284 	EXP 	info_sheet_next: autoDraw = True
52.1512 	EXP 	New trial (rep=5, index=0): None
52.2282 	DATA 	Keypress: right
52.2476 	EXP 	info_sheet_image: autoDraw = False
52.2476 	EXP 	counter: autoDraw = False
52.2476 	EXP 	move_text: autoDraw = False
52.2476 	EXP 	info_sheet_next: autoDraw = False
52.2476 	EXP 	info_sheet_image: image = 'info/info4.png'
52.2476 	EXP 	counter: text = 'Page 4 of 4'
52.2476 	EXP 	info_sheet_image: autoDraw = True
52.2476 	EXP 	counter: autoDraw = True
52.2476 	EXP 	move_text: autoDraw = True
52.2476 	EXP 	info_sheet_next: autoDraw = True
52.2853 	EXP 	New trial (rep=6, index=0): None
52.3635 	DATA 	Keypress: right
52.3906 	EXP 	info_sheet_image: autoDraw = False
52.3906 	EXP 	counter: autoDraw = False
52.3906 	EXP 	move_text: autoDraw = False
52.3906 	EXP 	info_sheet_next: autoDraw = False
52.3906 	EXP 	info_sheet_image: image = 'info/info4.png'
52.3906 	EXP 	counter: text = 'Page 4 of 4'
52.3906 	EXP 	info_sheet_image: autoDraw = True
52.3906 	EXP 	counter: autoDraw = True
52.3906 	EXP 	move_text: autoDraw = True
52.3906 	EXP 	info_sheet_next: autoDraw = True
52.9876 	DATA 	Keypress: return
53.0253 	EXP 	Imported consent.csv as conditions, 6 conditions, 1 params
53.0257 	EXP 	Created sequence: sequential, trialTypes=6, nReps=1, seed=None
53.0260 	EXP 	New trial (rep=0, index=0): OrderedDict([('consent_item', '1 of 6\nI confirm that I have read the attached information sheet (Version A5.0; Date 26/05/2022) for the above study and have had the opportunity to consider the information and ask questions and had these answered satisfactorily.')])
53.0565 	EXP 	info_sheet_image: autoDraw = False
53.0565 	EXP 	counter: autoDraw = False
53.0565 	EXP 	move_text: autoDraw = False
53.0565 	EXP 	info_sheet_next: autoDraw = False
53.0565 	EXP 	item_text: height = 0.04
53.0565 	EXP 	item_text: height = 0.04
53.0565 	EXP 	item_text: height = 0.04
53.0565 	EXP 	item_text: text = '1 of 6\nI confirm that I have read the attached information sheet (Version A5.0; Date 26/05/2022) for the above study and have had the opportunity to consider the information and ask questions and had these answered satisfactorily.'
53.0565 	EXP 	study_title: autoDraw = True
53.0565 	EXP 	item_text: autoDraw = True
53.0565 	EXP 	keypress_instructions: autoDraw = True
54.1225 	DATA 	Keypress: y
54.2868 	DATA 	Keypress: y
54.4539 	DATA 	Keypress: y
54.6865 	DATA 	Keypress: y
54.9206 	DATA 	Keypress: y
55.1511 	EXP 	New trial (rep=0, index=1): OrderedDict([('consent_item', '2 of 6\nI understand that my participation in the study is voluntary and that I am free to withdraw at any time without giving a reason and without detriment to myself (although I will not receive payment for this study). I understand that it will not be possible to remove my data from the project once it has been anonymised and forms part of the data set.  \n\nI agree to take part on this basis.')])
55.1793 	DATA 	Keypress: y
55.1852 	EXP 	study_title: autoDraw = False
55.1852 	EXP 	item_text: autoDraw = False
55.1852 	EXP 	keypress_instructions: autoDraw = False
55.1852 	EXP 	item_text: height = 0.04
55.1852 	EXP 	item_text: height = 0.04
55.1852 	EXP 	item_text: height = 0.04
55.1852 	EXP 	item_text: text = '2 of 6\nI understand that my participation in the study is voluntary and that I am free to withdraw at any time without giving a reason and without detriment to myself (although I will not receive payment for this study). I understand that it will not be possible to remove my data from the project once it has been anonymised and forms part of the data set.  \n\nI agree to take part on this basis.'
55.1852 	EXP 	study_title: autoDraw = True
55.1852 	EXP 	item_text: autoDraw = True
55.1852 	EXP 	keypress_instructions: autoDraw = True
55.3861 	DATA 	Keypress: y
55.6727 	DATA 	Keypress: y
55.8695 	DATA 	Keypress: y
56.0876 	DATA 	Keypress: y
56.2874 	DATA 	Keypress: y
56.5374 	DATA 	Keypress: y
56.8033 	DATA 	Keypress: y
57.0709 	DATA 	Keypress: y
57.4176 	EXP 	New trial (rep=0, index=2): OrderedDict([('consent_item', '3 of 6\nI agree that any data collected may be included in anonymous form in student theses/publications/conference presentations.')])
57.4286 	DATA 	Keypress: y
57.4345 	EXP 	study_title: autoDraw = False
57.4345 	EXP 	item_text: autoDraw = False
57.4345 	EXP 	keypress_instructions: autoDraw = False
57.4345 	EXP 	item_text: height = 0.04
57.4345 	EXP 	item_text: height = 0.04
57.4345 	EXP 	item_text: height = 0.04
57.4345 	EXP 	item_text: text = '3 of 6\nI agree that any data collected may be included in anonymous form in student theses/publications/conference presentations.'
57.4345 	EXP 	study_title: autoDraw = True
57.4345 	EXP 	item_text: autoDraw = True
57.4345 	EXP 	keypress_instructions: autoDraw = True
57.7372 	DATA 	Keypress: y
57.9199 	DATA 	Keypress: y
58.1211 	DATA 	Keypress: y
58.3541 	DATA 	Keypress: y
58.5706 	DATA 	Keypress: y
58.7706 	DATA 	Keypress: y
58.9879 	DATA 	Keypress: y
59.2072 	DATA 	Keypress: y
59.4518 	EXP 	New trial (rep=0, index=3): OrderedDict([('consent_item', '4 of 6\nI understand that a fully anonymised dataset will be deposited in public open data repositories.')])
59.4627 	DATA 	Keypress: y
59.4684 	EXP 	study_title: autoDraw = False
59.4684 	EXP 	item_text: autoDraw = False
59.4684 	EXP 	keypress_instructions: autoDraw = False
59.4684 	EXP 	item_text: height = 0.04
59.4684 	EXP 	item_text: height = 0.04
59.4684 	EXP 	item_text: height = 0.04
59.4684 	EXP 	item_text: text = '4 of 6\nI understand that a fully anonymised dataset will be deposited in public open data repositories.'
59.4684 	EXP 	study_title: autoDraw = True
59.4684 	EXP 	item_text: autoDraw = True
59.4684 	EXP 	keypress_instructions: autoDraw = True
61.4046 	DATA 	Keypress: y
61.5852 	EXP 	New trial (rep=0, index=4): OrderedDict([('consent_item', '5 of 6\nI understand that data collected during the study may be looked at by individuals from The University of Manchester or regulatory authorities, where it is relevant to my taking part in this research. I give permission for these individuals to have access to my data.')])
61.6030 	DATA 	Keypress: y
61.6071 	EXP 	study_title: autoDraw = False
61.6071 	EXP 	item_text: autoDraw = False
61.6071 	EXP 	keypress_instructions: autoDraw = False
61.6071 	EXP 	item_text: height = 0.04
61.6071 	EXP 	item_text: height = 0.04
61.6071 	EXP 	item_text: height = 0.04
61.6071 	EXP 	item_text: text = '5 of 6\nI understand that data collected during the study may be looked at by individuals from The University of Manchester or regulatory authorities, where it is relevant to my taking part in this research. I give permission for these individuals to have access to my data.'
61.6071 	EXP 	study_title: autoDraw = True
61.6071 	EXP 	item_text: autoDraw = True
61.6071 	EXP 	keypress_instructions: autoDraw = True
61.7711 	DATA 	Keypress: y
62.3705 	DATA 	Keypress: y
62.7039 	DATA 	Keypress: y
63.0199 	DATA 	Keypress: y
63.3711 	DATA 	Keypress: y
63.7185 	EXP 	New trial (rep=0, index=5): OrderedDict([('consent_item', '6 of 6\nI agree to take part in this study.')])
63.7261 	DATA 	Keypress: y
63.7329 	EXP 	study_title: autoDraw = False
63.7329 	EXP 	item_text: autoDraw = False
63.7329 	EXP 	keypress_instructions: autoDraw = False
63.7329 	EXP 	item_text: height = 0.04
63.7329 	EXP 	item_text: height = 0.04
63.7329 	EXP 	item_text: height = 0.04
63.7329 	EXP 	item_text: text = '6 of 6\nI agree to take part in this study.'
63.7329 	EXP 	study_title: autoDraw = True
63.7329 	EXP 	item_text: autoDraw = True
63.7329 	EXP 	keypress_instructions: autoDraw = True
64.3370 	DATA 	Keypress: y
64.5366 	DATA 	Keypress: y
64.8539 	DATA 	Keypress: y
65.5876 	DATA 	Keypress: y
66.1556 	DATA 	Keypress: y
66.2131 	EXP 	study_title: autoDraw = False
66.2131 	EXP 	item_text: autoDraw = False
66.2131 	EXP 	keypress_instructions: autoDraw = False
66.2131 	EXP 	genderResp1: markerPos = None
66.2131 	EXP 	genderResp1: markerPos = None
66.2131 	EXP 	ageResp: autoDraw = True
66.2131 	EXP 	age: autoDraw = True
66.2131 	EXP 	gender: autoDraw = True
66.2131 	EXP 	genderResp1: autoDraw = True
66.2131 	EXP 	genderResp2: autoDraw = True
66.2131 	EXP 	continue_box_2: autoDraw = True
66.2131 	EXP 	continue_text_2: autoDraw = True
67.5641 	DATA 	Keypress: backspace
74.0002 	DATA 	Keypress: 2
74.1147 	DATA 	Keypress: 0
74.8048 	DATA 	Mouse: Left button down, pos=(691,516)
74.9226 	DATA 	Mouse:  Left button up, pos=(691,516)
75.3727 	DATA 	Mouse: Left button down, pos=(687,494)
75.4566 	DATA 	Mouse:  Left button up, pos=(687,494)
76.6221 	DATA 	Mouse: Left button down, pos=(587,504)
76.6379 	EXP 	genderResp1: markerPos = 5.0
76.6588 	EXP 	genderResp1: markerPos = 5.0
76.6772 	EXP 	genderResp1: markerPos = 5.0
76.6976 	EXP 	genderResp1: markerPos = 5.0
76.7149 	EXP 	genderResp1: markerPos = 5.0
76.7197 	DATA 	Mouse:  Left button up, pos=(587,504)
76.7332 	EXP 	genderResp1: markerPos = 5.0
77.5524 	DATA 	Mouse: Left button down, pos=(795,90)
77.5979 	EXP 	ageResp: autoDraw = False
77.5979 	EXP 	age: autoDraw = False
77.5979 	EXP 	gender: autoDraw = False
77.5979 	EXP 	genderResp1: autoDraw = False
77.5979 	EXP 	genderResp2: autoDraw = False
77.5979 	EXP 	continue_box_2: autoDraw = False
77.5979 	EXP 	continue_text_2: autoDraw = False
77.5979 	EXP 	edu_slider: markerPos = None
77.5979 	EXP 	edu_slider: markerPos = None
77.5979 	EXP 	edu_text: autoDraw = True
77.5979 	EXP 	edu_slider: autoDraw = True
77.6439 	DATA 	Mouse:  Left button up, pos=(795,90)
86.8034 	DATA 	Mouse: Left button down, pos=(775,412)
86.8189 	EXP 	edu_slider: markerPos = 4.208333333333333
86.8355 	EXP 	edu_slider: markerPos = 4.208333333333333
86.8524 	EXP 	edu_slider: markerPos = 4.208333333333333
86.8691 	EXP 	edu_slider: markerPos = 4.208333333333333
86.8856 	EXP 	edu_slider: markerPos = 4.208333333333333
86.9022 	EXP 	edu_slider: markerPos = 4.208333333333333
86.9035 	DATA 	Mouse:  Left button up, pos=(775,412)
86.9192 	EXP 	edu_slider: markerPos = 4.0
87.3668 	DATA 	Keypress: space
87.4559 	EXP 	edu_text: autoDraw = False
87.4559 	EXP 	edu_slider: autoDraw = False
87.4559 	EXP 	q1_slider: markerPos = None
87.4559 	EXP 	q1_slider: markerPos = None
87.4559 	EXP 	q2_slider: markerPos = None
87.4559 	EXP 	q2_slider: markerPos = None
87.4559 	EXP 	q3_slider: markerPos = None
87.4559 	EXP 	q3_slider: markerPos = None
87.4559 	EXP 	q4_slider: markerPos = None
87.4559 	EXP 	q4_slider: markerPos = None
87.4559 	EXP 	q5_slider: markerPos = None
87.4559 	EXP 	q5_slider: markerPos = None
87.4559 	EXP 	questions_text: alignText = 'right'
87.4559 	EXP 	literacy_top: autoDraw = True
87.4559 	EXP 	questions_text: autoDraw = True
87.4559 	EXP 	q1_slider: autoDraw = True
87.4559 	EXP 	q2_slider: autoDraw = True
87.4559 	EXP 	q3_slider: autoDraw = True
87.4559 	EXP 	q4_slider: autoDraw = True
87.4559 	EXP 	q5_slider: autoDraw = True
87.4559 	EXP 	questions_text: height = 0.029999999999999995
87.4559 	EXP 	questions_text: height = 0.029999999999999995
87.4559 	EXP 	questions_text: height = 0.029999999999999995
87.4559 	EXP 	questions_text: text = 'How good are you at working with bar charts?\n\n\n\nHow good are you at working with line plots?\n\n\n\nHow good are you at working with pie charts?\n\n\n\nHow good are you at inferring the size of a bar in a bar chart?\n\n\n\nHow good are you at determining the difference between two bars in a bar chart?'
106.2502 	DATA 	Keypress: escape
107.5607 	EXP 	window1: mouseVisible = True
