1.5944 	WARNING 	We strongly recommend you activate the PTB sound engine in PsychoPy prefs as the preferred audio engine. Its timing is vastly superior. Your prefs are currently set to use ['sounddevice', 'PTB', 'pyo', 'pygame'] (in that order).
9.2911 	WARNING 	Couldn't measure a consistent frame rate!
  - Is your graphics card set to sync to vertical blank?
  - Are you running other processes on your computer?

9.2916 	EXP 	Created window1 = Window(allowGUI=True, allowStencil=False, autoLog=True, backendConf=UNKNOWN, bitsMode=UNKNOWN, blendMode='avg', bpc=(8, 8, 8), color=array([0, 0, 0]), colorSpace='rgb', depthBits=8, fullscr=<method-wrapper '__getattribute__' of attributeSetter object at 0x7fdb92ad5310>, gamma=None, gammaErrorPolicy='raise', lms=UNKNOWN, monitor=<psychopy.monitors.calibTools.Monitor object at 0x7fdb62ed5910>, multiSample=False, name='window1', numSamples=2, pos=[384.0, 240.0], screen=0, size=array([3072, 1920]), stencilBits=0, stereo=False, units='height', useFBO=True, useRetina=True, viewOri=0.0, viewPos=None, viewScale=None, waitBlanking=True, winType='pyglet')
9.2918 	EXP 	window1: mouseVisible = True
9.2932 	EXP 	window1: mouseVisible = False
9.2932 	EXP 	window1: Attempting to measure frame rate of screen (0) ...
9.2932 	EXP 	window1: recordFrameIntervals = False
9.4579 	EXP 	window1: recordFrameIntervals = True
11.1245 	WARNING 	Couldn't measure a consistent frame rate!
  - Is your graphics card set to sync to vertical blank?
  - Are you running other processes on your computer?

13.3793 	EXP 	Created intro_text2 = TextStim(__class__=<class 'psychopy.visual.text.TextStim'>, alignHoriz=method-wrapper(...), alignText='center', alignVert=method-wrapper(...), anchorHoriz='center', anchorVert='center', antialias=True, autoDraw=False, autoLog=True, bold=False, color=array([1, 1, 1]), colorSpace='rgb', contrast=1.0, depth=0.0, flipHoriz=False, flipVert=False, font='Arial', fontFiles=[], height=0.04, italic=False, languageStyle='LTR', name='intro_text2', opacity=1.0, ori=0, pos=array([0., 0.]), rgb=UNKNOWN, text=str(...), units='height', win=Window(...), wrapWidth=1)
13.3860 	EXP 	Created info_sheet_image = ImageStim(__class__=<class 'psychopy.visual.image.ImageStim'>, anchor=('center', 'center'), autoLog=True, color=array([1, 1, 1]), colorSpace='rgb', contrast=1.0, depth=-2.0, flipHoriz=False, flipVert=False, image='sin', interpolate=True, mask=None, maskParams=None, name='info_sheet_image', opacity=1.0, ori=0.0, pos=array([0. , 0.1]), size=array([1.05, 0.7 ]), texRes=512, units='height', win=Window(...))
13.3870 	EXP 	Created counter = TextStim(__class__=<class 'psychopy.visual.text.TextStim'>, alignHoriz=method-wrapper(...), alignText='center', alignVert=method-wrapper(...), anchorHoriz='center', anchorVert='center', antialias=True, autoDraw=False, autoLog=True, bold=False, color=array([1, 1, 1]), colorSpace='rgb', contrast=1.0, depth=-4.0, flipHoriz=False, flipVert=False, font='Arial', fontFiles=[], height=0.03, italic=False, languageStyle='LTR', name='counter', opacity=1.0, ori=0, pos=array([ 0.  , -0.29]), rgb=UNKNOWN, text='', units='height', win=Window(...), wrapWidth=1)
13.4015 	EXP 	Created move_text = TextStim(__class__=<class 'psychopy.visual.text.TextStim'>, alignHoriz=method-wrapper(...), alignText='center', alignVert=method-wrapper(...), anchorHoriz='center', anchorVert='center', antialias=True, autoDraw=False, autoLog=True, bold=False, color=array([1, 1, 1]), colorSpace='rgb', contrast=1.0, depth=-5.0, flipHoriz=False, flipVert=False, font='Arial', fontFiles=[], height=0.035, italic=False, languageStyle='LTR', name='move_text', opacity=1.0, ori=0, pos=array([ 0.  , -0.35]), rgb=UNKNOWN, text=str(...), units='height', win=Window(...), wrapWidth=1)
13.4235 	EXP 	Created info_sheet_next = TextStim(__class__=<class 'psychopy.visual.text.TextStim'>, alignHoriz=method-wrapper(...), alignText='center', alignVert=method-wrapper(...), anchorHoriz='center', anchorVert='center', antialias=True, autoDraw=False, autoLog=True, bold=False, color=array([1, 1, 1]), colorSpace='rgb', contrast=1.0, depth=-6.0, flipHoriz=False, flipVert=False, font='Arial', fontFiles=[], height=0.025, italic=False, languageStyle='LTR', name='info_sheet_next', opacity=1.0, ori=0, pos=array([ 0.  , -0.43]), rgb=UNKNOWN, text=str(...), units='height', win=Window(...), wrapWidth=1.1)
13.4313 	EXP 	Created study_title = TextStim(__class__=<class 'psychopy.visual.text.TextStim'>, alignHoriz=method-wrapper(...), alignText='center', alignVert=method-wrapper(...), anchorHoriz='center', anchorVert='center', antialias=True, autoDraw=False, autoLog=True, bold=False, color=array([1, 1, 1]), colorSpace='rgb', contrast=1.0, depth=0.0, flipHoriz=False, flipVert=False, font='Arial', fontFiles=[], height=0.029999999999999995, italic=False, languageStyle='LTR', name='study_title', opacity=1.0, ori=0, pos=array([0. , 0.4]), rgb=UNKNOWN, text='Decision-Making With Maps', units='height', win=Window(...), wrapWidth=1)
13.4319 	EXP 	Created item_text = TextStim(__class__=<class 'psychopy.visual.text.TextStim'>, alignHoriz=method-wrapper(...), alignText='center', alignVert=method-wrapper(...), anchorHoriz='center', anchorVert='center', antialias=True, autoDraw=False, autoLog=True, bold=False, color=array([1, 1, 1]), colorSpace='rgb', contrast=1.0, depth=-1.0, flipHoriz=False, flipVert=False, font='Arial', fontFiles=[], height=0.04, italic=False, languageStyle='LTR', name='item_text', opacity=1.0, ori=0, pos=array([0. , 0.1]), rgb=UNKNOWN, text='', units='height', win=Window(...), wrapWidth=1)
13.4514 	EXP 	Created keypress_instructions = TextStim(__class__=<class 'psychopy.visual.text.TextStim'>, alignHoriz=method-wrapper(...), alignText='center', alignVert=method-wrapper(...), anchorHoriz='center', anchorVert='center', antialias=True, autoDraw=False, autoLog=True, bold=False, color=array([1, 1, 1]), colorSpace='rgb', contrast=1.0, depth=-2.0, flipHoriz=False, flipVert=False, font='Arial', fontFiles=[], height=0.025, italic=False, languageStyle='LTR', name='keypress_instructions', opacity=1.0, ori=0, pos=array([ 0. , -0.3]), rgb=UNKNOWN, text=str(...), units='height', win=Window(...), wrapWidth=1)
13.4645 	EXP 	Created age = TextStim(__class__=<class 'psychopy.visual.text.TextStim'>, alignHoriz=method-wrapper(...), alignText='center', alignVert=method-wrapper(...), anchorHoriz='center', anchorVert='center', antialias=True, autoDraw=False, autoLog=True, bold=False, color=array([1, 1, 1]), colorSpace='rgb', contrast=1.0, depth=-1.0, flipHoriz=False, flipVert=False, font='Arial', fontFiles=[], height=0.029999999999999995, italic=False, languageStyle='LTR', name='age', opacity=1.0, ori=0.0, pos=array([0.  , 0.28]), rgb=UNKNOWN, text='Please enter your age (in years):', units='height', win=Window(...), wrapWidth=1)
13.4688 	EXP 	Created gender = TextStim(__class__=<class 'psychopy.visual.text.TextStim'>, alignHoriz=method-wrapper(...), alignText='center', alignVert=method-wrapper(...), anchorHoriz='center', anchorVert='center', antialias=True, autoDraw=False, autoLog=True, bold=False, color=array([1, 1, 1]), colorSpace='rgb', contrast=1.0, depth=-2.0, flipHoriz=False, flipVert=False, font='Arial', fontFiles=[], height=0.029999999999999995, italic=False, languageStyle='LTR', name='gender', opacity=1.0, ori=0.0, pos=array([0. , 0.1]), rgb=UNKNOWN, text='How would you describe your gender?', units='height', win=Window(...), wrapWidth=1)
13.4827 	EXP 	window1: mouseVisible = True
13.5685 	EXP 	Created genderResp1 = Slider(__class__=<class 'psychopy.visual.slider.Slider'>, autoDraw=False, autoLog=True, borderColor=None, color=None, colorSpace='rgb', depth=-3, fillColor=None, flip=True, font='Arial', granularity=1.0, labelColor=None, labelHeight=0.035, labelWrapWidth=None, labels=tuple(...), lineColor=None, markerColor=None, name='genderResp1', opacity=None, ori=0.0, pos=array([-0.19, -0.05]), readOnly=False, self=UNKNOWN, size=array([0.015, 0.15 ]), startValue=None, style='radio', styleTweaks=[], ticks=array([1, 2, 3, 4, 5]), units='height', win=Window(...))
13.5752 	EXP 	Created continue_box_2 = Rect(__class__=<class 'psychopy.visual.rect.Rect'>, anchor=('center', 'center'), autoDraw=False, autoLog=True, closeShape=True, color=method-wrapper(...), colorSpace='rgb', contrast=None, depth=-5.0, fillColor=array([-1, -1, -1]), fillColorSpace='rgb', fillRGB=array([-1, -1, -1]), interpolate=True, lineColor=array([1, 1, 1]), lineColorSpace='rgb', lineRGB=array([1, 1, 1]), lineWidth=1.0, name='continue_box_2', opacity=1.0, ori=0.0, pos=array([ 0. , -0.4]), size=array([0.17, 0.06]), units='height', vertices=ndarray(...), win=Window(...))
13.5800 	EXP 	Created continue_text_2 = TextStim(__class__=<class 'psychopy.visual.text.TextStim'>, alignHoriz=method-wrapper(...), alignText='center', alignVert=method-wrapper(...), anchorHoriz='center', anchorVert='center', antialias=True, autoDraw=False, autoLog=True, bold=False, color=array([1, 1, 1]), colorSpace='rgb', contrast=1.0, depth=-6.0, flipHoriz=False, flipVert=False, font='Arial', fontFiles=[], height=0.04, italic=False, languageStyle='LTR', name='continue_text_2', opacity=1.0, ori=0.0, pos=array([ 0. , -0.4]), rgb=UNKNOWN, text='Continue', units='height', win=Window(...), wrapWidth=1)
13.5800 	EXP 	window1: mouseVisible = True
13.5859 	EXP 	Created edu_text = TextStim(__class__=<class 'psychopy.visual.text.TextStim'>, alignHoriz=method-wrapper(...), alignText='center', alignVert=method-wrapper(...), anchorHoriz='center', anchorVert='center', antialias=True, autoDraw=False, autoLog=True, bold=False, color=array([-1, -1, -1]), colorSpace='rgb', contrast=1.0, depth=-1.0, flipHoriz=False, flipVert=False, font='Arial', fontFiles=[], height=0.029999999999999995, italic=False, languageStyle='LTR', name='edu_text', opacity=1.0, ori=0.0, pos=array([0. , 0.3]), rgb=UNKNOWN, text=str(...), units='height', win=Window(...), wrapWidth=1)
13.5883 	EXP 	window1: mouseVisible = True
13.7274 	EXP 	Created edu_slider = Slider(__class__=<class 'psychopy.visual.slider.Slider'>, autoDraw=False, autoLog=True, borderColor=None, color=None, colorSpace='rgb', depth=-2, fillColor=None, flip=False, font='Arial', granularity=1.0, labelColor=None, labelHeight=0.029999999999999995, labelWrapWidth=None, labels=list(...), lineColor=None, markerColor=None, name='edu_slider', opacity=None, ori=-0.0, pos=array([ 0.  , -0.05]), readOnly=False, self=UNKNOWN, size=array([0.03, 0.5 ]), startValue=None, style='radio', styleTweaks=[], ticks=array([1, 2, 3, 4, 5, 6, 7, 8]), units='height', win=Window(...))
13.7350 	EXP 	Created literacy_top = TextStim(__class__=<class 'psychopy.visual.text.TextStim'>, alignHoriz=method-wrapper(...), alignText='center', alignVert=method-wrapper(...), anchorHoriz='center', anchorVert='center', antialias=True, autoDraw=False, autoLog=True, bold=False, color=array([1, 1, 1]), colorSpace='rgb', contrast=1.0, depth=0.0, flipHoriz=False, flipVert=False, font='Arial', fontFiles=[], height=0.029999999999999995, italic=False, languageStyle='LTR', name='literacy_top', opacity=1.0, ori=0.0, pos=array([0. , 0.4]), rgb=UNKNOWN, text=str(...), units='height', win=Window(...), wrapWidth=1.3)
13.7456 	EXP 	Created questions_text = TextStim(__class__=<class 'psychopy.visual.text.TextStim'>, alignHoriz=method-wrapper(...), alignText='center', alignVert=method-wrapper(...), anchorHoriz='center', anchorVert='center', antialias=True, autoDraw=False, autoLog=True, bold=False, color=array([1, 1, 1]), colorSpace='rgb', contrast=1.0, depth=-1.0, flipHoriz=False, flipVert=False, font='Arial', fontFiles=[], height=0.029999999999999995, italic=False, languageStyle='LTR', name='questions_text', opacity=1.0, ori=0.0, pos=array([-0.4 , -0.05]), rgb=UNKNOWN, text=str(...), units='height', win=Window(...), wrapWidth=0.75)
13.7476 	EXP 	window1: mouseVisible = True
13.7908 	EXP 	Created q1_slider = Slider(__class__=<class 'psychopy.visual.slider.Slider'>, autoDraw=False, autoLog=True, borderColor=None, color=None, colorSpace='rgb', depth=-2, fillColor=None, flip=False, font='Arial', granularity=1.0, labelColor=None, labelHeight=0.022, labelWrapWidth=None, labels=['Not at \n all good', 'Extremely \n good'], lineColor=None, markerColor=None, name='q1_slider', opacity=None, ori=0.0, pos=array([0.39, 0.27]), readOnly=False, self=UNKNOWN, size=array([0.55, 0.03]), startValue=None, style='rating', styleTweaks=[], ticks=array([1, 2, 3, 4, 5, 6]), units='height', win=Window(...))
13.7928 	EXP 	window1: mouseVisible = True
13.8214 	EXP 	Created q2_slider = Slider(__class__=<class 'psychopy.visual.slider.Slider'>, autoDraw=False, autoLog=True, borderColor=None, color=None, colorSpace='rgb', depth=-3, fillColor=None, flip=False, font='Arial', granularity=1.0, labelColor=None, labelHeight=0.022, labelWrapWidth=None, labels=['Not at \n all good', 'Extremely \n good'], lineColor=None, markerColor=None, name='q2_slider', opacity=None, ori=0.0, pos=array([0.39, 0.13]), readOnly=False, self=UNKNOWN, size=array([0.55, 0.03]), startValue=None, style='rating', styleTweaks=[], ticks=array([1, 2, 3, 4, 5, 6]), units='height', win=Window(...))
13.8236 	EXP 	window1: mouseVisible = True
13.8503 	EXP 	Created q3_slider = Slider(__class__=<class 'psychopy.visual.slider.Slider'>, autoDraw=False, autoLog=True, borderColor=None, color=None, colorSpace='rgb', depth=-4, fillColor=None, flip=False, font='Arial', granularity=1.0, labelColor=None, labelHeight=0.022, labelWrapWidth=None, labels=['Not at \n all good', 'Extremely \n good'], lineColor=None, markerColor=None, name='q3_slider', opacity=None, ori=0.0, pos=array([ 0.39, -0.02]), readOnly=False, self=UNKNOWN, size=array([0.55, 0.03]), startValue=None, style='rating', styleTweaks=[], ticks=array([1, 2, 3, 4, 5, 6]), units='height', win=Window(...))
13.8527 	EXP 	window1: mouseVisible = True
13.8812 	EXP 	Created q4_slider = Slider(__class__=<class 'psychopy.visual.slider.Slider'>, autoDraw=False, autoLog=True, borderColor=None, color=None, colorSpace='rgb', depth=-5, fillColor=None, flip=False, font='Arial', granularity=1.0, labelColor=None, labelHeight=0.022, labelWrapWidth=None, labels=['Not at \n all good', 'Extremely \n good'], lineColor=None, markerColor=None, name='q4_slider', opacity=None, ori=0.0, pos=array([ 0.39, -0.16]), readOnly=False, self=UNKNOWN, size=array([0.55, 0.03]), startValue=None, style='rating', styleTweaks=[], ticks=array([1, 2, 3, 4, 5, 6]), units='height', win=Window(...))
13.8834 	EXP 	window1: mouseVisible = True
13.9110 	EXP 	Created q5_slider = Slider(__class__=<class 'psychopy.visual.slider.Slider'>, autoDraw=False, autoLog=True, borderColor=None, color=None, colorSpace='rgb', depth=-6, fillColor=None, flip=False, font='Arial', granularity=1.0, labelColor=None, labelHeight=0.022, labelWrapWidth=None, labels=['Not at \n all good', 'Extremely \n good'], lineColor=None, markerColor=None, name='q5_slider', opacity=None, ori=0.0, pos=array([ 0.39, -0.33]), readOnly=False, self=UNKNOWN, size=array([0.55, 0.03]), startValue=None, style='rating', styleTweaks=[], ticks=array([1, 2, 3, 4, 5, 6]), units='height', win=Window(...))
13.9116 	EXP 	Created slide_number = TextStim(__class__=<class 'psychopy.visual.text.TextStim'>, alignHoriz=method-wrapper(...), alignText='center', alignVert=method-wrapper(...), anchorHoriz='center', anchorVert='center', antialias=True, autoDraw=False, autoLog=True, bold=False, color=array([1, 1, 1]), colorSpace='rgb', contrast=1.0, depth=0.0, flipHoriz=False, flipVert=False, font='Arial', fontFiles=[], height=0.025, italic=False, languageStyle='LTR', name='slide_number', opacity=1.0, ori=0.0, pos=array([0. , 0.4]), rgb=UNKNOWN, text='', units='height', win=Window(...), wrapWidth=1)
13.9122 	EXP 	Created instruction_text = TextStim(__class__=<class 'psychopy.visual.text.TextStim'>, alignHoriz=method-wrapper(...), alignText='center', alignVert=method-wrapper(...), anchorHoriz='center', anchorVert='center', antialias=True, autoDraw=False, autoLog=True, bold=False, color=array([1, 1, 1]), colorSpace='rgb', contrast=1.0, depth=-1.0, flipHoriz=False, flipVert=False, font='Arial', fontFiles=[], height=0.04, italic=False, languageStyle='LTR', name='instruction_text', opacity=1.0, ori=0.0, pos=array([0.  , 0.29]), rgb=UNKNOWN, text='', units='height', win=Window(...), wrapWidth=1)
13.9152 	EXP 	Created spacebar_3 = TextStim(__class__=<class 'psychopy.visual.text.TextStim'>, alignHoriz=method-wrapper(...), alignText='center', alignVert=method-wrapper(...), anchorHoriz='center', anchorVert='center', antialias=True, autoDraw=False, autoLog=True, bold=False, color=array([1, 1, 1]), colorSpace='rgb', contrast=1.0, depth=-2.0, flipHoriz=False, flipVert=False, font='Arial', fontFiles=[], height=0.025, italic=False, languageStyle='LTR', name='spacebar_3', opacity=1.0, ori=0.0, pos=array([ 0.  , -0.44]), rgb=UNKNOWN, text=str(...), units='height', win=Window(...), wrapWidth=1)
13.9710 	EXP 	Created instruction_image = ImageStim(__class__=<class 'psychopy.visual.image.ImageStim'>, anchor=('center', 'center'), autoLog=True, color=array([1, 1, 1]), colorSpace='rgb', contrast=1.0, depth=-3.0, flipHoriz=False, flipVert=False, image='images/pointed_maps_images/9cs.jpeg', interpolate=True, mask=None, maskParams=None, name='instruction_image', opacity=1.0, ori=0.0, pos=array([ 0.   , -0.075]), size=array([0.36, 0.36]), texRes=128.0, units='height', win=Window(...))
13.9762 	EXP 	Created EXsentence1 = TextStim(__class__=<class 'psychopy.visual.text.TextStim'>, alignHoriz=method-wrapper(...), alignText='center', alignVert=method-wrapper(...), anchorHoriz='center', anchorVert='center', antialias=True, autoDraw=False, autoLog=True, bold=False, color=array([0.65490196, 0.65490196, 0.65490196]), colorSpace='rgb', contrast=1.0, depth=-4.0, flipHoriz=False, flipVert=False, font='Arial', fontFiles=[], height=0.029999999999999995, italic=False, languageStyle='LTR', name='EXsentence1', opacity=1.0, ori=0.0, pos=array([0.  , 0.14]), rgb=UNKNOWN, text=str(...), units='height', win=Window(...), wrapWidth=1.4)
13.9806 	EXP 	Created question_text_2 = TextStim(__class__=<class 'psychopy.visual.text.TextStim'>, alignHoriz=method-wrapper(...), alignText='center', alignVert=method-wrapper(...), anchorHoriz='center', anchorVert='center', antialias=True, autoDraw=False, autoLog=True, bold=False, color=array([0.65490196, 0.65490196, 0.65490196]), colorSpace='rgb', contrast=1.0, depth=-6.0, flipHoriz=False, flipVert=False, font='Arial', fontFiles=[], height=0.029999999999999995, italic=False, languageStyle='LTR', name='question_text_2', opacity=1.0, ori=0.0, pos=array([ 0.  , -0.29]), rgb=UNKNOWN, text=str(...), units='height', win=Window(...), wrapWidth=1)
14.0050 	EXP 	Created slider_image = ImageStim(__class__=<class 'psychopy.visual.image.ImageStim'>, anchor=('center', 'center'), autoLog=True, color=array([1, 1, 1]), colorSpace='rgb', contrast=1.0, depth=-7.0, flipHoriz=False, flipVert=False, image='images/slider_image.png', interpolate=True, mask=None, maskParams=None, name='slider_image', opacity=1.0, ori=0.0, pos=array([ 0.  , -0.37]), size=array([0.6 , 0.09]), texRes=128.0, units='height', win=Window(...))
14.0066 	EXP 	Created triangle = ShapeStim(__class__=<class 'psychopy.visual.shape.ShapeStim'>, anchor=('center', 'center'), autoDraw=False, autoLog=True, closeShape=True, color=method-wrapper(...), colorSpace='rgb', contrast=None, depth=-8.0, fillColor=array([1, 1, 1]), fillColorSpace='rgb', fillRGB=array([1, 1, 1]), interpolate=True, lineColor=array([1, 1, 1]), lineColorSpace='rgb', lineRGB=array([1, 1, 1]), lineWidth=1.0, name='triangle', opacity=1.0, ori=180.0, pos=array([0., 0.]), size=array([0.06, 0.03]), units='height', vertices=ndarray(...), win=Window(...), windingRule=None)
14.0112 	EXP 	Created arrow = TextStim(__class__=<class 'psychopy.visual.text.TextStim'>, alignHoriz=method-wrapper(...), alignText='center', alignVert=method-wrapper(...), anchorHoriz='center', anchorVert='center', antialias=True, autoDraw=False, autoLog=True, bold=False, color=array([1, 1, 1]), colorSpace='rgb', contrast=1.0, depth=-9.0, flipHoriz=False, flipVert=False, font='Arial', fontFiles=[], height=0.1, italic=False, languageStyle='LTR', name='arrow', opacity=1.0, ori=0.0, pos=array([0., 0.]), rgb=UNKNOWN, text='→', units='height', win=Window(...), wrapWidth=1)
14.0119 	EXP 	Created sentence_text = TextStim(__class__=<class 'psychopy.visual.text.TextStim'>, alignHoriz=method-wrapper(...), alignText='center', alignVert=method-wrapper(...), anchorHoriz='center', anchorVert='center', antialias=True, autoDraw=False, autoLog=True, bold=False, color=array([1, 1, 1]), colorSpace='rgb', contrast=1.0, depth=-1.0, flipHoriz=False, flipVert=False, font='Arial', fontFiles=[], height=0.03, italic=False, languageStyle='LTR', name='sentence_text', opacity=1.0, ori=0.0, pos=array([0.  , 0.39]), rgb=UNKNOWN, text='', units='height', win=Window(...), wrapWidth=1.2)
14.0167 	EXP 	Created image = ImageStim(__class__=<class 'psychopy.visual.image.ImageStim'>, anchor=('center', 'center'), autoLog=True, color=array([1, 1, 1]), colorSpace='rgb', contrast=1.0, depth=-2.0, flipHoriz=False, flipVert=False, image='sin', interpolate=True, mask=None, maskParams=None, name='image', opacity=1.0, ori=0.0, pos=array([0.  , 0.06]), size=array([0.6 , 0.43]), texRes=128.0, units='height', win=Window(...))
14.0174 	EXP 	Created question_text = TextStim(__class__=<class 'psychopy.visual.text.TextStim'>, alignHoriz=method-wrapper(...), alignText='center', alignVert=method-wrapper(...), anchorHoriz='center', anchorVert='center', antialias=True, autoDraw=False, autoLog=True, bold=False, color=array([1, 1, 1]), colorSpace='rgb', contrast=1.0, depth=-3.0, flipHoriz=False, flipVert=False, font='Arial', fontFiles=[], height=0.03, italic=False, languageStyle='LTR', name='question_text', opacity=1.0, ori=0.0, pos=array([ 0.  , -0.24]), rgb=UNKNOWN, text='', units='height', win=Window(...), wrapWidth=1)
14.0197 	EXP 	window1: mouseVisible = True
14.0522 	EXP 	Created slider = Slider(__class__=<class 'psychopy.visual.slider.Slider'>, autoDraw=False, autoLog=True, borderColor=None, color=None, colorSpace='rgb', depth=-4, fillColor=None, flip=False, font='Arial', granularity=None, labelColor=None, labelHeight=0.029999999999999995, labelWrapWidth=None, labels=('Not very severe', 'Very severe'), lineColor=None, markerColor=None, name='slider', opacity=None, ori=0.0, pos=array([ 0.  , -0.35]), readOnly=False, self=UNKNOWN, size=array([0.5 , 0.04]), startValue=None, style='rating', styleTweaks=['triangleMarker'], ticks=array([1, 2]), units='height', win=Window(...))
14.0529 	EXP 	Created trial_counter_text = TextStim(__class__=<class 'psychopy.visual.text.TextStim'>, alignHoriz=method-wrapper(...), alignText='center', alignVert=method-wrapper(...), anchorHoriz='center', anchorVert='center', antialias=True, autoDraw=False, autoLog=True, bold=False, color=array([1, 1, 1]), colorSpace='rgb', contrast=1.0, depth=-7.0, flipHoriz=False, flipVert=False, font='Arial', fontFiles=[], height=0.025, italic=False, languageStyle='LTR', name='trial_counter_text', opacity=1.0, ori=0, pos=array([0.5 , 0.43]), rgb=UNKNOWN, text='', units='height', win=Window(...), wrapWidth=1)
14.0674 	EXP 	Created spacebar_text = TextStim(__class__=<class 'psychopy.visual.text.TextStim'>, alignHoriz=method-wrapper(...), alignText='center', alignVert=method-wrapper(...), anchorHoriz='center', anchorVert='center', antialias=True, autoDraw=False, autoLog=True, bold=False, color=array([1, 1, 1]), colorSpace='rgb', contrast=1.0, depth=-8.0, flipHoriz=False, flipVert=False, font='Arial', fontFiles=[], height=0.02, italic=False, languageStyle='LTR', name='spacebar_text', opacity=1.0, ori=0.0, pos=array([ 0.  , -0.46]), rgb=UNKNOWN, text=str(...), units='height', win=Window(...), wrapWidth=1)
14.0736 	EXP 	Created section_text = TextStim(__class__=<class 'psychopy.visual.text.TextStim'>, alignHoriz=method-wrapper(...), alignText='center', alignVert=method-wrapper(...), anchorHoriz='center', anchorVert='center', antialias=True, autoDraw=False, autoLog=True, bold=False, color=array([1, 1, 1]), colorSpace='rgb', contrast=1.0, depth=-1.0, flipHoriz=False, flipVert=False, font='Arial', fontFiles=[], height=0.025, italic=False, languageStyle='LTR', name='section_text', opacity=1.0, ori=0.0, pos=array([0. , 0.4]), rgb=UNKNOWN, text='Additional Question', units='height', win=Window(...), wrapWidth=1)
14.0877 	EXP 	Created ad_question_text = TextStim(__class__=<class 'psychopy.visual.text.TextStim'>, alignHoriz=method-wrapper(...), alignText='center', alignVert=method-wrapper(...), anchorHoriz='center', anchorVert='center', antialias=True, autoDraw=False, autoLog=True, bold=False, color=array([1, 1, 1]), colorSpace='rgb', contrast=1.0, depth=-2.0, flipHoriz=False, flipVert=False, font='Open Sans', fontFiles=[], height=0.04, italic=False, languageStyle='LTR', name='ad_question_text', opacity=1.0, ori=0.0, pos=array([0.  , 0.29]), rgb=UNKNOWN, text=str(...), units='height', win=Window(...), wrapWidth=1)
14.1132 	EXP 	Created scales_images = ImageStim(__class__=<class 'psychopy.visual.image.ImageStim'>, anchor=('center', 'center'), autoLog=True, color=array([1, 1, 1]), colorSpace='rgb', contrast=1.0, depth=-3.0, flipHoriz=False, flipVert=False, image='images/two_scales.JPEG', interpolate=True, mask=None, maskParams=None, name='scales_images', opacity=1.0, ori=0.0, pos=array([0., 0.]), size=array([0.4, 0.4]), texRes=128.0, units='height', win=Window(...))
14.1226 	EXP 	Created text_4 = TextStim(__class__=<class 'psychopy.visual.text.TextStim'>, alignHoriz=method-wrapper(...), alignText='center', alignVert=method-wrapper(...), anchorHoriz='center', anchorVert='center', antialias=True, autoDraw=False, autoLog=True, bold=False, color=array([1, 1, 1]), colorSpace='rgb', contrast=1.0, depth=-4.0, flipHoriz=False, flipVert=False, font='Arial', fontFiles=[], height=0.04, italic=False, languageStyle='LTR', name='text_4', opacity=1.0, ori=0.0, pos=array([ 0.  , -0.25]), rgb=UNKNOWN, text='Please choose from "A" or "B":', units='height', win=Window(...), wrapWidth=1)
14.1244 	EXP 	window1: mouseVisible = True
14.1639 	EXP 	Created scale_slider = Slider(__class__=<class 'psychopy.visual.slider.Slider'>, autoDraw=False, autoLog=True, borderColor=None, color=None, colorSpace='rgb', depth=-5, fillColor=None, flip=False, font='Arial', granularity=1.0, labelColor=None, labelHeight=0.04, labelWrapWidth=None, labels=['B', 'A'], lineColor=None, markerColor=None, name='scale_slider', opacity=None, ori=0.0, pos=array([ 0.  , -0.33]), readOnly=False, self=UNKNOWN, size=array([0.03, 0.05]), startValue=None, style='radio', styleTweaks=[], ticks=array([2, 1]), units='height', win=Window(...))
14.1723 	EXP 	Created next_slide_text = TextStim(__class__=<class 'psychopy.visual.text.TextStim'>, alignHoriz=method-wrapper(...), alignText='center', alignVert=method-wrapper(...), anchorHoriz='center', anchorVert='center', antialias=True, autoDraw=False, autoLog=True, bold=False, color=array([1., 1., 1.]), colorSpace='rgb', contrast=1.0, depth=-6.0, flipHoriz=False, flipVert=False, font='Arial', fontFiles=[], height=0.02, italic=False, languageStyle='LTR', name='next_slide_text', opacity=1.0, ori=0.0, pos=array([ 0.  , -0.44]), rgb=UNKNOWN, text="Press the 'spacebar' to continue.", units='height', win=Window(...), wrapWidth=1)
14.1895 	EXP 	Created debrief_text = TextStim(__class__=<class 'psychopy.visual.text.TextStim'>, alignHoriz=method-wrapper(...), alignText='center', alignVert=method-wrapper(...), anchorHoriz='center', anchorVert='center', antialias=True, autoDraw=False, autoLog=True, bold=False, color=array([1, 1, 1]), colorSpace='rgb', contrast=1.0, depth=0.0, flipHoriz=False, flipVert=False, font='Arial', fontFiles=[], height=0.04, italic=False, languageStyle='LTR', name='debrief_text', opacity=1.0, ori=0.0, pos=array([0., 0.]), rgb=UNKNOWN, text=str(...), units='height', win=Window(...), wrapWidth=1)
14.1961 	EXP 	Created spacebar_debrief = TextStim(__class__=<class 'psychopy.visual.text.TextStim'>, alignHoriz=method-wrapper(...), alignText='center', alignVert=method-wrapper(...), anchorHoriz='center', anchorVert='center', antialias=True, autoDraw=False, autoLog=True, bold=False, color=array([1, 1, 1]), colorSpace='rgb', contrast=1.0, depth=-2.0, flipHoriz=False, flipVert=False, font='Arial', fontFiles=[], height=0.025, italic=False, languageStyle='LTR', name='spacebar_debrief', opacity=1.0, ori=0, pos=array([ 0.  , -0.35]), rgb=UNKNOWN, text="Press the 'spacebar' to continue.", units='height', win=Window(...), wrapWidth=1)
14.2018 	EXP 	window1: mouseVisible = True
14.2030 	EXP 	Created continue_box = Rect(__class__=<class 'psychopy.visual.rect.Rect'>, anchor=('center', 'center'), autoDraw=False, autoLog=True, closeShape=True, color=method-wrapper(...), colorSpace='rgb', contrast=None, depth=-2.0, fillColor=array([-1, -1, -1]), fillColorSpace='rgb', fillRGB=array([-1, -1, -1]), interpolate=True, lineColor=array([1, 1, 1]), lineColorSpace='rgb', lineRGB=array([1, 1, 1]), lineWidth=1.0, name='continue_box', opacity=1.0, ori=0.0, pos=array([ 0. , -0.4]), size=array([0.17, 0.06]), units='height', vertices=ndarray(...), win=Window(...))
14.2068 	EXP 	Created continue_text = TextStim(__class__=<class 'psychopy.visual.text.TextStim'>, alignHoriz=method-wrapper(...), alignText='center', alignVert=method-wrapper(...), anchorHoriz='center', anchorVert='center', antialias=True, autoDraw=False, autoLog=True, bold=False, color=array([1, 1, 1]), colorSpace='rgb', contrast=1.0, depth=-3.0, flipHoriz=False, flipVert=False, font='Arial', fontFiles=[], height=0.04, italic=False, languageStyle='LTR', name='continue_text', opacity=1.0, ori=0.0, pos=array([ 0. , -0.4]), rgb=UNKNOWN, text='Continue', units='height', win=Window(...), wrapWidth=1)
14.2214 	EXP 	Created comment_instructions = TextStim(__class__=<class 'psychopy.visual.text.TextStim'>, alignHoriz=method-wrapper(...), alignText='center', alignVert=method-wrapper(...), anchorHoriz='center', anchorVert='center', antialias=True, autoDraw=False, autoLog=True, bold=False, color=array([1, 1, 1]), colorSpace='rgb', contrast=1.0, depth=-5.0, flipHoriz=False, flipVert=False, font='Arial', fontFiles=[], height=0.05, italic=False, languageStyle='LTR', name='comment_instructions', opacity=1.0, ori=0.0, pos=array([0.  , 0.35]), rgb=UNKNOWN, text=str(...), units='height', win=Window(...), wrapWidth=1)
14.2314 	EXP 	Created final_text = TextStim(__class__=<class 'psychopy.visual.text.TextStim'>, alignHoriz=method-wrapper(...), alignText='center', alignVert=method-wrapper(...), anchorHoriz='center', anchorVert='center', antialias=True, autoDraw=False, autoLog=True, bold=False, color=array([1, 1, 1]), colorSpace='rgb', contrast=1.0, depth=0.0, flipHoriz=False, flipVert=False, font='Arial', fontFiles=[], height=0.05, italic=False, languageStyle='LTR', name='final_text', opacity=1.0, ori=0, pos=array([0., 0.]), rgb=UNKNOWN, text=str(...), units='height', win=Window(...), wrapWidth=1)
14.2431 	DATA 	Keypress: escape
14.2653 	WARNING 	t of last frame was 3140.98ms (=1/0)
14.2653 	EXP 	ageResp: autoLog = True
14.2653 	EXP 	genderResp1: autoLog = True
14.2653 	EXP 	genderResp1: markerPos = None
14.2653 	EXP 	genderResp1: styleTweaks = []
14.2653 	EXP 	genderResp1: styleTweaks = []
14.2653 	EXP 	genderResp1: styleTweaks = []
14.2653 	EXP 	genderResp1: styleTweaks = []
14.2653 	EXP 	genderResp1: contrast = 1.0
14.2653 	EXP 	genderResp1: autoLog = True
14.2653 	EXP 	genderResp2: autoLog = True
14.2653 	EXP 	edu_slider: autoLog = True
14.2653 	EXP 	edu_slider: markerPos = None
14.2653 	EXP 	edu_slider: styleTweaks = []
14.2653 	EXP 	edu_slider: styleTweaks = []
14.2653 	EXP 	edu_slider: styleTweaks = []
14.2653 	EXP 	edu_slider: styleTweaks = []
14.2653 	EXP 	edu_slider: contrast = 1.0
14.2653 	EXP 	edu_slider: autoLog = True
14.2653 	EXP 	q1_slider: autoLog = True
14.2653 	EXP 	q1_slider: markerPos = None
14.2653 	EXP 	q1_slider: styleTweaks = []
14.2653 	EXP 	q1_slider: styleTweaks = []
14.2653 	EXP 	q1_slider: styleTweaks = []
14.2653 	EXP 	q1_slider: styleTweaks = []
14.2653 	EXP 	q1_slider: contrast = 1.0
14.2653 	EXP 	q1_slider: autoLog = True
14.2653 	EXP 	q2_slider: autoLog = True
14.2653 	EXP 	q2_slider: markerPos = None
14.2653 	EXP 	q2_slider: styleTweaks = []
14.2653 	EXP 	q2_slider: styleTweaks = []
14.2653 	EXP 	q2_slider: styleTweaks = []
14.2653 	EXP 	q2_slider: styleTweaks = []
14.2653 	EXP 	q2_slider: contrast = 1.0
14.2653 	EXP 	q2_slider: autoLog = True
14.2653 	EXP 	q3_slider: autoLog = True
14.2653 	EXP 	q3_slider: markerPos = None
14.2653 	EXP 	q3_slider: styleTweaks = []
14.2653 	EXP 	q3_slider: styleTweaks = []
14.2653 	EXP 	q3_slider: styleTweaks = []
14.2653 	EXP 	q3_slider: styleTweaks = []
14.2653 	EXP 	q3_slider: contrast = 1.0
14.2653 	EXP 	q3_slider: autoLog = True
14.2653 	EXP 	q4_slider: autoLog = True
14.2653 	EXP 	q4_slider: markerPos = None
14.2653 	EXP 	q4_slider: styleTweaks = []
14.2653 	EXP 	q4_slider: styleTweaks = []
14.2653 	EXP 	q4_slider: styleTweaks = []
14.2653 	EXP 	q4_slider: styleTweaks = []
14.2653 	EXP 	q4_slider: contrast = 1.0
14.2653 	EXP 	q4_slider: autoLog = True
14.2653 	EXP 	q5_slider: autoLog = True
14.2653 	EXP 	q5_slider: markerPos = None
14.2653 	EXP 	q5_slider: styleTweaks = []
14.2653 	EXP 	q5_slider: styleTweaks = []
14.2653 	EXP 	q5_slider: styleTweaks = []
14.2653 	EXP 	q5_slider: styleTweaks = []
14.2653 	EXP 	q5_slider: contrast = 1.0
14.2653 	EXP 	q5_slider: autoLog = True
14.2653 	EXP 	slider: autoLog = True
14.2653 	EXP 	slider: markerPos = None
14.2653 	EXP 	slider: styleTweaks = []
14.2653 	EXP 	slider: styleTweaks = []
14.2653 	EXP 	slider: styleTweaks = ['triangleMarker']
14.2653 	EXP 	slider: styleTweaks = ['triangleMarker']
14.2653 	EXP 	slider: contrast = 1.0
14.2653 	EXP 	slider: autoLog = True
14.2653 	EXP 	scale_slider: autoLog = True
14.2653 	EXP 	scale_slider: markerPos = None
14.2653 	EXP 	scale_slider: styleTweaks = []
14.2653 	EXP 	scale_slider: styleTweaks = []
14.2653 	EXP 	scale_slider: styleTweaks = []
14.2653 	EXP 	scale_slider: styleTweaks = []
14.2653 	EXP 	scale_slider: contrast = 1.0
14.2653 	EXP 	scale_slider: autoLog = True
14.2653 	EXP 	textbox: autoLog = True
14.2653 	EXP 	intro_text2: autoDraw = True
15.1209 	DATA 	Keypress: escape
15.1482 	DATA 	Keypress: quoteleft
16.0714 	EXP 	window1: mouseVisible = True
