1.8817 	WARNING 	We strongly recommend you activate the PTB sound engine in PsychoPy prefs as the preferred audio engine. Its timing is vastly superior. Your prefs are currently set to use ['sounddevice', 'PTB', 'pyo', 'pygame'] (in that order).
24.2455 	WARNING 	Couldn't measure a consistent frame rate!
  - Is your graphics card set to sync to vertical blank?
  - Are you running other processes on your computer?

24.2460 	EXP 	Created window1 = Window(allowGUI=True, allowStencil=False, autoLog=True, backendConf=UNKNOWN, bitsMode=UNKNOWN, blendMode='avg', bpc=(8, 8, 8), color=array([0, 0, 0]), colorSpace='rgb', depthBits=8, fullscr=<method-wrapper '__getattribute__' of attributeSetter object at 0x7f84873602e0>, gamma=None, gammaErrorPolicy='raise', lms=UNKNOWN, monitor=<psychopy.monitors.calibTools.Monitor object at 0x7f84568567f0>, multiSample=False, name='window1', numSamples=2, pos=(448, 300), screen=0, size=array([2560, 1440]), stencilBits=0, stereo=False, units='height', useFBO=True, useRetina=True, viewOri=0.0, viewPos=None, viewScale=None, waitBlanking=True, winType='pyglet')
24.2462 	EXP 	window1: mouseVisible = True
24.2463 	EXP 	window1: mouseVisible = True
24.2464 	EXP 	window1: Attempting to measure frame rate of screen (0) ...
24.2464 	EXP 	window1: recordFrameIntervals = False
24.4123 	EXP 	window1: recordFrameIntervals = True
24.9476 	WARNING 	t of last frame was 21.14ms (=1/47)
26.0793 	WARNING 	Couldn't measure a consistent frame rate!
  - Is your graphics card set to sync to vertical blank?
  - Are you running other processes on your computer?

26.1252 	WARNING 	launchHubServer: If using the iohub mouse or eyetracker devices, fullScr should be True.
29.1328 	EXP 	Created intro_text2 = TextStim(__class__=<class 'psychopy.visual.text.TextStim'>, alignHoriz=method-wrapper(...), alignText='center', alignVert=method-wrapper(...), anchorHoriz='center', anchorVert='center', antialias=True, autoDraw=False, autoLog=True, bold=False, color=array([1, 1, 1]), colorSpace='rgb', contrast=1.0, depth=0.0, flipHoriz=False, flipVert=False, font='Arial', fontFiles=[], height=0.04, italic=False, languageStyle='LTR', name='intro_text2', opacity=1.0, ori=0, pos=array([0., 0.]), rgb=UNKNOWN, text=str(...), units='height', win=Window(...), wrapWidth=1)
29.1445 	EXP 	Created info_sheet_image = ImageStim(__class__=<class 'psychopy.visual.image.ImageStim'>, anchor=('center', 'center'), autoLog=True, color=array([1, 1, 1]), colorSpace='rgb', contrast=1.0, depth=-2.0, flipHoriz=False, flipVert=False, image='sin', interpolate=True, mask=None, maskParams=None, name='info_sheet_image', opacity=1.0, ori=0.0, pos=array([0. , 0.1]), size=array([1.05, 0.7 ]), texRes=512, units='height', win=Window(...))
29.1458 	EXP 	Created counter = TextStim(__class__=<class 'psychopy.visual.text.TextStim'>, alignHoriz=method-wrapper(...), alignText='center', alignVert=method-wrapper(...), anchorHoriz='center', anchorVert='center', antialias=True, autoDraw=False, autoLog=True, bold=False, color=array([1, 1, 1]), colorSpace='rgb', contrast=1.0, depth=-4.0, flipHoriz=False, flipVert=False, font='Arial', fontFiles=[], height=0.03, italic=False, languageStyle='LTR', name='counter', opacity=1.0, ori=0, pos=array([ 0.  , -0.29]), rgb=UNKNOWN, text='', units='height', win=Window(...), wrapWidth=1)
29.1664 	EXP 	Created move_text = TextStim(__class__=<class 'psychopy.visual.text.TextStim'>, alignHoriz=method-wrapper(...), alignText='center', alignVert=method-wrapper(...), anchorHoriz='center', anchorVert='center', antialias=True, autoDraw=False, autoLog=True, bold=False, color=array([1, 1, 1]), colorSpace='rgb', contrast=1.0, depth=-5.0, flipHoriz=False, flipVert=False, font='Arial', fontFiles=[], height=0.035, italic=False, languageStyle='LTR', name='move_text', opacity=1.0, ori=0, pos=array([ 0.  , -0.35]), rgb=UNKNOWN, text=str(...), units='height', win=Window(...), wrapWidth=1)
29.1991 	EXP 	Created info_sheet_next = TextStim(__class__=<class 'psychopy.visual.text.TextStim'>, alignHoriz=method-wrapper(...), alignText='center', alignVert=method-wrapper(...), anchorHoriz='center', anchorVert='center', antialias=True, autoDraw=False, autoLog=True, bold=False, color=array([1, 1, 1]), colorSpace='rgb', contrast=1.0, depth=-6.0, flipHoriz=False, flipVert=False, font='Arial', fontFiles=[], height=0.025, italic=False, languageStyle='LTR', name='info_sheet_next', opacity=1.0, ori=0, pos=array([ 0.  , -0.43]), rgb=UNKNOWN, text=str(...), units='height', win=Window(...), wrapWidth=1.1)
29.2111 	EXP 	Created study_title = TextStim(__class__=<class 'psychopy.visual.text.TextStim'>, alignHoriz=method-wrapper(...), alignText='center', alignVert=method-wrapper(...), anchorHoriz='center', anchorVert='center', antialias=True, autoDraw=False, autoLog=True, bold=False, color=array([1, 1, 1]), colorSpace='rgb', contrast=1.0, depth=0.0, flipHoriz=False, flipVert=False, font='Arial', fontFiles=[], height=0.029999999999999995, italic=False, languageStyle='LTR', name='study_title', opacity=1.0, ori=0, pos=array([0. , 0.4]), rgb=UNKNOWN, text='Decision-Making With Maps', units='height', win=Window(...), wrapWidth=1)
29.2120 	EXP 	Created item_text = TextStim(__class__=<class 'psychopy.visual.text.TextStim'>, alignHoriz=method-wrapper(...), alignText='center', alignVert=method-wrapper(...), anchorHoriz='center', anchorVert='center', antialias=True, autoDraw=False, autoLog=True, bold=False, color=array([1, 1, 1]), colorSpace='rgb', contrast=1.0, depth=-1.0, flipHoriz=False, flipVert=False, font='Arial', fontFiles=[], height=0.04, italic=False, languageStyle='LTR', name='item_text', opacity=1.0, ori=0, pos=array([0. , 0.1]), rgb=UNKNOWN, text='', units='height', win=Window(...), wrapWidth=1)
29.2422 	EXP 	Created keypress_instructions = TextStim(__class__=<class 'psychopy.visual.text.TextStim'>, alignHoriz=method-wrapper(...), alignText='center', alignVert=method-wrapper(...), anchorHoriz='center', anchorVert='center', antialias=True, autoDraw=False, autoLog=True, bold=False, color=array([1, 1, 1]), colorSpace='rgb', contrast=1.0, depth=-2.0, flipHoriz=False, flipVert=False, font='Arial', fontFiles=[], height=0.025, italic=False, languageStyle='LTR', name='keypress_instructions', opacity=1.0, ori=0, pos=array([ 0. , -0.3]), rgb=UNKNOWN, text=str(...), units='height', win=Window(...), wrapWidth=1)
29.2682 	EXP 	Created age = TextStim(__class__=<class 'psychopy.visual.text.TextStim'>, alignHoriz=method-wrapper(...), alignText='center', alignVert=method-wrapper(...), anchorHoriz='center', anchorVert='center', antialias=True, autoDraw=False, autoLog=True, bold=False, color=array([1, 1, 1]), colorSpace='rgb', contrast=1.0, depth=-1.0, flipHoriz=False, flipVert=False, font='Arial', fontFiles=[], height=0.029999999999999995, italic=False, languageStyle='LTR', name='age', opacity=1.0, ori=0.0, pos=array([0.  , 0.28]), rgb=UNKNOWN, text='Please enter your age (in years):', units='height', win=Window(...), wrapWidth=1)
29.2750 	EXP 	Created gender = TextStim(__class__=<class 'psychopy.visual.text.TextStim'>, alignHoriz=method-wrapper(...), alignText='center', alignVert=method-wrapper(...), anchorHoriz='center', anchorVert='center', antialias=True, autoDraw=False, autoLog=True, bold=False, color=array([1, 1, 1]), colorSpace='rgb', contrast=1.0, depth=-2.0, flipHoriz=False, flipVert=False, font='Arial', fontFiles=[], height=0.029999999999999995, italic=False, languageStyle='LTR', name='gender', opacity=1.0, ori=0.0, pos=array([0. , 0.1]), rgb=UNKNOWN, text='How would you describe your gender?', units='height', win=Window(...), wrapWidth=1)
29.2944 	EXP 	window1: mouseVisible = True
29.4267 	EXP 	Created genderResp1 = Slider(__class__=<class 'psychopy.visual.slider.Slider'>, autoDraw=False, autoLog=True, borderColor=None, color=None, colorSpace='rgb', depth=-3, fillColor=None, flip=True, font='Arial', granularity=1.0, labelColor=None, labelHeight=0.035, labelWrapWidth=None, labels=tuple(...), lineColor=None, markerColor=None, name='genderResp1', opacity=None, ori=0.0, pos=array([-0.19, -0.05]), readOnly=False, self=UNKNOWN, size=array([0.015, 0.15 ]), startValue=None, style='radio', styleTweaks=[], ticks=array([1, 2, 3, 4, 5]), units='height', win=Window(...))
29.4372 	EXP 	Created continue_box_2 = Rect(__class__=<class 'psychopy.visual.rect.Rect'>, anchor=('center', 'center'), autoDraw=False, autoLog=True, closeShape=True, color=method-wrapper(...), colorSpace='rgb', contrast=None, depth=-5.0, fillColor=array([-1, -1, -1]), fillColorSpace='rgb', fillRGB=array([-1, -1, -1]), interpolate=True, lineColor=array([1, 1, 1]), lineColorSpace='rgb', lineRGB=array([1, 1, 1]), lineWidth=1.0, name='continue_box_2', opacity=1.0, ori=0.0, pos=array([ 0. , -0.4]), size=array([0.17, 0.06]), units='height', vertices=ndarray(...), win=Window(...))
29.4442 	EXP 	Created continue_text_2 = TextStim(__class__=<class 'psychopy.visual.text.TextStim'>, alignHoriz=method-wrapper(...), alignText='center', alignVert=method-wrapper(...), anchorHoriz='center', anchorVert='center', antialias=True, autoDraw=False, autoLog=True, bold=False, color=array([1, 1, 1]), colorSpace='rgb', contrast=1.0, depth=-6.0, flipHoriz=False, flipVert=False, font='Arial', fontFiles=[], height=0.04, italic=False, languageStyle='LTR', name='continue_text_2', opacity=1.0, ori=0.0, pos=array([ 0. , -0.4]), rgb=UNKNOWN, text='Continue', units='height', win=Window(...), wrapWidth=1)
29.4443 	EXP 	window1: mouseVisible = True
29.4534 	EXP 	Created edu_text = TextStim(__class__=<class 'psychopy.visual.text.TextStim'>, alignHoriz=method-wrapper(...), alignText='center', alignVert=method-wrapper(...), anchorHoriz='center', anchorVert='center', antialias=True, autoDraw=False, autoLog=True, bold=False, color=array([-1, -1, -1]), colorSpace='rgb', contrast=1.0, depth=-1.0, flipHoriz=False, flipVert=False, font='Arial', fontFiles=[], height=0.029999999999999995, italic=False, languageStyle='LTR', name='edu_text', opacity=1.0, ori=0.0, pos=array([0. , 0.3]), rgb=UNKNOWN, text=str(...), units='height', win=Window(...), wrapWidth=1)
29.4565 	EXP 	window1: mouseVisible = True
29.6511 	EXP 	Created edu_slider = Slider(__class__=<class 'psychopy.visual.slider.Slider'>, autoDraw=False, autoLog=True, borderColor=None, color=None, colorSpace='rgb', depth=-2, fillColor=None, flip=False, font='Arial', granularity=1.0, labelColor=None, labelHeight=0.029999999999999995, labelWrapWidth=None, labels=list(...), lineColor=None, markerColor=None, name='edu_slider', opacity=None, ori=-0.0, pos=array([ 0.  , -0.05]), readOnly=False, self=UNKNOWN, size=array([0.03, 0.5 ]), startValue=None, style='radio', styleTweaks=[], ticks=array([1, 2, 3, 4, 5, 6, 7, 8]), units='height', win=Window(...))
29.6636 	EXP 	Created literacy_top = TextStim(__class__=<class 'psychopy.visual.text.TextStim'>, alignHoriz=method-wrapper(...), alignText='center', alignVert=method-wrapper(...), anchorHoriz='center', anchorVert='center', antialias=True, autoDraw=False, autoLog=True, bold=False, color=array([1, 1, 1]), colorSpace='rgb', contrast=1.0, depth=0.0, flipHoriz=False, flipVert=False, font='Arial', fontFiles=[], height=0.029999999999999995, italic=False, languageStyle='LTR', name='literacy_top', opacity=1.0, ori=0.0, pos=array([-0.7,  0.4]), rgb=UNKNOWN, text=str(...), units='height', win=Window(...), wrapWidth=1.3)
29.6802 	EXP 	Created questions_text = TextStim(__class__=<class 'psychopy.visual.text.TextStim'>, alignHoriz=method-wrapper(...), alignText='center', alignVert=method-wrapper(...), anchorHoriz='center', anchorVert='center', antialias=True, autoDraw=False, autoLog=True, bold=False, color=array([1, 1, 1]), colorSpace='rgb', contrast=1.0, depth=-1.0, flipHoriz=False, flipVert=False, font='Arial', fontFiles=[], height=0.029999999999999995, italic=False, languageStyle='LTR', name='questions_text', opacity=1.0, ori=0.0, pos=array([-0.7 , -0.05]), rgb=UNKNOWN, text=str(...), units='height', win=Window(...), wrapWidth=0.75)
29.6833 	EXP 	window1: mouseVisible = True
29.7458 	EXP 	Created q1_slider = Slider(__class__=<class 'psychopy.visual.slider.Slider'>, autoDraw=False, autoLog=True, borderColor=None, color=None, colorSpace='rgb', depth=-2, fillColor=None, flip=False, font='Arial', granularity=1.0, labelColor=None, labelHeight=0.022, labelWrapWidth=None, labels=['Not at \n all good', 'Extremely \n good'], lineColor=None, markerColor=None, name='q1_slider', opacity=None, ori=0.0, pos=array([0.39, 0.27]), readOnly=False, self=UNKNOWN, size=array([0.55, 0.03]), startValue=None, style='rating', styleTweaks=[], ticks=array([1, 2, 3, 4, 5, 6]), units='height', win=Window(...))
29.7490 	EXP 	window1: mouseVisible = True
29.7887 	EXP 	Created q2_slider = Slider(__class__=<class 'psychopy.visual.slider.Slider'>, autoDraw=False, autoLog=True, borderColor=None, color=None, colorSpace='rgb', depth=-3, fillColor=None, flip=False, font='Arial', granularity=1.0, labelColor=None, labelHeight=0.022, labelWrapWidth=None, labels=['Not at \n all good', 'Extremely \n good'], lineColor=None, markerColor=None, name='q2_slider', opacity=None, ori=0.0, pos=array([0.39, 0.13]), readOnly=False, self=UNKNOWN, size=array([0.55, 0.03]), startValue=None, style='rating', styleTweaks=[], ticks=array([1, 2, 3, 4, 5, 6]), units='height', win=Window(...))
29.7917 	EXP 	window1: mouseVisible = True
29.8312 	EXP 	Created q3_slider = Slider(__class__=<class 'psychopy.visual.slider.Slider'>, autoDraw=False, autoLog=True, borderColor=None, color=None, colorSpace='rgb', depth=-4, fillColor=None, flip=False, font='Arial', granularity=1.0, labelColor=None, labelHeight=0.022, labelWrapWidth=None, labels=['Not at \n all good', 'Extremely \n good'], lineColor=None, markerColor=None, name='q3_slider', opacity=None, ori=0.0, pos=array([ 0.39, -0.02]), readOnly=False, self=UNKNOWN, size=array([0.55, 0.03]), startValue=None, style='rating', styleTweaks=[], ticks=array([1, 2, 3, 4, 5, 6]), units='height', win=Window(...))
29.8342 	EXP 	window1: mouseVisible = True
29.8737 	EXP 	Created q4_slider = Slider(__class__=<class 'psychopy.visual.slider.Slider'>, autoDraw=False, autoLog=True, borderColor=None, color=None, colorSpace='rgb', depth=-5, fillColor=None, flip=False, font='Arial', granularity=1.0, labelColor=None, labelHeight=0.022, labelWrapWidth=None, labels=['Not at \n all good', 'Extremely \n good'], lineColor=None, markerColor=None, name='q4_slider', opacity=None, ori=0.0, pos=array([ 0.39, -0.16]), readOnly=False, self=UNKNOWN, size=array([0.55, 0.03]), startValue=None, style='rating', styleTweaks=[], ticks=array([1, 2, 3, 4, 5, 6]), units='height', win=Window(...))
29.8767 	EXP 	window1: mouseVisible = True
29.9168 	EXP 	Created q5_slider = Slider(__class__=<class 'psychopy.visual.slider.Slider'>, autoDraw=False, autoLog=True, borderColor=None, color=None, colorSpace='rgb', depth=-6, fillColor=None, flip=False, font='Arial', granularity=1.0, labelColor=None, labelHeight=0.022, labelWrapWidth=None, labels=['Not at \n all good', 'Extremely \n good'], lineColor=None, markerColor=None, name='q5_slider', opacity=None, ori=0.0, pos=array([ 0.39, -0.33]), readOnly=False, self=UNKNOWN, size=array([0.55, 0.03]), startValue=None, style='rating', styleTweaks=[], ticks=array([1, 2, 3, 4, 5, 6]), units='height', win=Window(...))
29.9178 	EXP 	Created slide_number = TextStim(__class__=<class 'psychopy.visual.text.TextStim'>, alignHoriz=method-wrapper(...), alignText='center', alignVert=method-wrapper(...), anchorHoriz='center', anchorVert='center', antialias=True, autoDraw=False, autoLog=True, bold=False, color=array([1, 1, 1]), colorSpace='rgb', contrast=1.0, depth=0.0, flipHoriz=False, flipVert=False, font='Arial', fontFiles=[], height=0.025, italic=False, languageStyle='LTR', name='slide_number', opacity=1.0, ori=0.0, pos=array([0. , 0.4]), rgb=UNKNOWN, text='', units='height', win=Window(...), wrapWidth=1)
29.9187 	EXP 	Created instruction_text = TextStim(__class__=<class 'psychopy.visual.text.TextStim'>, alignHoriz=method-wrapper(...), alignText='center', alignVert=method-wrapper(...), anchorHoriz='center', anchorVert='center', antialias=True, autoDraw=False, autoLog=True, bold=False, color=array([1, 1, 1]), colorSpace='rgb', contrast=1.0, depth=-1.0, flipHoriz=False, flipVert=False, font='Arial', fontFiles=[], height=0.04, italic=False, languageStyle='LTR', name='instruction_text', opacity=1.0, ori=0.0, pos=array([0.  , 0.29]), rgb=UNKNOWN, text='', units='height', win=Window(...), wrapWidth=1)
29.9234 	EXP 	Created spacebar_3 = TextStim(__class__=<class 'psychopy.visual.text.TextStim'>, alignHoriz=method-wrapper(...), alignText='center', alignVert=method-wrapper(...), anchorHoriz='center', anchorVert='center', antialias=True, autoDraw=False, autoLog=True, bold=False, color=array([1, 1, 1]), colorSpace='rgb', contrast=1.0, depth=-2.0, flipHoriz=False, flipVert=False, font='Arial', fontFiles=[], height=0.025, italic=False, languageStyle='LTR', name='spacebar_3', opacity=1.0, ori=0.0, pos=array([ 0.  , -0.44]), rgb=UNKNOWN, text=str(...), units='height', win=Window(...), wrapWidth=1)
29.9971 	EXP 	Created instruction_image = ImageStim(__class__=<class 'psychopy.visual.image.ImageStim'>, anchor=('center', 'center'), autoLog=True, color=array([1, 1, 1]), colorSpace='rgb', contrast=1.0, depth=-3.0, flipHoriz=False, flipVert=False, image='images/group_a/9cs.jpeg', interpolate=True, mask=None, maskParams=None, name='instruction_image', opacity=1.0, ori=0.0, pos=array([ 0.   , -0.075]), size=array([0.36, 0.36]), texRes=128.0, units='height', win=Window(...))
30.0040 	EXP 	Created EXsentence1 = TextStim(__class__=<class 'psychopy.visual.text.TextStim'>, alignHoriz=method-wrapper(...), alignText='center', alignVert=method-wrapper(...), anchorHoriz='center', anchorVert='center', antialias=True, autoDraw=False, autoLog=True, bold=False, color=array([0.65490196, 0.65490196, 0.65490196]), colorSpace='rgb', contrast=1.0, depth=-4.0, flipHoriz=False, flipVert=False, font='Arial', fontFiles=[], height=0.029999999999999995, italic=False, languageStyle='LTR', name='EXsentence1', opacity=1.0, ori=0.0, pos=array([0.  , 0.14]), rgb=UNKNOWN, text=str(...), units='height', win=Window(...), wrapWidth=1.4)
30.0100 	EXP 	Created question_text_2 = TextStim(__class__=<class 'psychopy.visual.text.TextStim'>, alignHoriz=method-wrapper(...), alignText='center', alignVert=method-wrapper(...), anchorHoriz='center', anchorVert='center', antialias=True, autoDraw=False, autoLog=True, bold=False, color=array([0.65490196, 0.65490196, 0.65490196]), colorSpace='rgb', contrast=1.0, depth=-6.0, flipHoriz=False, flipVert=False, font='Arial', fontFiles=[], height=0.029999999999999995, italic=False, languageStyle='LTR', name='question_text_2', opacity=1.0, ori=0.0, pos=array([ 0.  , -0.29]), rgb=UNKNOWN, text=str(...), units='height', win=Window(...), wrapWidth=1)
30.0434 	EXP 	Created slider_image = ImageStim(__class__=<class 'psychopy.visual.image.ImageStim'>, anchor=('center', 'center'), autoLog=True, color=array([1, 1, 1]), colorSpace='rgb', contrast=1.0, depth=-7.0, flipHoriz=False, flipVert=False, image='slider_image.png', interpolate=True, mask=None, maskParams=None, name='slider_image', opacity=1.0, ori=0.0, pos=array([ 0.  , -0.37]), size=array([0.6 , 0.09]), texRes=128.0, units='height', win=Window(...))
30.0453 	EXP 	Created triangle = ShapeStim(__class__=<class 'psychopy.visual.shape.ShapeStim'>, anchor=('center', 'center'), autoDraw=False, autoLog=True, closeShape=True, color=method-wrapper(...), colorSpace='rgb', contrast=None, depth=-8.0, fillColor=array([1, 1, 1]), fillColorSpace='rgb', fillRGB=array([1, 1, 1]), interpolate=True, lineColor=array([1, 1, 1]), lineColorSpace='rgb', lineRGB=array([1, 1, 1]), lineWidth=1.0, name='triangle', opacity=1.0, ori=180.0, pos=array([0., 0.]), size=array([0.06, 0.03]), units='height', vertices=ndarray(...), win=Window(...), windingRule=None)
30.0509 	EXP 	Created arrow = TextStim(__class__=<class 'psychopy.visual.text.TextStim'>, alignHoriz=method-wrapper(...), alignText='center', alignVert=method-wrapper(...), anchorHoriz='center', anchorVert='center', antialias=True, autoDraw=False, autoLog=True, bold=False, color=array([1, 1, 1]), colorSpace='rgb', contrast=1.0, depth=-9.0, flipHoriz=False, flipVert=False, font='Arial', fontFiles=[], height=0.1, italic=False, languageStyle='LTR', name='arrow', opacity=1.0, ori=0.0, pos=array([0., 0.]), rgb=UNKNOWN, text='→', units='height', win=Window(...), wrapWidth=1)
30.0518 	EXP 	Created sentence_text = TextStim(__class__=<class 'psychopy.visual.text.TextStim'>, alignHoriz=method-wrapper(...), alignText='center', alignVert=method-wrapper(...), anchorHoriz='center', anchorVert='center', antialias=True, autoDraw=False, autoLog=True, bold=False, color=array([1, 1, 1]), colorSpace='rgb', contrast=1.0, depth=-1.0, flipHoriz=False, flipVert=False, font='Arial', fontFiles=[], height=0.03, italic=False, languageStyle='LTR', name='sentence_text', opacity=1.0, ori=0.0, pos=array([0.  , 0.39]), rgb=UNKNOWN, text='', units='height', win=Window(...), wrapWidth=1.2)
30.0577 	EXP 	Created image = ImageStim(__class__=<class 'psychopy.visual.image.ImageStim'>, anchor=('center', 'center'), autoLog=True, color=array([1, 1, 1]), colorSpace='rgb', contrast=1.0, depth=-2.0, flipHoriz=False, flipVert=False, image='sin', interpolate=True, mask=None, maskParams=None, name='image', opacity=1.0, ori=0.0, pos=array([0.  , 0.06]), size=array([0.6 , 0.43]), texRes=128.0, units='height', win=Window(...))
30.0586 	EXP 	Created question_text = TextStim(__class__=<class 'psychopy.visual.text.TextStim'>, alignHoriz=method-wrapper(...), alignText='center', alignVert=method-wrapper(...), anchorHoriz='center', anchorVert='center', antialias=True, autoDraw=False, autoLog=True, bold=False, color=array([1, 1, 1]), colorSpace='rgb', contrast=1.0, depth=-3.0, flipHoriz=False, flipVert=False, font='Arial', fontFiles=[], height=0.03, italic=False, languageStyle='LTR', name='question_text', opacity=1.0, ori=0.0, pos=array([ 0.  , -0.29]), rgb=UNKNOWN, text='', units='height', win=Window(...), wrapWidth=1)
30.0617 	EXP 	window1: mouseVisible = True
30.1043 	EXP 	Created slider = Slider(__class__=<class 'psychopy.visual.slider.Slider'>, autoDraw=False, autoLog=True, borderColor=None, color=None, colorSpace='rgb', depth=-4, fillColor=None, flip=False, font='Arial', granularity=None, labelColor=None, labelHeight=0.029999999999999995, labelWrapWidth=None, labels=('Not very severe', 'Very severe'), lineColor=None, markerColor=None, name='slider', opacity=None, ori=0.0, pos=array([ 0.  , -0.35]), readOnly=False, self=UNKNOWN, size=array([0.5 , 0.04]), startValue=None, style='rating', styleTweaks=['triangleMarker'], ticks=array([1, 2]), units='height', win=Window(...))
30.1053 	EXP 	Created trial_counter_text = TextStim(__class__=<class 'psychopy.visual.text.TextStim'>, alignHoriz=method-wrapper(...), alignText='center', alignVert=method-wrapper(...), anchorHoriz='center', anchorVert='center', antialias=True, autoDraw=False, autoLog=True, bold=False, color=array([1, 1, 1]), colorSpace='rgb', contrast=1.0, depth=-7.0, flipHoriz=False, flipVert=False, font='Arial', fontFiles=[], height=0.025, italic=False, languageStyle='LTR', name='trial_counter_text', opacity=1.0, ori=0, pos=array([0.5 , 0.43]), rgb=UNKNOWN, text='', units='height', win=Window(...), wrapWidth=1)
30.1252 	EXP 	Created spacebar_text = TextStim(__class__=<class 'psychopy.visual.text.TextStim'>, alignHoriz=method-wrapper(...), alignText='center', alignVert=method-wrapper(...), anchorHoriz='center', anchorVert='center', antialias=True, autoDraw=False, autoLog=True, bold=False, color=array([1, 1, 1]), colorSpace='rgb', contrast=1.0, depth=-8.0, flipHoriz=False, flipVert=False, font='Arial', fontFiles=[], height=0.02, italic=False, languageStyle='LTR', name='spacebar_text', opacity=1.0, ori=0.0, pos=array([ 0.  , -0.44]), rgb=UNKNOWN, text=str(...), units='height', win=Window(...), wrapWidth=1)
30.1570 	EXP 	Created debrief_text = TextStim(__class__=<class 'psychopy.visual.text.TextStim'>, alignHoriz=method-wrapper(...), alignText='center', alignVert=method-wrapper(...), anchorHoriz='center', anchorVert='center', antialias=True, autoDraw=False, autoLog=True, bold=False, color=array([1, 1, 1]), colorSpace='rgb', contrast=1.0, depth=0.0, flipHoriz=False, flipVert=False, font='Arial', fontFiles=[], height=0.04, italic=False, languageStyle='LTR', name='debrief_text', opacity=1.0, ori=0.0, pos=array([-0.5,  0. ]), rgb=UNKNOWN, text=str(...), units='height', win=Window(...), wrapWidth=1)
30.1723 	EXP 	Created spacebar_debrief = TextStim(__class__=<class 'psychopy.visual.text.TextStim'>, alignHoriz=method-wrapper(...), alignText='center', alignVert=method-wrapper(...), anchorHoriz='center', anchorVert='center', antialias=True, autoDraw=False, autoLog=True, bold=False, color=array([1, 1, 1]), colorSpace='rgb', contrast=1.0, depth=-2.0, flipHoriz=False, flipVert=False, font='Arial', fontFiles=[], height=0.025, italic=False, languageStyle='LTR', name='spacebar_debrief', opacity=1.0, ori=0, pos=array([ 0.  , -0.35]), rgb=UNKNOWN, text='Press the spacebar to continue.', units='height', win=Window(...), wrapWidth=1)
30.1812 	EXP 	window1: mouseVisible = True
30.1829 	EXP 	Created continue_box = Rect(__class__=<class 'psychopy.visual.rect.Rect'>, anchor=('center', 'center'), autoDraw=False, autoLog=True, closeShape=True, color=method-wrapper(...), colorSpace='rgb', contrast=None, depth=-2.0, fillColor=array([-1, -1, -1]), fillColorSpace='rgb', fillRGB=array([-1, -1, -1]), interpolate=True, lineColor=array([1, 1, 1]), lineColorSpace='rgb', lineRGB=array([1, 1, 1]), lineWidth=1.0, name='continue_box', opacity=1.0, ori=0.0, pos=array([ 0. , -0.4]), size=array([0.17, 0.06]), units='height', vertices=ndarray(...), win=Window(...))
30.1862 	EXP 	Created continue_text = TextStim(__class__=<class 'psychopy.visual.text.TextStim'>, alignHoriz=method-wrapper(...), alignText='center', alignVert=method-wrapper(...), anchorHoriz='center', anchorVert='center', antialias=True, autoDraw=False, autoLog=True, bold=False, color=array([1, 1, 1]), colorSpace='rgb', contrast=1.0, depth=-3.0, flipHoriz=False, flipVert=False, font='Arial', fontFiles=[], height=0.04, italic=False, languageStyle='LTR', name='continue_text', opacity=1.0, ori=0.0, pos=array([ 0. , -0.4]), rgb=UNKNOWN, text='Continue', units='height', win=Window(...), wrapWidth=1)
30.2057 	EXP 	Created comment_instructions = TextStim(__class__=<class 'psychopy.visual.text.TextStim'>, alignHoriz=method-wrapper(...), alignText='center', alignVert=method-wrapper(...), anchorHoriz='center', anchorVert='center', antialias=True, autoDraw=False, autoLog=True, bold=False, color=array([1, 1, 1]), colorSpace='rgb', contrast=1.0, depth=-5.0, flipHoriz=False, flipVert=False, font='Arial', fontFiles=[], height=0.05, italic=False, languageStyle='LTR', name='comment_instructions', opacity=1.0, ori=0.0, pos=array([0.  , 0.35]), rgb=UNKNOWN, text=str(...), units='height', win=Window(...), wrapWidth=1)
30.2197 	EXP 	Created final_text = TextStim(__class__=<class 'psychopy.visual.text.TextStim'>, alignHoriz=method-wrapper(...), alignText='center', alignVert=method-wrapper(...), anchorHoriz='center', anchorVert='center', antialias=True, autoDraw=False, autoLog=True, bold=False, color=array([1, 1, 1]), colorSpace='rgb', contrast=1.0, depth=0.0, flipHoriz=False, flipVert=False, font='Arial', fontFiles=[], height=0.05, italic=False, languageStyle='LTR', name='final_text', opacity=1.0, ori=0, pos=array([0., 0.]), rgb=UNKNOWN, text=str(...), units='height', win=Window(...), wrapWidth=1)
30.2409 	WARNING 	t of last frame was 4161.78ms (=1/0)
30.2409 	EXP 	ageResp: autoLog = True
30.2409 	EXP 	genderResp1: autoLog = True
30.2409 	EXP 	genderResp1: markerPos = None
30.2409 	EXP 	genderResp1: styleTweaks = []
30.2409 	EXP 	genderResp1: styleTweaks = []
30.2409 	EXP 	genderResp1: styleTweaks = []
30.2409 	EXP 	genderResp1: styleTweaks = []
30.2409 	EXP 	genderResp1: contrast = 1.0
30.2409 	EXP 	genderResp1: autoLog = True
30.2409 	EXP 	genderResp2: autoLog = True
30.2409 	EXP 	edu_slider: autoLog = True
30.2409 	EXP 	edu_slider: markerPos = None
30.2409 	EXP 	edu_slider: styleTweaks = []
30.2409 	EXP 	edu_slider: styleTweaks = []
30.2409 	EXP 	edu_slider: styleTweaks = []
30.2409 	EXP 	edu_slider: styleTweaks = []
30.2409 	EXP 	edu_slider: contrast = 1.0
30.2409 	EXP 	edu_slider: autoLog = True
30.2409 	EXP 	q1_slider: autoLog = True
30.2409 	EXP 	q1_slider: markerPos = None
30.2409 	EXP 	q1_slider: styleTweaks = []
30.2409 	EXP 	q1_slider: styleTweaks = []
30.2409 	EXP 	q1_slider: styleTweaks = []
30.2409 	EXP 	q1_slider: styleTweaks = []
30.2409 	EXP 	q1_slider: contrast = 1.0
30.2409 	EXP 	q1_slider: autoLog = True
30.2409 	EXP 	q2_slider: autoLog = True
30.2409 	EXP 	q2_slider: markerPos = None
30.2409 	EXP 	q2_slider: styleTweaks = []
30.2409 	EXP 	q2_slider: styleTweaks = []
30.2409 	EXP 	q2_slider: styleTweaks = []
30.2409 	EXP 	q2_slider: styleTweaks = []
30.2409 	EXP 	q2_slider: contrast = 1.0
30.2409 	EXP 	q2_slider: autoLog = True
30.2409 	EXP 	q3_slider: autoLog = True
30.2409 	EXP 	q3_slider: markerPos = None
30.2409 	EXP 	q3_slider: styleTweaks = []
30.2409 	EXP 	q3_slider: styleTweaks = []
30.2409 	EXP 	q3_slider: styleTweaks = []
30.2409 	EXP 	q3_slider: styleTweaks = []
30.2409 	EXP 	q3_slider: contrast = 1.0
30.2409 	EXP 	q3_slider: autoLog = True
30.2409 	EXP 	q4_slider: autoLog = True
30.2409 	EXP 	q4_slider: markerPos = None
30.2409 	EXP 	q4_slider: styleTweaks = []
30.2409 	EXP 	q4_slider: styleTweaks = []
30.2409 	EXP 	q4_slider: styleTweaks = []
30.2409 	EXP 	q4_slider: styleTweaks = []
30.2409 	EXP 	q4_slider: contrast = 1.0
30.2409 	EXP 	q4_slider: autoLog = True
30.2409 	EXP 	q5_slider: autoLog = True
30.2409 	EXP 	q5_slider: markerPos = None
30.2409 	EXP 	q5_slider: styleTweaks = []
30.2409 	EXP 	q5_slider: styleTweaks = []
30.2409 	EXP 	q5_slider: styleTweaks = []
30.2409 	EXP 	q5_slider: styleTweaks = []
30.2409 	EXP 	q5_slider: contrast = 1.0
30.2409 	EXP 	q5_slider: autoLog = True
30.2409 	EXP 	slider: autoLog = True
30.2409 	EXP 	slider: markerPos = None
30.2409 	EXP 	slider: styleTweaks = []
30.2409 	EXP 	slider: styleTweaks = []
30.2409 	EXP 	slider: styleTweaks = ['triangleMarker']
30.2409 	EXP 	slider: styleTweaks = ['triangleMarker']
30.2409 	EXP 	slider: contrast = 1.0
30.2409 	EXP 	slider: autoLog = True
30.2409 	EXP 	textbox: autoLog = True
30.2409 	EXP 	intro_text2: autoDraw = True
31.0983 	WARNING 	t of last frame was 21.77ms (=1/45)
32.1307 	WARNING 	t of last frame was 21.11ms (=1/47)
34.6308 	WARNING 	Multiple dropped frames have occurred - I'll stop bothering you about them!
35.5275 	EXP 	Created sequence: sequential, trialTypes=1, nReps=100, seed=None
35.5283 	EXP 	New trial (rep=0, index=0): None
35.6745 	DATA 	Keypress: space
35.6947 	EXP 	intro_text2: autoDraw = False
35.6947 	EXP 	info_sheet_image: image = 'info/info1.png'
35.6947 	EXP 	counter: height = 0.029999999999999995
35.6947 	EXP 	counter: height = 0.029999999999999995
35.6947 	EXP 	counter: height = 0.029999999999999995
35.6947 	EXP 	counter: text = 'Page 1 of 4'
35.6947 	EXP 	info_sheet_image: autoDraw = True
35.6947 	EXP 	counter: autoDraw = True
35.6947 	EXP 	move_text: autoDraw = True
35.6947 	EXP 	info_sheet_next: autoDraw = True
36.3107 	EXP 	New trial (rep=1, index=0): None
36.4412 	DATA 	Keypress: right
36.4601 	EXP 	info_sheet_image: autoDraw = False
36.4601 	EXP 	counter: autoDraw = False
36.4601 	EXP 	move_text: autoDraw = False
36.4601 	EXP 	info_sheet_next: autoDraw = False
36.4601 	EXP 	info_sheet_image: image = 'info/info2.png'
36.4601 	EXP 	counter: height = 0.029999999999999995
36.4601 	EXP 	counter: height = 0.029999999999999995
36.4601 	EXP 	counter: height = 0.029999999999999995
36.4601 	EXP 	counter: text = 'Page 2 of 4'
36.4601 	EXP 	info_sheet_image: autoDraw = True
36.4601 	EXP 	counter: autoDraw = True
36.4601 	EXP 	move_text: autoDraw = True
36.4601 	EXP 	info_sheet_next: autoDraw = True
36.5953 	EXP 	New trial (rep=2, index=0): None
36.7060 	DATA 	Keypress: right
36.7227 	EXP 	info_sheet_image: autoDraw = False
36.7227 	EXP 	counter: autoDraw = False
36.7227 	EXP 	move_text: autoDraw = False
36.7227 	EXP 	info_sheet_next: autoDraw = False
36.7227 	EXP 	info_sheet_image: image = 'info/info3.png'
36.7227 	EXP 	counter: height = 0.029999999999999995
36.7227 	EXP 	counter: height = 0.029999999999999995
36.7227 	EXP 	counter: height = 0.029999999999999995
36.7227 	EXP 	counter: text = 'Page 3 of 4'
36.7227 	EXP 	info_sheet_image: autoDraw = True
36.7227 	EXP 	counter: autoDraw = True
36.7227 	EXP 	move_text: autoDraw = True
36.7227 	EXP 	info_sheet_next: autoDraw = True
36.7473 	EXP 	New trial (rep=3, index=0): None
36.8552 	DATA 	Keypress: right
36.8743 	EXP 	info_sheet_image: autoDraw = False
36.8743 	EXP 	counter: autoDraw = False
36.8743 	EXP 	move_text: autoDraw = False
36.8743 	EXP 	info_sheet_next: autoDraw = False
36.8743 	EXP 	info_sheet_image: image = 'info/info4.png'
36.8743 	EXP 	counter: height = 0.029999999999999995
36.8743 	EXP 	counter: height = 0.029999999999999995
36.8743 	EXP 	counter: height = 0.029999999999999995
36.8743 	EXP 	counter: text = 'Page 4 of 4'
36.8743 	EXP 	info_sheet_image: autoDraw = True
36.8743 	EXP 	counter: autoDraw = True
36.8743 	EXP 	move_text: autoDraw = True
36.8743 	EXP 	info_sheet_next: autoDraw = True
36.8918 	EXP 	New trial (rep=4, index=0): None
36.9925 	DATA 	Keypress: right
37.0118 	EXP 	info_sheet_image: autoDraw = False
37.0118 	EXP 	counter: autoDraw = False
37.0118 	EXP 	move_text: autoDraw = False
37.0118 	EXP 	info_sheet_next: autoDraw = False
37.0118 	EXP 	info_sheet_image: image = 'info/info4.png'
37.0118 	EXP 	counter: text = 'Page 4 of 4'
37.0118 	EXP 	info_sheet_image: autoDraw = True
37.0118 	EXP 	counter: autoDraw = True
37.0118 	EXP 	move_text: autoDraw = True
37.0118 	EXP 	info_sheet_next: autoDraw = True
37.0253 	EXP 	New trial (rep=5, index=0): None
37.1260 	DATA 	Keypress: right
37.1451 	EXP 	info_sheet_image: autoDraw = False
37.1451 	EXP 	counter: autoDraw = False
37.1451 	EXP 	move_text: autoDraw = False
37.1451 	EXP 	info_sheet_next: autoDraw = False
37.1451 	EXP 	info_sheet_image: image = 'info/info4.png'
37.1451 	EXP 	counter: text = 'Page 4 of 4'
37.1451 	EXP 	info_sheet_image: autoDraw = True
37.1451 	EXP 	counter: autoDraw = True
37.1451 	EXP 	move_text: autoDraw = True
37.1451 	EXP 	info_sheet_next: autoDraw = True
38.1971 	DATA 	Keypress: return
38.2381 	EXP 	Imported consent.csv as conditions, 6 conditions, 1 params
38.2385 	EXP 	Created sequence: sequential, trialTypes=6, nReps=1, seed=None
38.2388 	EXP 	New trial (rep=0, index=0): OrderedDict([('consent_item', '1 of 6\nI confirm that I have read the attached information sheet (Version A5.0; Date 26/05/2022) for the above study and have had the opportunity to consider the information and ask questions and had these answered satisfactorily.')])
38.2918 	EXP 	info_sheet_image: autoDraw = False
38.2918 	EXP 	counter: autoDraw = False
38.2918 	EXP 	move_text: autoDraw = False
38.2918 	EXP 	info_sheet_next: autoDraw = False
38.2918 	EXP 	item_text: height = 0.04
38.2918 	EXP 	item_text: height = 0.04
38.2918 	EXP 	item_text: height = 0.04
38.2918 	EXP 	item_text: text = '1 of 6\nI confirm that I have read the attached information sheet (Version A5.0; Date 26/05/2022) for the above study and have had the opportunity to consider the information and ask questions and had these answered satisfactorily.'
38.2918 	EXP 	study_title: autoDraw = True
38.2918 	EXP 	item_text: autoDraw = True
38.2918 	EXP 	keypress_instructions: autoDraw = True
39.5829 	DATA 	Keypress: y
39.7307 	DATA 	Keypress: y
39.8636 	DATA 	Keypress: y
40.0132 	DATA 	Keypress: y
40.2126 	DATA 	Keypress: y
40.4116 	EXP 	New trial (rep=0, index=1): OrderedDict([('consent_item', '2 of 6\nI understand that my participation in the study is voluntary and that I am free to withdraw at any time without giving a reason and without detriment to myself (although I will not receive payment for this study). I understand that it will not be possible to remove my data from the project once it has been anonymised and forms part of the data set.  \n\nI agree to take part on this basis.')])
40.4344 	DATA 	Keypress: y
40.4377 	EXP 	study_title: autoDraw = False
40.4377 	EXP 	item_text: autoDraw = False
40.4377 	EXP 	keypress_instructions: autoDraw = False
40.4377 	EXP 	item_text: height = 0.04
40.4377 	EXP 	item_text: height = 0.04
40.4377 	EXP 	item_text: height = 0.04
40.4377 	EXP 	item_text: text = '2 of 6\nI understand that my participation in the study is voluntary and that I am free to withdraw at any time without giving a reason and without detriment to myself (although I will not receive payment for this study). I understand that it will not be possible to remove my data from the project once it has been anonymised and forms part of the data set.  \n\nI agree to take part on this basis.'
40.4377 	EXP 	study_title: autoDraw = True
40.4377 	EXP 	item_text: autoDraw = True
40.4377 	EXP 	keypress_instructions: autoDraw = True
40.6301 	DATA 	Keypress: y
41.2966 	DATA 	Keypress: y
41.4654 	DATA 	Keypress: y
41.6296 	DATA 	Keypress: y
41.7626 	DATA 	Keypress: y
41.9300 	DATA 	Keypress: y
42.0961 	DATA 	Keypress: y
42.5605 	EXP 	New trial (rep=0, index=2): OrderedDict([('consent_item', '3 of 6\nI agree that any data collected may be included in anonymous form in student theses/publications/conference presentations.')])
42.5726 	DATA 	Keypress: y
42.5780 	EXP 	study_title: autoDraw = False
42.5780 	EXP 	item_text: autoDraw = False
42.5780 	EXP 	keypress_instructions: autoDraw = False
42.5780 	EXP 	item_text: height = 0.04
42.5780 	EXP 	item_text: height = 0.04
42.5780 	EXP 	item_text: height = 0.04
42.5780 	EXP 	item_text: text = '3 of 6\nI agree that any data collected may be included in anonymous form in student theses/publications/conference presentations.'
42.5780 	EXP 	study_title: autoDraw = True
42.5780 	EXP 	item_text: autoDraw = True
42.5780 	EXP 	keypress_instructions: autoDraw = True
42.9634 	DATA 	Keypress: y
43.1311 	DATA 	Keypress: y
43.2968 	DATA 	Keypress: y
43.4459 	DATA 	Keypress: y
43.5965 	DATA 	Keypress: y
43.7471 	DATA 	Keypress: y
44.1300 	DATA 	Keypress: y
44.4635 	DATA 	Keypress: y
44.7774 	EXP 	New trial (rep=0, index=3): OrderedDict([('consent_item', '4 of 6\nI understand that a fully anonymised dataset will be deposited in public open data repositories.')])
44.7885 	DATA 	Keypress: y
44.7940 	EXP 	study_title: autoDraw = False
44.7940 	EXP 	item_text: autoDraw = False
44.7940 	EXP 	keypress_instructions: autoDraw = False
44.7940 	EXP 	item_text: height = 0.04
44.7940 	EXP 	item_text: height = 0.04
44.7940 	EXP 	item_text: height = 0.04
44.7940 	EXP 	item_text: text = '4 of 6\nI understand that a fully anonymised dataset will be deposited in public open data repositories.'
44.7940 	EXP 	study_title: autoDraw = True
44.7940 	EXP 	item_text: autoDraw = True
44.7940 	EXP 	keypress_instructions: autoDraw = True
77.9773 	EXP 	New trial (rep=0, index=4): OrderedDict([('consent_item', '5 of 6\nI understand that data collected during the study may be looked at by individuals from The University of Manchester or regulatory authorities, where it is relevant to my taking part in this research. I give permission for these individuals to have access to my data.')])
77.9978 	DATA 	Keypress: y
78.0013 	EXP 	study_title: autoDraw = False
78.0013 	EXP 	item_text: autoDraw = False
78.0013 	EXP 	keypress_instructions: autoDraw = False
78.0013 	EXP 	item_text: height = 0.04
78.0013 	EXP 	item_text: height = 0.04
78.0013 	EXP 	item_text: height = 0.04
78.0013 	EXP 	item_text: text = '5 of 6\nI understand that data collected during the study may be looked at by individuals from The University of Manchester or regulatory authorities, where it is relevant to my taking part in this research. I give permission for these individuals to have access to my data.'
78.0013 	EXP 	study_title: autoDraw = True
78.0013 	EXP 	item_text: autoDraw = True
78.0013 	EXP 	keypress_instructions: autoDraw = True
78.5796 	DATA 	Keypress: y
78.7323 	DATA 	Keypress: y
78.8804 	DATA 	Keypress: y
79.1971 	DATA 	Keypress: y
79.5644 	DATA 	Keypress: y
79.7964 	DATA 	Keypress: y
80.0113 	EXP 	New trial (rep=0, index=5): OrderedDict([('consent_item', '6 of 6\nI agree to take part in this study.')])
80.0194 	DATA 	Keypress: y
80.0259 	EXP 	study_title: autoDraw = False
80.0259 	EXP 	item_text: autoDraw = False
80.0259 	EXP 	keypress_instructions: autoDraw = False
80.0259 	EXP 	item_text: height = 0.04
80.0259 	EXP 	item_text: height = 0.04
80.0259 	EXP 	item_text: height = 0.04
80.0259 	EXP 	item_text: text = '6 of 6\nI agree to take part in this study.'
80.0259 	EXP 	study_title: autoDraw = True
80.0259 	EXP 	item_text: autoDraw = True
80.0259 	EXP 	keypress_instructions: autoDraw = True
80.5469 	DATA 	Keypress: y
80.7294 	DATA 	Keypress: y
82.6792 	DATA 	Keypress: y
82.7407 	EXP 	study_title: autoDraw = False
82.7407 	EXP 	item_text: autoDraw = False
82.7407 	EXP 	keypress_instructions: autoDraw = False
82.7407 	EXP 	genderResp1: markerPos = None
82.7407 	EXP 	genderResp1: markerPos = None
82.7407 	EXP 	ageResp: autoDraw = True
82.7407 	EXP 	age: autoDraw = True
82.7407 	EXP 	gender: autoDraw = True
82.7407 	EXP 	genderResp1: autoDraw = True
82.7407 	EXP 	genderResp2: autoDraw = True
82.7407 	EXP 	continue_box_2: autoDraw = True
82.7407 	EXP 	continue_text_2: autoDraw = True
82.8241 	DATA 	Keypress: y
83.3565 	DATA 	Keypress: backspace
83.5034 	DATA 	Keypress: backspace
84.1741 	DATA 	Keypress: 8
84.3372 	DATA 	Keypress: 7
85.5010 	DATA 	Mouse: Left button down, pos=(557,375)
85.5809 	DATA 	Mouse:  Left button up, pos=(557,375)
86.2003 	DATA 	Mouse: Left button down, pos=(497,379)
86.3037 	DATA 	Mouse:  Left button up, pos=(497,379)
86.6671 	DATA 	Mouse: Left button down, pos=(503,377)
86.6834 	EXP 	genderResp1: markerPos = 4.962962962962963
86.7034 	EXP 	genderResp1: markerPos = 4.962962962962963
86.7248 	EXP 	genderResp1: markerPos = 4.962962962962963
86.7462 	EXP 	genderResp1: markerPos = 4.962962962962963
86.7516 	DATA 	Mouse:  Left button up, pos=(503,377)
86.7658 	EXP 	genderResp1: markerPos = 5.0
87.4825 	DATA 	Mouse: Left button down, pos=(603,69)
87.5484 	DATA 	Mouse:  Left button up, pos=(603,69)
87.5642 	EXP 	ageResp: autoDraw = False
87.5642 	EXP 	age: autoDraw = False
87.5642 	EXP 	gender: autoDraw = False
87.5642 	EXP 	genderResp1: autoDraw = False
87.5642 	EXP 	genderResp2: autoDraw = False
87.5642 	EXP 	continue_box_2: autoDraw = False
87.5642 	EXP 	continue_text_2: autoDraw = False
87.5642 	EXP 	edu_slider: markerPos = None
87.5642 	EXP 	edu_slider: markerPos = None
87.5642 	EXP 	edu_text: autoDraw = True
87.5642 	EXP 	edu_slider: autoDraw = True
88.7045 	DATA 	Mouse: Left button down, pos=(640,246)
88.7501 	EXP 	edu_slider: markerPos = 2.9833333333333334
88.7822 	EXP 	edu_slider: markerPos = 2.9833333333333334
88.8012 	DATA 	Mouse:  Left button up, pos=(640,246)
88.8152 	EXP 	edu_slider: markerPos = 2.9833333333333334
88.8470 	EXP 	edu_slider: markerPos = 3.0
90.2342 	DATA 	Keypress: space
90.3490 	EXP 	edu_text: autoDraw = False
90.3490 	EXP 	edu_slider: autoDraw = False
90.3490 	EXP 	q1_slider: markerPos = None
90.3490 	EXP 	q1_slider: markerPos = None
90.3490 	EXP 	q2_slider: markerPos = None
90.3490 	EXP 	q2_slider: markerPos = None
90.3490 	EXP 	q3_slider: markerPos = None
90.3490 	EXP 	q3_slider: markerPos = None
90.3490 	EXP 	q4_slider: markerPos = None
90.3490 	EXP 	q4_slider: markerPos = None
90.3490 	EXP 	q5_slider: markerPos = None
90.3490 	EXP 	q5_slider: markerPos = None
90.3490 	EXP 	questions_text: alignText = 'right'
90.3490 	EXP 	literacy_top: autoDraw = True
90.3490 	EXP 	questions_text: autoDraw = True
90.3490 	EXP 	q1_slider: autoDraw = True
90.3490 	EXP 	q2_slider: autoDraw = True
90.3490 	EXP 	q3_slider: autoDraw = True
90.3490 	EXP 	q4_slider: autoDraw = True
90.3490 	EXP 	q5_slider: autoDraw = True
90.3490 	EXP 	questions_text: height = 0.029999999999999995
90.3490 	EXP 	questions_text: height = 0.029999999999999995
90.3490 	EXP 	questions_text: height = 0.029999999999999995
90.3490 	EXP 	questions_text: text = 'How good are you at working with bar charts?\n\n\n\nHow good are you at working with line plots?\n\n\n\nHow good are you at working with pie charts?\n\n\n\nHow good are you at inferring the size of a bar in a bar chart?\n\n\n\nHow good are you at determining the difference between two bars in a bar chart?'
91.9791 	DATA 	Mouse: Left button down, pos=(962,577)
92.0777 	DATA 	Mouse:  Left button up, pos=(962,577)
92.7124 	DATA 	Mouse: Left button down, pos=(971,552)
92.7579 	EXP 	q1_slider: markerPos = 4.133838383838384
92.7862 	EXP 	q1_slider: markerPos = 4.133838383838384
92.8244 	EXP 	q1_slider: markerPos = 4.133838383838384
92.8326 	DATA 	Mouse:  Left button up, pos=(971,552)
92.8632 	EXP 	q1_slider: markerPos = 4.133838383838384
92.9009 	EXP 	q1_slider: markerPos = 4.0
93.3302 	DATA 	Mouse: Left button down, pos=(969,463)
93.3962 	EXP 	q2_slider: markerPos = 4.108585858585858
93.4139 	DATA 	Mouse:  Left button up, pos=(969,463)
93.4363 	EXP 	q2_slider: markerPos = 4.108585858585858
93.4740 	EXP 	q2_slider: markerPos = 4.0
93.9286 	DATA 	Mouse: Left button down, pos=(951,321)
94.0086 	DATA 	Mouse:  Left button up, pos=(951,321)
94.3629 	DATA 	Mouse: Left button down, pos=(962,343)
94.4166 	EXP 	q3_slider: markerPos = 4.020202020202021
94.4563 	EXP 	q3_slider: markerPos = 4.020202020202021
94.4632 	DATA 	Mouse:  Left button up, pos=(962,343)
94.4854 	EXP 	q3_slider: markerPos = 4.0
95.0294 	DATA 	Mouse: Left button down, pos=(962,253)
95.0884 	EXP 	q4_slider: markerPos = 4.020202020202021
95.1152 	DATA 	Mouse:  Left button up, pos=(962,253)
95.1298 	EXP 	q4_slider: markerPos = 4.020202020202021
95.1581 	EXP 	q4_slider: markerPos = 4.0
95.6619 	DATA 	Mouse: Left button down, pos=(956,113)
95.6969 	EXP 	q5_slider: markerPos = 3.9444444444444438
95.7263 	EXP 	q5_slider: markerPos = 3.9444444444444438
95.7475 	DATA 	Mouse:  Left button up, pos=(956,113)
95.7559 	EXP 	q5_slider: markerPos = 4.0
98.7462 	DATA 	Keypress: space
98.7645 	EXP 	Imported wenqi_instructions.csv as conditions, 8 conditions, 5 params
98.7649 	EXP 	Created sequence: sequential, trialTypes=8, nReps=1, seed=None
98.7653 	EXP 	New trial (rep=0, index=0): OrderedDict([('slide_text', 'Slide 1 of 8'), ('instruction', 'This experiment is about using information to make decisions. Each trial will look similar to this:'), ('triangle_pos', 10.0), ('arrow_posy', 10.0), ('arrow_posx', 10.0)])
98.8048 	EXP 	literacy_top: autoDraw = False
98.8048 	EXP 	questions_text: autoDraw = False
98.8048 	EXP 	q1_slider: autoDraw = False
98.8048 	EXP 	q2_slider: autoDraw = False
98.8048 	EXP 	q3_slider: autoDraw = False
98.8048 	EXP 	q4_slider: autoDraw = False
98.8048 	EXP 	q5_slider: autoDraw = False
98.8048 	EXP 	slide_number: height = 0.025
98.8048 	EXP 	slide_number: height = 0.025
98.8048 	EXP 	slide_number: height = 0.025
98.8048 	EXP 	slide_number: text = 'Slide 1 of 8'
98.8048 	EXP 	instruction_text: height = 0.04
98.8048 	EXP 	instruction_text: height = 0.04
98.8048 	EXP 	instruction_text: height = 0.04
98.8048 	EXP 	instruction_text: text = 'This experiment is about using information to make decisions. Each trial will look similar to this:'
98.8048 	EXP 	slide_number: autoDraw = True
98.8048 	EXP 	instruction_text: autoDraw = True
98.8048 	EXP 	spacebar_3: autoDraw = True
98.8048 	EXP 	instruction_image: autoDraw = True
98.8048 	EXP 	EXsentence1: autoDraw = True
98.8048 	EXP 	question_text_2: autoDraw = True
98.8048 	EXP 	slider_image: autoDraw = True
98.8048 	EXP 	triangle: autoDraw = True
98.8048 	EXP 	arrow: autoDraw = True
117.8968 	DATA 	Mouse: Left button down, pos=(806,112)
118.2965 	DATA 	Mouse:  Left button up, pos=(805,112)
119.1970 	DATA 	Mouse: Left button down, pos=(491,106)
119.4142 	DATA 	Mouse:  Left button up, pos=(491,106)
121.4464 	DATA 	Keypress: escape
121.7912 	EXP 	window1: mouseVisible = True
