1.5145 	WARNING 	We strongly recommend you activate the PTB sound engine in PsychoPy prefs as the preferred audio engine. Its timing is vastly superior. Your prefs are currently set to use ['sounddevice', 'PTB', 'pyo', 'pygame'] (in that order).
9.0236 	WARNING 	Couldn't measure a consistent frame rate!
  - Is your graphics card set to sync to vertical blank?
  - Are you running other processes on your computer?

9.0257 	EXP 	Created window1 = Window(allowGUI=True, allowStencil=False, autoLog=True, backendConf=UNKNOWN, bitsMode=UNKNOWN, blendMode='avg', bpc=(8, 8, 8), color=array([0, 0, 0]), colorSpace='rgb', depthBits=8, fullscr=<method-wrapper '__getattribute__' of attributeSetter object at 0x7fc613255250>, gamma=None, gammaErrorPolicy='raise', lms=UNKNOWN, monitor=<psychopy.monitors.calibTools.Monitor object at 0x7fc5e3e65790>, multiSample=False, name='window1', numSamples=2, pos=[384.0, 240.0], screen=0, size=array([3072, 1920]), stencilBits=0, stereo=False, units='height', useFBO=True, useRetina=True, viewOri=0.0, viewPos=None, viewScale=None, waitBlanking=True, winType='pyglet')
9.0260 	EXP 	window1: mouseVisible = True
9.0277 	EXP 	window1: mouseVisible = False
9.0277 	EXP 	window1: Attempting to measure frame rate of screen (0) ...
9.0277 	EXP 	window1: recordFrameIntervals = False
9.1896 	EXP 	window1: recordFrameIntervals = True
10.8584 	WARNING 	Couldn't measure a consistent frame rate!
  - Is your graphics card set to sync to vertical blank?
  - Are you running other processes on your computer?

13.7113 	EXP 	Created text_3 = TextStim(__class__=<class 'psychopy.visual.text.TextStim'>, alignHoriz=method-wrapper(...), alignText='center', alignVert=method-wrapper(...), anchorHoriz='center', anchorVert='center', antialias=True, autoDraw=False, autoLog=True, bold=False, color=array([1, 1, 1]), colorSpace='rgb', contrast=1.0, depth=0.0, flipHoriz=False, flipVert=False, font='Open Sans', fontFiles=[], height=0.05, italic=False, languageStyle='LTR', name='text_3', opacity=1.0, ori=0.0, pos=array([0., 0.]), rgb=UNKNOWN, text='Welcome!', units='height', win=Window(...), wrapWidth=1)
13.7671 	EXP 	Created intro_text2 = TextStim(__class__=<class 'psychopy.visual.text.TextStim'>, alignHoriz=method-wrapper(...), alignText='center', alignVert=method-wrapper(...), anchorHoriz='center', anchorVert='center', antialias=True, autoDraw=False, autoLog=True, bold=False, color=array([1, 1, 1]), colorSpace='rgb', contrast=1.0, depth=0.0, flipHoriz=False, flipVert=False, font='Arial', fontFiles=[], height=0.04, italic=False, languageStyle='LTR', name='intro_text2', opacity=1.0, ori=0, pos=array([0., 0.]), rgb=UNKNOWN, text=str(...), units='height', win=Window(...), wrapWidth=1)
13.7797 	EXP 	Created info_sheet_image = ImageStim(__class__=<class 'psychopy.visual.image.ImageStim'>, anchor=('center', 'center'), autoLog=True, color=array([1, 1, 1]), colorSpace='rgb', contrast=1.0, depth=-2.0, flipHoriz=False, flipVert=False, image='sin', interpolate=True, mask=None, maskParams=None, name='info_sheet_image', opacity=1.0, ori=0.0, pos=array([0. , 0.1]), size=array([1.05, 0.7 ]), texRes=512, units='height', win=Window(...))
13.7812 	EXP 	Created counter = TextStim(__class__=<class 'psychopy.visual.text.TextStim'>, alignHoriz=method-wrapper(...), alignText='center', alignVert=method-wrapper(...), anchorHoriz='center', anchorVert='center', antialias=True, autoDraw=False, autoLog=True, bold=False, color=array([1, 1, 1]), colorSpace='rgb', contrast=1.0, depth=-4.0, flipHoriz=False, flipVert=False, font='Arial', fontFiles=[], height=0.03, italic=False, languageStyle='LTR', name='counter', opacity=1.0, ori=0, pos=array([ 0.  , -0.29]), rgb=UNKNOWN, text='', units='height', win=Window(...), wrapWidth=1)
13.8096 	EXP 	Created move_text = TextStim(__class__=<class 'psychopy.visual.text.TextStim'>, alignHoriz=method-wrapper(...), alignText='center', alignVert=method-wrapper(...), anchorHoriz='center', anchorVert='center', antialias=True, autoDraw=False, autoLog=True, bold=False, color=array([1, 1, 1]), colorSpace='rgb', contrast=1.0, depth=-5.0, flipHoriz=False, flipVert=False, font='Arial', fontFiles=[], height=0.035, italic=False, languageStyle='LTR', name='move_text', opacity=1.0, ori=0, pos=array([ 0.  , -0.35]), rgb=UNKNOWN, text=str(...), units='height', win=Window(...), wrapWidth=1)
13.8375 	EXP 	Created info_sheet_next = TextStim(__class__=<class 'psychopy.visual.text.TextStim'>, alignHoriz=method-wrapper(...), alignText='center', alignVert=method-wrapper(...), anchorHoriz='center', anchorVert='center', antialias=True, autoDraw=False, autoLog=True, bold=False, color=array([1, 1, 1]), colorSpace='rgb', contrast=1.0, depth=-6.0, flipHoriz=False, flipVert=False, font='Arial', fontFiles=[], height=0.025, italic=False, languageStyle='LTR', name='info_sheet_next', opacity=1.0, ori=0, pos=array([ 0.  , -0.43]), rgb=UNKNOWN, text=str(...), units='height', win=Window(...), wrapWidth=1.1)
13.8496 	EXP 	Created study_title = TextStim(__class__=<class 'psychopy.visual.text.TextStim'>, alignHoriz=method-wrapper(...), alignText='center', alignVert=method-wrapper(...), anchorHoriz='center', anchorVert='center', antialias=True, autoDraw=False, autoLog=True, bold=False, color=array([1, 1, 1]), colorSpace='rgb', contrast=1.0, depth=0.0, flipHoriz=False, flipVert=False, font='Arial', fontFiles=[], height=0.029999999999999995, italic=False, languageStyle='LTR', name='study_title', opacity=1.0, ori=0, pos=array([0. , 0.4]), rgb=UNKNOWN, text='Decision-Making With Maps', units='height', win=Window(...), wrapWidth=1)
13.8506 	EXP 	Created item_text = TextStim(__class__=<class 'psychopy.visual.text.TextStim'>, alignHoriz=method-wrapper(...), alignText='center', alignVert=method-wrapper(...), anchorHoriz='center', anchorVert='center', antialias=True, autoDraw=False, autoLog=True, bold=False, color=array([1, 1, 1]), colorSpace='rgb', contrast=1.0, depth=-1.0, flipHoriz=False, flipVert=False, font='Arial', fontFiles=[], height=0.04, italic=False, languageStyle='LTR', name='item_text', opacity=1.0, ori=0, pos=array([0. , 0.1]), rgb=UNKNOWN, text='', units='height', win=Window(...), wrapWidth=1)
13.8935 	EXP 	Created keypress_instructions = TextStim(__class__=<class 'psychopy.visual.text.TextStim'>, alignHoriz=method-wrapper(...), alignText='center', alignVert=method-wrapper(...), anchorHoriz='center', anchorVert='center', antialias=True, autoDraw=False, autoLog=True, bold=False, color=array([1, 1, 1]), colorSpace='rgb', contrast=1.0, depth=-2.0, flipHoriz=False, flipVert=False, font='Arial', fontFiles=[], height=0.025, italic=False, languageStyle='LTR', name='keypress_instructions', opacity=1.0, ori=0, pos=array([ 0. , -0.3]), rgb=UNKNOWN, text=str(...), units='height', win=Window(...), wrapWidth=1)
13.9150 	EXP 	Created age = TextStim(__class__=<class 'psychopy.visual.text.TextStim'>, alignHoriz=method-wrapper(...), alignText='center', alignVert=method-wrapper(...), anchorHoriz='center', anchorVert='center', antialias=True, autoDraw=False, autoLog=True, bold=False, color=array([1, 1, 1]), colorSpace='rgb', contrast=1.0, depth=-1.0, flipHoriz=False, flipVert=False, font='Arial', fontFiles=[], height=0.029999999999999995, italic=False, languageStyle='LTR', name='age', opacity=1.0, ori=0.0, pos=array([0.  , 0.28]), rgb=UNKNOWN, text='Please enter your age (in years):', units='height', win=Window(...), wrapWidth=1)
13.9218 	EXP 	Created gender = TextStim(__class__=<class 'psychopy.visual.text.TextStim'>, alignHoriz=method-wrapper(...), alignText='center', alignVert=method-wrapper(...), anchorHoriz='center', anchorVert='center', antialias=True, autoDraw=False, autoLog=True, bold=False, color=array([1, 1, 1]), colorSpace='rgb', contrast=1.0, depth=-2.0, flipHoriz=False, flipVert=False, font='Arial', fontFiles=[], height=0.029999999999999995, italic=False, languageStyle='LTR', name='gender', opacity=1.0, ori=0.0, pos=array([0. , 0.1]), rgb=UNKNOWN, text='How would you describe your gender?', units='height', win=Window(...), wrapWidth=1)
13.9396 	EXP 	window1: mouseVisible = True
14.0849 	EXP 	Created genderResp1 = Slider(__class__=<class 'psychopy.visual.slider.Slider'>, autoDraw=False, autoLog=True, borderColor=None, color=None, colorSpace='rgb', depth=-3, fillColor=None, flip=True, font='Arial', granularity=1.0, labelColor=None, labelHeight=0.035, labelWrapWidth=None, labels=tuple(...), lineColor=None, markerColor=None, name='genderResp1', opacity=None, ori=0.0, pos=array([-0.19, -0.05]), readOnly=False, self=UNKNOWN, size=array([0.015, 0.15 ]), startValue=None, style='radio', styleTweaks=[], ticks=array([1, 2, 3, 4, 5]), units='height', win=Window(...))
14.0957 	EXP 	Created continue_box_2 = Rect(__class__=<class 'psychopy.visual.rect.Rect'>, anchor=('center', 'center'), autoDraw=False, autoLog=True, closeShape=True, color=method-wrapper(...), colorSpace='rgb', contrast=None, depth=-5.0, fillColor=array([-1, -1, -1]), fillColorSpace='rgb', fillRGB=array([-1, -1, -1]), interpolate=True, lineColor=array([1, 1, 1]), lineColorSpace='rgb', lineRGB=array([1, 1, 1]), lineWidth=1.0, name='continue_box_2', opacity=1.0, ori=0.0, pos=array([ 0. , -0.4]), size=array([0.17, 0.06]), units='height', vertices=ndarray(...), win=Window(...))
14.1031 	EXP 	Created continue_text_2 = TextStim(__class__=<class 'psychopy.visual.text.TextStim'>, alignHoriz=method-wrapper(...), alignText='center', alignVert=method-wrapper(...), anchorHoriz='center', anchorVert='center', antialias=True, autoDraw=False, autoLog=True, bold=False, color=array([1, 1, 1]), colorSpace='rgb', contrast=1.0, depth=-6.0, flipHoriz=False, flipVert=False, font='Arial', fontFiles=[], height=0.04, italic=False, languageStyle='LTR', name='continue_text_2', opacity=1.0, ori=0.0, pos=array([ 0. , -0.4]), rgb=UNKNOWN, text='Continue', units='height', win=Window(...), wrapWidth=1)
14.1032 	EXP 	window1: mouseVisible = True
14.1122 	EXP 	Created edu_text = TextStim(__class__=<class 'psychopy.visual.text.TextStim'>, alignHoriz=method-wrapper(...), alignText='center', alignVert=method-wrapper(...), anchorHoriz='center', anchorVert='center', antialias=True, autoDraw=False, autoLog=True, bold=False, color=array([-1, -1, -1]), colorSpace='rgb', contrast=1.0, depth=-1.0, flipHoriz=False, flipVert=False, font='Arial', fontFiles=[], height=0.029999999999999995, italic=False, languageStyle='LTR', name='edu_text', opacity=1.0, ori=0.0, pos=array([0. , 0.3]), rgb=UNKNOWN, text=str(...), units='height', win=Window(...), wrapWidth=1)
14.1154 	EXP 	window1: mouseVisible = True
14.3278 	EXP 	Created edu_slider = Slider(__class__=<class 'psychopy.visual.slider.Slider'>, autoDraw=False, autoLog=True, borderColor=None, color=None, colorSpace='rgb', depth=-2, fillColor=None, flip=False, font='Arial', granularity=1.0, labelColor=None, labelHeight=0.029999999999999995, labelWrapWidth=None, labels=list(...), lineColor=None, markerColor=None, name='edu_slider', opacity=None, ori=-0.0, pos=array([ 0.  , -0.05]), readOnly=False, self=UNKNOWN, size=array([0.03, 0.5 ]), startValue=None, style='radio', styleTweaks=[], ticks=array([1, 2, 3, 4, 5, 6, 7, 8]), units='height', win=Window(...))
14.3395 	EXP 	Created literacy_top = TextStim(__class__=<class 'psychopy.visual.text.TextStim'>, alignHoriz=method-wrapper(...), alignText='center', alignVert=method-wrapper(...), anchorHoriz='center', anchorVert='center', antialias=True, autoDraw=False, autoLog=True, bold=False, color=array([1, 1, 1]), colorSpace='rgb', contrast=1.0, depth=0.0, flipHoriz=False, flipVert=False, font='Arial', fontFiles=[], height=0.029999999999999995, italic=False, languageStyle='LTR', name='literacy_top', opacity=1.0, ori=0.0, pos=array([-0.7,  0.4]), rgb=UNKNOWN, text=str(...), units='height', win=Window(...), wrapWidth=1.3)
14.3567 	EXP 	Created questions_text = TextStim(__class__=<class 'psychopy.visual.text.TextStim'>, alignHoriz=method-wrapper(...), alignText='center', alignVert=method-wrapper(...), anchorHoriz='center', anchorVert='center', antialias=True, autoDraw=False, autoLog=True, bold=False, color=array([1, 1, 1]), colorSpace='rgb', contrast=1.0, depth=-1.0, flipHoriz=False, flipVert=False, font='Arial', fontFiles=[], height=0.029999999999999995, italic=False, languageStyle='LTR', name='questions_text', opacity=1.0, ori=0.0, pos=array([-0.7 , -0.05]), rgb=UNKNOWN, text=str(...), units='height', win=Window(...), wrapWidth=0.75)
14.3599 	EXP 	window1: mouseVisible = True
14.4254 	EXP 	Created q1_slider = Slider(__class__=<class 'psychopy.visual.slider.Slider'>, autoDraw=False, autoLog=True, borderColor=None, color=None, colorSpace='rgb', depth=-2, fillColor=None, flip=False, font='Arial', granularity=1.0, labelColor=None, labelHeight=0.022, labelWrapWidth=None, labels=['Not at \n all good', 'Extremely \n good'], lineColor=None, markerColor=None, name='q1_slider', opacity=None, ori=0.0, pos=array([0.39, 0.27]), readOnly=False, self=UNKNOWN, size=array([0.55, 0.03]), startValue=None, style='rating', styleTweaks=[], ticks=array([1, 2, 3, 4, 5, 6]), units='height', win=Window(...))
14.4285 	EXP 	window1: mouseVisible = True
14.4690 	EXP 	Created q2_slider = Slider(__class__=<class 'psychopy.visual.slider.Slider'>, autoDraw=False, autoLog=True, borderColor=None, color=None, colorSpace='rgb', depth=-3, fillColor=None, flip=False, font='Arial', granularity=1.0, labelColor=None, labelHeight=0.022, labelWrapWidth=None, labels=['Not at \n all good', 'Extremely \n good'], lineColor=None, markerColor=None, name='q2_slider', opacity=None, ori=0.0, pos=array([0.39, 0.13]), readOnly=False, self=UNKNOWN, size=array([0.55, 0.03]), startValue=None, style='rating', styleTweaks=[], ticks=array([1, 2, 3, 4, 5, 6]), units='height', win=Window(...))
14.4721 	EXP 	window1: mouseVisible = True
14.5134 	EXP 	Created q3_slider = Slider(__class__=<class 'psychopy.visual.slider.Slider'>, autoDraw=False, autoLog=True, borderColor=None, color=None, colorSpace='rgb', depth=-4, fillColor=None, flip=False, font='Arial', granularity=1.0, labelColor=None, labelHeight=0.022, labelWrapWidth=None, labels=['Not at \n all good', 'Extremely \n good'], lineColor=None, markerColor=None, name='q3_slider', opacity=None, ori=0.0, pos=array([ 0.39, -0.02]), readOnly=False, self=UNKNOWN, size=array([0.55, 0.03]), startValue=None, style='rating', styleTweaks=[], ticks=array([1, 2, 3, 4, 5, 6]), units='height', win=Window(...))
14.5165 	EXP 	window1: mouseVisible = True
14.5579 	EXP 	Created q4_slider = Slider(__class__=<class 'psychopy.visual.slider.Slider'>, autoDraw=False, autoLog=True, borderColor=None, color=None, colorSpace='rgb', depth=-5, fillColor=None, flip=False, font='Arial', granularity=1.0, labelColor=None, labelHeight=0.022, labelWrapWidth=None, labels=['Not at \n all good', 'Extremely \n good'], lineColor=None, markerColor=None, name='q4_slider', opacity=None, ori=0.0, pos=array([ 0.39, -0.16]), readOnly=False, self=UNKNOWN, size=array([0.55, 0.03]), startValue=None, style='rating', styleTweaks=[], ticks=array([1, 2, 3, 4, 5, 6]), units='height', win=Window(...))
14.5610 	EXP 	window1: mouseVisible = True
14.6019 	EXP 	Created q5_slider = Slider(__class__=<class 'psychopy.visual.slider.Slider'>, autoDraw=False, autoLog=True, borderColor=None, color=None, colorSpace='rgb', depth=-6, fillColor=None, flip=False, font='Arial', granularity=1.0, labelColor=None, labelHeight=0.022, labelWrapWidth=None, labels=['Not at \n all good', 'Extremely \n good'], lineColor=None, markerColor=None, name='q5_slider', opacity=None, ori=0.0, pos=array([ 0.39, -0.33]), readOnly=False, self=UNKNOWN, size=array([0.55, 0.03]), startValue=None, style='rating', styleTweaks=[], ticks=array([1, 2, 3, 4, 5, 6]), units='height', win=Window(...))
14.6028 	EXP 	Created slide_number = TextStim(__class__=<class 'psychopy.visual.text.TextStim'>, alignHoriz=method-wrapper(...), alignText='center', alignVert=method-wrapper(...), anchorHoriz='center', anchorVert='center', antialias=True, autoDraw=False, autoLog=True, bold=False, color=array([1, 1, 1]), colorSpace='rgb', contrast=1.0, depth=0.0, flipHoriz=False, flipVert=False, font='Arial', fontFiles=[], height=0.025, italic=False, languageStyle='LTR', name='slide_number', opacity=1.0, ori=0.0, pos=array([0. , 0.4]), rgb=UNKNOWN, text='', units='height', win=Window(...), wrapWidth=1)
14.6037 	EXP 	Created instruction_text = TextStim(__class__=<class 'psychopy.visual.text.TextStim'>, alignHoriz=method-wrapper(...), alignText='center', alignVert=method-wrapper(...), anchorHoriz='center', anchorVert='center', antialias=True, autoDraw=False, autoLog=True, bold=False, color=array([1, 1, 1]), colorSpace='rgb', contrast=1.0, depth=-1.0, flipHoriz=False, flipVert=False, font='Arial', fontFiles=[], height=0.04, italic=False, languageStyle='LTR', name='instruction_text', opacity=1.0, ori=0.0, pos=array([0.  , 0.29]), rgb=UNKNOWN, text='', units='height', win=Window(...), wrapWidth=1)
14.6084 	EXP 	Created spacebar_3 = TextStim(__class__=<class 'psychopy.visual.text.TextStim'>, alignHoriz=method-wrapper(...), alignText='center', alignVert=method-wrapper(...), anchorHoriz='center', anchorVert='center', antialias=True, autoDraw=False, autoLog=True, bold=False, color=array([1, 1, 1]), colorSpace='rgb', contrast=1.0, depth=-2.0, flipHoriz=False, flipVert=False, font='Arial', fontFiles=[], height=0.025, italic=False, languageStyle='LTR', name='spacebar_3', opacity=1.0, ori=0.0, pos=array([ 0.  , -0.44]), rgb=UNKNOWN, text=str(...), units='height', win=Window(...), wrapWidth=1)
15.0292 	EXP 	Created instruction_image = ImageStim(__class__=<class 'psychopy.visual.image.ImageStim'>, anchor=('center', 'center'), autoLog=True, color=array([1, 1, 1]), colorSpace='rgb', contrast=1.0, depth=-3.0, flipHoriz=False, flipVert=False, image='map_generator/maps/AC50_trunc_label.png', interpolate=True, mask=None, maskParams=None, name='instruction_image', opacity=1.0, ori=0.0, pos=array([ 0.   , -0.075]), size=array([0.375, 0.375]), texRes=128.0, units='height', win=Window(...))
15.0366 	EXP 	Created EXsentence1 = TextStim(__class__=<class 'psychopy.visual.text.TextStim'>, alignHoriz=method-wrapper(...), alignText='center', alignVert=method-wrapper(...), anchorHoriz='center', anchorVert='center', antialias=True, autoDraw=False, autoLog=True, bold=False, color=array([0.65490196, 0.65490196, 0.65490196]), colorSpace='rgb', contrast=1.0, depth=-4.0, flipHoriz=False, flipVert=False, font='Arial', fontFiles=[], height=0.029999999999999995, italic=False, languageStyle='LTR', name='EXsentence1', opacity=1.0, ori=0.0, pos=array([0.  , 0.14]), rgb=UNKNOWN, text=str(...), units='height', win=Window(...), wrapWidth=1.4)
15.0423 	EXP 	Created question_text_2 = TextStim(__class__=<class 'psychopy.visual.text.TextStim'>, alignHoriz=method-wrapper(...), alignText='center', alignVert=method-wrapper(...), anchorHoriz='center', anchorVert='center', antialias=True, autoDraw=False, autoLog=True, bold=False, color=array([0.65490196, 0.65490196, 0.65490196]), colorSpace='rgb', contrast=1.0, depth=-6.0, flipHoriz=False, flipVert=False, font='Arial', fontFiles=[], height=0.029999999999999995, italic=False, languageStyle='LTR', name='question_text_2', opacity=1.0, ori=0.0, pos=array([ 0.  , -0.29]), rgb=UNKNOWN, text=str(...), units='height', win=Window(...), wrapWidth=1)
15.0442 	EXP 	Created triangle = ShapeStim(__class__=<class 'psychopy.visual.shape.ShapeStim'>, anchor=('center', 'center'), autoDraw=False, autoLog=True, closeShape=True, color=method-wrapper(...), colorSpace='rgb', contrast=None, depth=-7.0, fillColor=array([1, 1, 1]), fillColorSpace='rgb', fillRGB=array([1, 1, 1]), interpolate=True, lineColor=array([1, 1, 1]), lineColorSpace='rgb', lineRGB=array([1, 1, 1]), lineWidth=1.0, name='triangle', opacity=1.0, ori=180.0, pos=array([0., 0.]), size=array([0.06, 0.03]), units='height', vertices=ndarray(...), win=Window(...), windingRule=None)
15.0858 	EXP 	Created slider_image = ImageStim(__class__=<class 'psychopy.visual.image.ImageStim'>, anchor=('center', 'center'), autoLog=True, color=array([1, 1, 1]), colorSpace='rgb', contrast=1.0, depth=-8.0, flipHoriz=False, flipVert=False, image='slider.png', interpolate=True, mask=None, maskParams=None, name='slider_image', opacity=1.0, ori=0.0, pos=array([ 0.  , -0.37]), size=array([0.74, 0.11]), texRes=128.0, units='height', win=Window(...))
15.0909 	EXP 	Created arrow = TextStim(__class__=<class 'psychopy.visual.text.TextStim'>, alignHoriz=method-wrapper(...), alignText='center', alignVert=method-wrapper(...), anchorHoriz='center', anchorVert='center', antialias=True, autoDraw=False, autoLog=True, bold=False, color=array([1, 1, 1]), colorSpace='rgb', contrast=1.0, depth=-9.0, flipHoriz=False, flipVert=False, font='Arial', fontFiles=[], height=0.1, italic=False, languageStyle='LTR', name='arrow', opacity=1.0, ori=0.0, pos=array([0., 0.]), rgb=UNKNOWN, text='→', units='height', win=Window(...), wrapWidth=1)
15.0918 	EXP 	Created sentence_text = TextStim(__class__=<class 'psychopy.visual.text.TextStim'>, alignHoriz=method-wrapper(...), alignText='center', alignVert=method-wrapper(...), anchorHoriz='center', anchorVert='center', antialias=True, autoDraw=False, autoLog=True, bold=False, color=array([1, 1, 1]), colorSpace='rgb', contrast=1.0, depth=-1.0, flipHoriz=False, flipVert=False, font='Arial', fontFiles=[], height=0.03, italic=False, languageStyle='LTR', name='sentence_text', opacity=1.0, ori=0.0, pos=array([0.  , 0.39]), rgb=UNKNOWN, text='', units='height', win=Window(...), wrapWidth=1.2)
15.0977 	EXP 	Created image = ImageStim(__class__=<class 'psychopy.visual.image.ImageStim'>, anchor=('center', 'center'), autoLog=True, color=array([1, 1, 1]), colorSpace='rgb', contrast=1.0, depth=-2.0, flipHoriz=False, flipVert=False, image='sin', interpolate=True, mask=None, maskParams=None, name='image', opacity=1.0, ori=0.0, pos=array([0.  , 0.06]), size=array([0.6, 0.6]), texRes=128.0, units='height', win=Window(...))
15.0987 	EXP 	Created question_text = TextStim(__class__=<class 'psychopy.visual.text.TextStim'>, alignHoriz=method-wrapper(...), alignText='center', alignVert=method-wrapper(...), anchorHoriz='center', anchorVert='center', antialias=True, autoDraw=False, autoLog=True, bold=False, color=array([1, 1, 1]), colorSpace='rgb', contrast=1.0, depth=-3.0, flipHoriz=False, flipVert=False, font='Arial', fontFiles=[], height=0.03, italic=False, languageStyle='LTR', name='question_text', opacity=1.0, ori=0.0, pos=array([ 0.  , -0.29]), rgb=UNKNOWN, text='', units='height', win=Window(...), wrapWidth=1)
15.1019 	EXP 	window1: mouseVisible = True
15.1482 	EXP 	Created slider = Slider(__class__=<class 'psychopy.visual.slider.Slider'>, autoDraw=False, autoLog=True, borderColor=None, color=None, colorSpace='rgb', depth=-4, fillColor=None, flip=False, font='Arial', granularity=None, labelColor=None, labelHeight=0.029999999999999995, labelWrapWidth=None, labels=('Not very urgently', 'Very urgently'), lineColor=None, markerColor=None, name='slider', opacity=None, ori=0.0, pos=array([ 0.  , -0.35]), readOnly=False, self=UNKNOWN, size=array([0.5 , 0.04]), startValue=None, style='rating', styleTweaks=['triangleMarker'], ticks=array([1, 2]), units='height', win=Window(...))
15.1493 	EXP 	Created trial_counter_text = TextStim(__class__=<class 'psychopy.visual.text.TextStim'>, alignHoriz=method-wrapper(...), alignText='center', alignVert=method-wrapper(...), anchorHoriz='center', anchorVert='center', antialias=True, autoDraw=False, autoLog=True, bold=False, color=array([1, 1, 1]), colorSpace='rgb', contrast=1.0, depth=-7.0, flipHoriz=False, flipVert=False, font='Arial', fontFiles=[], height=0.025, italic=False, languageStyle='LTR', name='trial_counter_text', opacity=1.0, ori=0, pos=array([0.5 , 0.43]), rgb=UNKNOWN, text='', units='height', win=Window(...), wrapWidth=1)
15.1705 	EXP 	Created spacebar_text = TextStim(__class__=<class 'psychopy.visual.text.TextStim'>, alignHoriz=method-wrapper(...), alignText='center', alignVert=method-wrapper(...), anchorHoriz='center', anchorVert='center', antialias=True, autoDraw=False, autoLog=True, bold=False, color=array([1, 1, 1]), colorSpace='rgb', contrast=1.0, depth=-8.0, flipHoriz=False, flipVert=False, font='Arial', fontFiles=[], height=0.02, italic=False, languageStyle='LTR', name='spacebar_text', opacity=1.0, ori=0.0, pos=array([ 0.  , -0.44]), rgb=UNKNOWN, text=str(...), units='height', win=Window(...), wrapWidth=1)
15.2030 	EXP 	Created debrief_text = TextStim(__class__=<class 'psychopy.visual.text.TextStim'>, alignHoriz=method-wrapper(...), alignText='center', alignVert=method-wrapper(...), anchorHoriz='center', anchorVert='center', antialias=True, autoDraw=False, autoLog=True, bold=False, color=array([1, 1, 1]), colorSpace='rgb', contrast=1.0, depth=0.0, flipHoriz=False, flipVert=False, font='Arial', fontFiles=[], height=0.04, italic=False, languageStyle='LTR', name='debrief_text', opacity=1.0, ori=0.0, pos=array([-0.5,  0. ]), rgb=UNKNOWN, text=str(...), units='height', win=Window(...), wrapWidth=1)
15.2135 	EXP 	Created spacebar_debrief = TextStim(__class__=<class 'psychopy.visual.text.TextStim'>, alignHoriz=method-wrapper(...), alignText='center', alignVert=method-wrapper(...), anchorHoriz='center', anchorVert='center', antialias=True, autoDraw=False, autoLog=True, bold=False, color=array([1, 1, 1]), colorSpace='rgb', contrast=1.0, depth=-2.0, flipHoriz=False, flipVert=False, font='Arial', fontFiles=[], height=0.025, italic=False, languageStyle='LTR', name='spacebar_debrief', opacity=1.0, ori=0, pos=array([ 0.  , -0.35]), rgb=UNKNOWN, text='Press the spacebar to continue.', units='height', win=Window(...), wrapWidth=1)
15.2228 	EXP 	window1: mouseVisible = True
15.2247 	EXP 	Created continue_box = Rect(__class__=<class 'psychopy.visual.rect.Rect'>, anchor=('center', 'center'), autoDraw=False, autoLog=True, closeShape=True, color=method-wrapper(...), colorSpace='rgb', contrast=None, depth=-2.0, fillColor=array([-1, -1, -1]), fillColorSpace='rgb', fillRGB=array([-1, -1, -1]), interpolate=True, lineColor=array([1, 1, 1]), lineColorSpace='rgb', lineRGB=array([1, 1, 1]), lineWidth=1.0, name='continue_box', opacity=1.0, ori=0.0, pos=array([ 0. , -0.4]), size=array([0.17, 0.06]), units='height', vertices=ndarray(...), win=Window(...))
15.2278 	EXP 	Created continue_text = TextStim(__class__=<class 'psychopy.visual.text.TextStim'>, alignHoriz=method-wrapper(...), alignText='center', alignVert=method-wrapper(...), anchorHoriz='center', anchorVert='center', antialias=True, autoDraw=False, autoLog=True, bold=False, color=array([1, 1, 1]), colorSpace='rgb', contrast=1.0, depth=-3.0, flipHoriz=False, flipVert=False, font='Arial', fontFiles=[], height=0.04, italic=False, languageStyle='LTR', name='continue_text', opacity=1.0, ori=0.0, pos=array([ 0. , -0.4]), rgb=UNKNOWN, text='Continue', units='height', win=Window(...), wrapWidth=1)
15.2541 	EXP 	Created comment_instructions = TextStim(__class__=<class 'psychopy.visual.text.TextStim'>, alignHoriz=method-wrapper(...), alignText='center', alignVert=method-wrapper(...), anchorHoriz='center', anchorVert='center', antialias=True, autoDraw=False, autoLog=True, bold=False, color=array([1, 1, 1]), colorSpace='rgb', contrast=1.0, depth=-5.0, flipHoriz=False, flipVert=False, font='Arial', fontFiles=[], height=0.05, italic=False, languageStyle='LTR', name='comment_instructions', opacity=1.0, ori=0.0, pos=array([0.  , 0.35]), rgb=UNKNOWN, text=str(...), units='height', win=Window(...), wrapWidth=1)
15.2704 	EXP 	Created final_text = TextStim(__class__=<class 'psychopy.visual.text.TextStim'>, alignHoriz=method-wrapper(...), alignText='center', alignVert=method-wrapper(...), anchorHoriz='center', anchorVert='center', antialias=True, autoDraw=False, autoLog=True, bold=False, color=array([1, 1, 1]), colorSpace='rgb', contrast=1.0, depth=0.0, flipHoriz=False, flipVert=False, font='Arial', fontFiles=[], height=0.05, italic=False, languageStyle='LTR', name='final_text', opacity=1.0, ori=0, pos=array([0., 0.]), rgb=UNKNOWN, text=str(...), units='height', win=Window(...), wrapWidth=1)
15.2951 	DATA 	Keypress: space
15.3175 	WARNING 	t of last frame was 4459.23ms (=1/0)
15.3175 	EXP 	ageResp: autoLog = True
15.3175 	EXP 	genderResp1: autoLog = True
15.3175 	EXP 	genderResp1: markerPos = None
15.3175 	EXP 	genderResp1: styleTweaks = []
15.3175 	EXP 	genderResp1: styleTweaks = []
15.3175 	EXP 	genderResp1: styleTweaks = []
15.3175 	EXP 	genderResp1: styleTweaks = []
15.3175 	EXP 	genderResp1: contrast = 1.0
15.3175 	EXP 	genderResp1: autoLog = True
15.3175 	EXP 	genderResp2: autoLog = True
15.3175 	EXP 	edu_slider: autoLog = True
15.3175 	EXP 	edu_slider: markerPos = None
15.3175 	EXP 	edu_slider: styleTweaks = []
15.3175 	EXP 	edu_slider: styleTweaks = []
15.3175 	EXP 	edu_slider: styleTweaks = []
15.3175 	EXP 	edu_slider: styleTweaks = []
15.3175 	EXP 	edu_slider: contrast = 1.0
15.3175 	EXP 	edu_slider: autoLog = True
15.3175 	EXP 	q1_slider: autoLog = True
15.3175 	EXP 	q1_slider: markerPos = None
15.3175 	EXP 	q1_slider: styleTweaks = []
15.3175 	EXP 	q1_slider: styleTweaks = []
15.3175 	EXP 	q1_slider: styleTweaks = []
15.3175 	EXP 	q1_slider: styleTweaks = []
15.3175 	EXP 	q1_slider: contrast = 1.0
15.3175 	EXP 	q1_slider: autoLog = True
15.3175 	EXP 	q2_slider: autoLog = True
15.3175 	EXP 	q2_slider: markerPos = None
15.3175 	EXP 	q2_slider: styleTweaks = []
15.3175 	EXP 	q2_slider: styleTweaks = []
15.3175 	EXP 	q2_slider: styleTweaks = []
15.3175 	EXP 	q2_slider: styleTweaks = []
15.3175 	EXP 	q2_slider: contrast = 1.0
15.3175 	EXP 	q2_slider: autoLog = True
15.3175 	EXP 	q3_slider: autoLog = True
15.3175 	EXP 	q3_slider: markerPos = None
15.3175 	EXP 	q3_slider: styleTweaks = []
15.3175 	EXP 	q3_slider: styleTweaks = []
15.3175 	EXP 	q3_slider: styleTweaks = []
15.3175 	EXP 	q3_slider: styleTweaks = []
15.3175 	EXP 	q3_slider: contrast = 1.0
15.3175 	EXP 	q3_slider: autoLog = True
15.3175 	EXP 	q4_slider: autoLog = True
15.3175 	EXP 	q4_slider: markerPos = None
15.3175 	EXP 	q4_slider: styleTweaks = []
15.3175 	EXP 	q4_slider: styleTweaks = []
15.3175 	EXP 	q4_slider: styleTweaks = []
15.3175 	EXP 	q4_slider: styleTweaks = []
15.3175 	EXP 	q4_slider: contrast = 1.0
15.3175 	EXP 	q4_slider: autoLog = True
15.3175 	EXP 	q5_slider: autoLog = True
15.3175 	EXP 	q5_slider: markerPos = None
15.3175 	EXP 	q5_slider: styleTweaks = []
15.3175 	EXP 	q5_slider: styleTweaks = []
15.3175 	EXP 	q5_slider: styleTweaks = []
15.3175 	EXP 	q5_slider: styleTweaks = []
15.3175 	EXP 	q5_slider: contrast = 1.0
15.3175 	EXP 	q5_slider: autoLog = True
15.3175 	EXP 	slider: autoLog = True
15.3175 	EXP 	slider: markerPos = None
15.3175 	EXP 	slider: styleTweaks = []
15.3175 	EXP 	slider: styleTweaks = []
15.3175 	EXP 	slider: styleTweaks = ['triangleMarker']
15.3175 	EXP 	slider: styleTweaks = ['triangleMarker']
15.3175 	EXP 	slider: contrast = 1.0
15.3175 	EXP 	slider: autoLog = True
15.3175 	EXP 	textbox: autoLog = True
15.3175 	EXP 	text_3: autoDraw = True
17.0625 	DATA 	Keypress: space
18.9779 	WARNING 	t of last frame was 21.08ms (=1/47)
19.8087 	DATA 	Keypress: right
19.8122 	WARNING 	t of last frame was 22.66ms (=1/44)
21.4418 	DATA 	Mouse: Left button down, pos=(847,224)
21.5751 	DATA 	Mouse:  Left button up, pos=(847,224)
22.3746 	DATA 	Mouse: wheel shift=(0,0), pos=(858,380)
22.3750 	DATA 	Mouse: wheel shift=(0,0), pos=(858,380)
22.3755 	DATA 	Mouse: wheel shift=(0,0), pos=(858,380)
22.3919 	DATA 	Mouse: wheel shift=(0,0), pos=(858,380)
22.4088 	DATA 	Mouse: wheel shift=(0,0), pos=(858,380)
22.4437 	DATA 	Mouse: wheel shift=(0,0), pos=(858,380)
22.4585 	DATA 	Mouse: wheel shift=(0,0), pos=(858,380)
22.4754 	DATA 	Mouse: wheel shift=(0,0), pos=(858,380)
22.4919 	DATA 	Mouse: wheel shift=(0,0), pos=(858,380)
22.5267 	DATA 	Mouse: wheel shift=(0,0), pos=(858,380)
22.5419 	DATA 	Mouse: wheel shift=(0,0), pos=(858,380)
22.5767 	DATA 	Mouse: wheel shift=(0,0), pos=(858,380)
22.6751 	DATA 	Mouse: wheel shift=(0,0), pos=(858,380)
30.2764 	DATA 	Keypress: escape
31.4415 	EXP 	window1: mouseVisible = True
